{"C:\\ks\\workspace\\photo_manegement\\frontend\\src\\app\\page.tsx": {"path":"C:\\ks\\workspace\\photo_manegement\\frontend\\src\\app\\page.tsx","statementMap":{"0":{"start":{"line":1,"column":24},"end":{"line":1,"column":null}}},"fnMap":{"0":{"name":"Home","decl":{"start":{"line":1,"column":24},"end":{"line":1,"column":null}},"loc":{"start":{"line":1,"column":24},"end":{"line":55,"column":null}}}},"branchMap":{},"s":{"0":3},"f":{"0":3},"b":{}}
,"C:\\ks\\workspace\\photo_manegement\\frontend\\src\\components\\upload\\DragDropZone.tsx": {"path":"C:\\ks\\workspace\\photo_manegement\\frontend\\src\\components\\upload\\DragDropZone.tsx","statementMap":{"0":{"start":{"line":14,"column":13},"end":{"line":14,"column":51}},"1":{"start":{"line":1,"column":66},"end":{"line":1,"column":null}},"2":{"start":{"line":14,"column":51},"end":{"line":119,"column":null}},"3":{"start":{"line":18,"column":38},"end":{"line":18,"column":null}},"4":{"start":{"line":20,"column":26},"end":{"line":24,"column":null}},"5":{"start":{"line":21,"column":4},"end":{"line":21,"column":null}},"6":{"start":{"line":22,"column":4},"end":{"line":22,"column":null}},"7":{"start":{"line":23,"column":4},"end":{"line":23,"column":null}},"8":{"start":{"line":26,"column":26},"end":{"line":30,"column":null}},"9":{"start":{"line":27,"column":4},"end":{"line":27,"column":null}},"10":{"start":{"line":28,"column":4},"end":{"line":28,"column":null}},"11":{"start":{"line":29,"column":4},"end":{"line":29,"column":null}},"12":{"start":{"line":32,"column":25},"end":{"line":35,"column":null}},"13":{"start":{"line":33,"column":4},"end":{"line":33,"column":null}},"14":{"start":{"line":34,"column":4},"end":{"line":34,"column":null}},"15":{"start":{"line":37,"column":21},"end":{"line":47,"column":null}},"16":{"start":{"line":39,"column":6},"end":{"line":39,"column":null}},"17":{"start":{"line":40,"column":6},"end":{"line":40,"column":null}},"18":{"start":{"line":41,"column":6},"end":{"line":41,"column":null}},"19":{"start":{"line":43,"column":20},"end":{"line":43,"column":null}},"20":{"start":{"line":44,"column":27},"end":{"line":44,"column":null}},"21":{"start":{"line":45,"column":6},"end":{"line":45,"column":null}},"22":{"start":{"line":50,"column":26},"end":{"line":56,"column":null}},"23":{"start":{"line":52,"column":20},"end":{"line":52,"column":68}},"24":{"start":{"line":53,"column":27},"end":{"line":53,"column":null}},"25":{"start":{"line":54,"column":6},"end":{"line":54,"column":null}}},"fnMap":{"0":{"name":"(anonymous_1)","decl":{"start":{"line":14,"column":51},"end":{"line":14,"column":52}},"loc":{"start":{"line":17,"column":1},"end":{"line":119,"column":null}}},"1":{"name":"(anonymous_2)","decl":{"start":{"line":20,"column":38},"end":{"line":20,"column":39}},"loc":{"start":{"line":20,"column":39},"end":{"line":24,"column":5}}},"2":{"name":"(anonymous_3)","decl":{"start":{"line":26,"column":38},"end":{"line":26,"column":39}},"loc":{"start":{"line":26,"column":39},"end":{"line":30,"column":5}}},"3":{"name":"(anonymous_4)","decl":{"start":{"line":32,"column":37},"end":{"line":32,"column":38}},"loc":{"start":{"line":32,"column":38},"end":{"line":35,"column":5}}},"4":{"name":"(anonymous_5)","decl":{"start":{"line":38,"column":4},"end":{"line":38,"column":5}},"loc":{"start":{"line":38,"column":5},"end":{"line":46,"column":null}}},"5":{"name":"(anonymous_6)","decl":{"start":{"line":51,"column":4},"end":{"line":51,"column":5}},"loc":{"start":{"line":51,"column":5},"end":{"line":55,"column":null}}}},"branchMap":{"0":{"loc":{"start":{"line":44,"column":27},"end":{"line":44,"column":null}},"type":"cond-expr","locations":[{"start":{"line":44,"column":38},"end":{"line":44,"column":65}},{"start":{"line":44,"column":65},"end":{"line":44,"column":null}}]},"1":{"loc":{"start":{"line":52,"column":20},"end":{"line":52,"column":68}},"type":"cond-expr","locations":[{"start":{"line":52,"column":37},"end":{"line":52,"column":66}},{"start":{"line":52,"column":66},"end":{"line":52,"column":68}}]},"2":{"loc":{"start":{"line":53,"column":27},"end":{"line":53,"column":null}},"type":"cond-expr","locations":[{"start":{"line":53,"column":38},"end":{"line":53,"column":65}},{"start":{"line":53,"column":65},"end":{"line":53,"column":null}}]},"3":{"loc":{"start":{"line":79,"column":10},"end":{"line":79,"column":89}},"type":"cond-expr","locations":[{"start":{"line":79,"column":23},"end":{"line":79,"column":60}},{"start":{"line":79,"column":60},"end":{"line":79,"column":89}}]},"4":{"loc":{"start":{"line":113,"column":9},"end":{"line":113,"column":null}},"type":"binary-expr","locations":[{"start":{"line":113,"column":9},"end":{"line":113,"column":null}}]}},"s":{"0":6,"1":1,"2":1,"3":8,"4":8,"5":1,"6":1,"7":1,"8":8,"9":1,"10":1,"11":1,"12":8,"13":0,"14":0,"15":8,"16":0,"17":0,"18":0,"19":0,"20":0,"21":0,"22":8,"23":2,"24":2,"25":2},"f":{"0":8,"1":1,"2":1,"3":0,"4":0,"5":2},"b":{"0":[0,0],"1":[2,0],"2":[0,2],"3":[1,7],"4":[8]}}
,"C:\\ks\\workspace\\photo_manegement\\frontend\\src\\lib\\fileValidator.ts": {"path":"C:\\ks\\workspace\\photo_manegement\\frontend\\src\\lib\\fileValidator.ts","statementMap":{"0":{"start":{"line":107,"column":16},"end":{"line":107,"column":32}},"1":{"start":{"line":97,"column":16},"end":{"line":97,"column":29}},"2":{"start":{"line":37,"column":16},"end":{"line":37,"column":28}},"3":{"start":{"line":79,"column":16},"end":{"line":79,"column":29}},"4":{"start":{"line":6,"column":12},"end":{"line":6,"column":null}},"5":{"start":{"line":25,"column":71},"end":{"line":28,"column":null}},"6":{"start":{"line":41,"column":15},"end":{"line":41,"column":null}},"7":{"start":{"line":42,"column":36},"end":{"line":42,"column":38}},"8":{"start":{"line":45,"column":2},"end":{"line":47,"column":null}},"9":{"start":{"line":46,"column":4},"end":{"line":46,"column":null}},"10":{"start":{"line":50,"column":2},"end":{"line":52,"column":null}},"11":{"start":{"line":51,"column":4},"end":{"line":51,"column":null}},"12":{"start":{"line":55,"column":2},"end":{"line":57,"column":null}},"13":{"start":{"line":56,"column":4},"end":{"line":56,"column":null}},"14":{"start":{"line":60,"column":28},"end":{"line":60,"column":null}},"15":{"start":{"line":61,"column":2},"end":{"line":63,"column":null}},"16":{"start":{"line":62,"column":4},"end":{"line":62,"column":null}},"17":{"start":{"line":65,"column":2},"end":{"line":69,"column":null}},"18":{"start":{"line":84,"column":26},"end":{"line":86,"column":null}},"19":{"start":{"line":88,"column":2},"end":{"line":88,"column":null}},"20":{"start":{"line":88,"column":39},"end":{"line":88,"column":null}},"21":{"start":{"line":98,"column":2},"end":{"line":98,"column":null}},"22":{"start":{"line":98,"column":36},"end":{"line":98,"column":50}},"23":{"start":{"line":98,"column":68},"end":{"line":98,"column":79}},"24":{"start":{"line":108,"column":2},"end":{"line":111,"column":null}},"25":{"start":{"line":109,"column":24},"end":{"line":109,"column":39}},"26":{"start":{"line":111,"column":6},"end":{"line":111,"column":null}},"27":{"start":{"line":111,"column":35},"end":{"line":111,"column":66}}},"fnMap":{"0":{"name":"(anonymous_6)","decl":{"start":{"line":6,"column":12},"end":{"line":6,"column":null}},"loc":{"start":{"line":6,"column":12},"end":{"line":6,"column":null}}},"1":{"name":"validateFile","decl":{"start":{"line":37,"column":16},"end":{"line":37,"column":28}},"loc":{"start":{"line":39,"column":33},"end":{"line":70,"column":null}}},"2":{"name":"validateFiles","decl":{"start":{"line":79,"column":16},"end":{"line":79,"column":29}},"loc":{"start":{"line":81,"column":33},"end":{"line":89,"column":null}}},"3":{"name":"(anonymous_9)","decl":{"start":{"line":88,"column":29},"end":{"line":88,"column":30}},"loc":{"start":{"line":88,"column":39},"end":{"line":88,"column":null}}},"4":{"name":"getValidFiles","decl":{"start":{"line":97,"column":16},"end":{"line":97,"column":29}},"loc":{"start":{"line":97,"column":57},"end":{"line":99,"column":null}}},"5":{"name":"(anonymous_11)","decl":{"start":{"line":98,"column":24},"end":{"line":98,"column":25}},"loc":{"start":{"line":98,"column":36},"end":{"line":98,"column":50}}},"6":{"name":"(anonymous_12)","decl":{"start":{"line":98,"column":56},"end":{"line":98,"column":57}},"loc":{"start":{"line":98,"column":68},"end":{"line":98,"column":79}}},"7":{"name":"getErrorMessages","decl":{"start":{"line":107,"column":16},"end":{"line":107,"column":32}},"loc":{"start":{"line":107,"column":60},"end":{"line":113,"column":null}}},"8":{"name":"(anonymous_14)","decl":{"start":{"line":109,"column":12},"end":{"line":109,"column":13}},"loc":{"start":{"line":109,"column":24},"end":{"line":109,"column":39}}},"9":{"name":"(anonymous_15)","decl":{"start":{"line":110,"column":13},"end":{"line":110,"column":14}},"loc":{"start":{"line":111,"column":6},"end":{"line":111,"column":null}}},"10":{"name":"(anonymous_16)","decl":{"start":{"line":111,"column":24},"end":{"line":111,"column":25}},"loc":{"start":{"line":111,"column":35},"end":{"line":111,"column":66}}}},"branchMap":{"0":{"loc":{"start":{"line":6,"column":12},"end":{"line":6,"column":null}},"type":"binary-expr","locations":[{"start":{"line":6,"column":12},"end":{"line":6,"column":null}},{"start":{"line":6,"column":12},"end":{"line":6,"column":null}}]},"1":{"loc":{"start":{"line":39,"column":2},"end":{"line":39,"column":33}},"type":"default-arg","locations":[{"start":{"line":39,"column":31},"end":{"line":39,"column":33}}]},"2":{"loc":{"start":{"line":45,"column":2},"end":{"line":47,"column":null}},"type":"if","locations":[{"start":{"line":45,"column":2},"end":{"line":47,"column":null}}]},"3":{"loc":{"start":{"line":50,"column":2},"end":{"line":52,"column":null}},"type":"if","locations":[{"start":{"line":50,"column":2},"end":{"line":52,"column":null}}]},"4":{"loc":{"start":{"line":55,"column":2},"end":{"line":57,"column":null}},"type":"if","locations":[{"start":{"line":55,"column":2},"end":{"line":57,"column":null}}]},"5":{"loc":{"start":{"line":61,"column":2},"end":{"line":63,"column":null}},"type":"if","locations":[{"start":{"line":61,"column":2},"end":{"line":63,"column":null}}]},"6":{"loc":{"start":{"line":81,"column":2},"end":{"line":81,"column":33}},"type":"default-arg","locations":[{"start":{"line":81,"column":31},"end":{"line":81,"column":33}}]},"7":{"loc":{"start":{"line":84,"column":26},"end":{"line":86,"column":null}},"type":"cond-expr","locations":[{"start":{"line":85,"column":6},"end":{"line":85,"column":null}},{"start":{"line":86,"column":6},"end":{"line":86,"column":null}}]}},"s":{"0":0,"1":0,"2":7,"3":3,"4":1,"5":1,"6":21,"7":21,"8":21,"9":3,"10":21,"11":2,"12":21,"13":1,"14":21,"15":21,"16":1,"17":21,"18":3,"19":3,"20":14,"21":0,"22":0,"23":0,"24":0,"25":0,"26":0,"27":0},"f":{"0":1,"1":21,"2":3,"3":14,"4":0,"5":0,"6":0,"7":0,"8":0,"9":0,"10":0},"b":{"0":[1,1],"1":[5],"2":[3],"3":[2],"4":[1],"5":[1],"6":[2],"7":[1,2]}}
}
