{"C:\\ks\\workspace\\photo_manegement\\frontend\\src\\app\\layout.tsx": {"path":"C:\\ks\\workspace\\photo_manegement\\frontend\\src\\app\\layout.tsx","statementMap":{"0":{"start":{"line":17,"column":24},"end":{"line":17,"column":35}},"1":{"start":{"line":11,"column":13},"end":{"line":11,"column":21}},"2":{"start":{"line":2,"column":22},"end":{"line":2,"column":null}},"3":{"start":{"line":3,"column":7},"end":{"line":3,"column":null}},"4":{"start":{"line":4,"column":29},"end":{"line":4,"column":null}},"5":{"start":{"line":5,"column":30},"end":{"line":5,"column":null}},"6":{"start":{"line":6,"column":34},"end":{"line":6,"column":null}},"7":{"start":{"line":7,"column":30},"end":{"line":7,"column":null}},"8":{"start":{"line":9,"column":14},"end":{"line":9,"column":null}},"9":{"start":{"line":11,"column":34},"end":{"line":15,"column":null}}},"fnMap":{"0":{"name":"RootLayout","decl":{"start":{"line":17,"column":24},"end":{"line":17,"column":35}},"loc":{"start":{"line":21,"column":2},"end":{"line":36,"column":1}}}},"branchMap":{},"s":{"0":0,"1":0,"2":0,"3":0,"4":0,"5":0,"6":0,"7":0,"8":0,"9":0},"f":{"0":0},"b":{}}
,"C:\\ks\\workspace\\photo_manegement\\frontend\\src\\app\\page.tsx": {"path":"C:\\ks\\workspace\\photo_manegement\\frontend\\src\\app\\page.tsx","statementMap":{"0":{"start":{"line":1,"column":24},"end":{"line":1,"column":null}}},"fnMap":{"0":{"name":"Home","decl":{"start":{"line":1,"column":24},"end":{"line":1,"column":null}},"loc":{"start":{"line":1,"column":24},"end":{"line":55,"column":null}}}},"branchMap":{},"s":{"0":3},"f":{"0":3},"b":{}}
,"C:\\ks\\workspace\\photo_manegement\\frontend\\src\\app\\duplicates\\page.tsx": {"path":"C:\\ks\\workspace\\photo_manegement\\frontend\\src\\app\\duplicates\\page.tsx","statementMap":{"0":{"start":{"line":13,"column":24},"end":{"line":13,"column":null}},"1":{"start":{"line":7,"column":25},"end":{"line":7,"column":null}},"2":{"start":{"line":11,"column":7},"end":{"line":11,"column":null}},"3":{"start":{"line":15,"column":46},"end":{"line":15,"column":null}},"4":{"start":{"line":16,"column":30},"end":{"line":16,"column":null}},"5":{"start":{"line":17,"column":36},"end":{"line":17,"column":null}},"6":{"start":{"line":19,"column":24},"end":{"line":28,"column":null}},"7":{"start":{"line":21,"column":4},"end":{"line":21,"column":null}},"8":{"start":{"line":23,"column":4},"end":{"line":25,"column":null}},"9":{"start":{"line":24,"column":6},"end":{"line":25,"column":null}},"10":{"start":{"line":25,"column":8},"end":{"line":25,"column":null}},"11":{"start":{"line":30,"column":23},"end":{"line":39,"column":null}},"12":{"start":{"line":32,"column":4},"end":{"line":32,"column":null}},"13":{"start":{"line":34,"column":4},"end":{"line":36,"column":null}},"14":{"start":{"line":35,"column":6},"end":{"line":36,"column":null}},"15":{"start":{"line":36,"column":8},"end":{"line":36,"column":null}},"16":{"start":{"line":41,"column":33},"end":{"line":63,"column":null}},"17":{"start":{"line":42,"column":4},"end":{"line":42,"column":null}},"18":{"start":{"line":43,"column":4},"end":{"line":62,"column":null}},"19":{"start":{"line":45,"column":26},"end":{"line":45,"column":null}},"20":{"start":{"line":46,"column":23},"end":{"line":48,"column":null}},"21":{"start":{"line":50,"column":6},"end":{"line":52,"column":null}},"22":{"start":{"line":51,"column":8},"end":{"line":51,"column":null}},"23":{"start":{"line":54,"column":21},"end":{"line":54,"column":null}},"24":{"start":{"line":55,"column":6},"end":{"line":55,"column":null}},"25":{"start":{"line":59,"column":6},"end":{"line":59,"column":null}},"26":{"start":{"line":61,"column":6},"end":{"line":61,"column":null}},"27":{"start":{"line":65,"column":24},"end":{"line":68,"column":null}},"28":{"start":{"line":66,"column":4},"end":{"line":66,"column":null}},"29":{"start":{"line":66,"column":26},"end":{"line":66,"column":null}},"30":{"start":{"line":67,"column":4},"end":{"line":67,"column":null}},"31":{"start":{"line":87,"column":31},"end":{"line":87,"column":null}},"32":{"start":{"line":140,"column":14},"end":{"line":141,"column":null}}},"fnMap":{"0":{"name":"DuplicatesPage","decl":{"start":{"line":13,"column":24},"end":{"line":13,"column":null}},"loc":{"start":{"line":13,"column":24},"end":{"line":174,"column":null}}},"1":{"name":"(anonymous_2)","decl":{"start":{"line":19,"column":24},"end":{"line":19,"column":31}},"loc":{"start":{"line":19,"column":47},"end":{"line":28,"column":null}}},"2":{"name":"(anonymous_3)","decl":{"start":{"line":23,"column":22},"end":{"line":23,"column":23}},"loc":{"start":{"line":24,"column":6},"end":{"line":25,"column":null}}},"3":{"name":"(anonymous_4)","decl":{"start":{"line":24,"column":15},"end":{"line":24,"column":16}},"loc":{"start":{"line":25,"column":8},"end":{"line":25,"column":null}}},"4":{"name":"(anonymous_5)","decl":{"start":{"line":30,"column":23},"end":{"line":30,"column":30}},"loc":{"start":{"line":30,"column":30},"end":{"line":39,"column":null}}},"5":{"name":"(anonymous_6)","decl":{"start":{"line":34,"column":22},"end":{"line":34,"column":23}},"loc":{"start":{"line":35,"column":6},"end":{"line":36,"column":null}}},"6":{"name":"(anonymous_7)","decl":{"start":{"line":35,"column":15},"end":{"line":35,"column":16}},"loc":{"start":{"line":36,"column":8},"end":{"line":36,"column":null}}},"7":{"name":"(anonymous_8)","decl":{"start":{"line":41,"column":33},"end":{"line":41,"column":null}},"loc":{"start":{"line":41,"column":33},"end":{"line":63,"column":null}}},"8":{"name":"(anonymous_9)","decl":{"start":{"line":65,"column":46},"end":{"line":65,"column":47}},"loc":{"start":{"line":65,"column":47},"end":{"line":68,"column":null}}},"9":{"name":"(anonymous_10)","decl":{"start":{"line":87,"column":24},"end":{"line":87,"column":25}},"loc":{"start":{"line":87,"column":31},"end":{"line":87,"column":null}}},"10":{"name":"(anonymous_11)","decl":{"start":{"line":139,"column":31},"end":{"line":139,"column":32}},"loc":{"start":{"line":140,"column":14},"end":{"line":141,"column":null}}}},"branchMap":{"0":{"loc":{"start":{"line":25,"column":8},"end":{"line":25,"column":null}},"type":"cond-expr","locations":[{"start":{"line":25,"column":29},"end":{"line":25,"column":73}},{"start":{"line":25,"column":73},"end":{"line":25,"column":null}}]},"1":{"loc":{"start":{"line":36,"column":8},"end":{"line":36,"column":null}},"type":"cond-expr","locations":[{"start":{"line":36,"column":29},"end":{"line":36,"column":72}},{"start":{"line":36,"column":72},"end":{"line":36,"column":null}}]},"2":{"loc":{"start":{"line":45,"column":26},"end":{"line":45,"column":null}},"type":"binary-expr","locations":[{"start":{"line":45,"column":26},"end":{"line":45,"column":57}},{"start":{"line":45,"column":61},"end":{"line":45,"column":null}}]},"3":{"loc":{"start":{"line":50,"column":6},"end":{"line":52,"column":null}},"type":"if","locations":[{"start":{"line":50,"column":6},"end":{"line":52,"column":null}}]},"4":{"loc":{"start":{"line":66,"column":4},"end":{"line":66,"column":null}},"type":"if","locations":[{"start":{"line":66,"column":4},"end":{"line":66,"column":null}}]},"5":{"loc":{"start":{"line":107,"column":13},"end":{"line":131,"column":null}},"type":"cond-expr","locations":[{"start":{"line":108,"column":14},"end":{"line":131,"column":null}},{"start":{"line":131,"column":14},"end":{"line":131,"column":null}}]},"6":{"loc":{"start":{"line":138,"column":10},"end":{"line":149,"column":11}},"type":"cond-expr","locations":[{"start":{"line":138,"column":10},"end":{"line":149,"column":11}}]}},"s":{"0":0,"1":0,"2":0,"3":0,"4":0,"5":0,"6":0,"7":0,"8":0,"9":0,"10":0,"11":0,"12":0,"13":0,"14":0,"15":0,"16":0,"17":0,"18":0,"19":0,"20":0,"21":0,"22":0,"23":0,"24":0,"25":0,"26":0,"27":0,"28":0,"29":0,"30":0,"31":0,"32":0},"f":{"0":0,"1":0,"2":0,"3":0,"4":0,"5":0,"6":0,"7":0,"8":0,"9":0,"10":0},"b":{"0":[0,0],"1":[0,0],"2":[0,0],"3":[0],"4":[0],"5":[0,0],"6":[0]}}
,"C:\\ks\\workspace\\photo_manegement\\frontend\\src\\app\\export\\page.tsx": {"path":"C:\\ks\\workspace\\photo_manegement\\frontend\\src\\app\\export\\page.tsx","statementMap":{"0":{"start":{"line":7,"column":24},"end":{"line":7,"column":null}},"1":{"start":{"line":3,"column":25},"end":{"line":3,"column":null}},"2":{"start":{"line":4,"column":44},"end":{"line":4,"column":null}},"3":{"start":{"line":5,"column":47},"end":{"line":5,"column":null}},"4":{"start":{"line":8,"column":50},"end":{"line":8,"column":null}},"5":{"start":{"line":9,"column":46},"end":{"line":9,"column":null}},"6":{"start":{"line":11,"column":23},"end":{"line":45,"column":null}},"7":{"start":{"line":12,"column":24},"end":{"line":12,"column":null}},"8":{"start":{"line":14,"column":4},"end":{"line":44,"column":null}},"9":{"start":{"line":15,"column":23},"end":{"line":26,"column":null}},"10":{"start":{"line":21,"column":48},"end":{"line":21,"column":null}},"11":{"start":{"line":28,"column":6},"end":{"line":30,"column":null}},"12":{"start":{"line":29,"column":8},"end":{"line":29,"column":null}},"13":{"start":{"line":32,"column":19},"end":{"line":32,"column":null}},"14":{"start":{"line":33,"column":18},"end":{"line":33,"column":null}},"15":{"start":{"line":34,"column":16},"end":{"line":34,"column":null}},"16":{"start":{"line":35,"column":6},"end":{"line":35,"column":null}},"17":{"start":{"line":36,"column":6},"end":{"line":36,"column":null}},"18":{"start":{"line":37,"column":6},"end":{"line":37,"column":null}},"19":{"start":{"line":38,"column":6},"end":{"line":38,"column":null}},"20":{"start":{"line":39,"column":6},"end":{"line":39,"column":null}},"21":{"start":{"line":40,"column":6},"end":{"line":40,"column":null}},"22":{"start":{"line":42,"column":6},"end":{"line":42,"column":null}},"23":{"start":{"line":43,"column":6},"end":{"line":43,"column":null}},"24":{"start":{"line":47,"column":30},"end":{"line":83,"column":null}},"25":{"start":{"line":48,"column":24},"end":{"line":48,"column":null}},"26":{"start":{"line":50,"column":4},"end":{"line":82,"column":null}},"27":{"start":{"line":51,"column":23},"end":{"line":64,"column":null}},"28":{"start":{"line":66,"column":6},"end":{"line":68,"column":null}},"29":{"start":{"line":67,"column":8},"end":{"line":67,"column":null}},"30":{"start":{"line":70,"column":19},"end":{"line":70,"column":null}},"31":{"start":{"line":71,"column":18},"end":{"line":71,"column":null}},"32":{"start":{"line":72,"column":16},"end":{"line":72,"column":null}},"33":{"start":{"line":73,"column":6},"end":{"line":73,"column":null}},"34":{"start":{"line":74,"column":6},"end":{"line":74,"column":null}},"35":{"start":{"line":75,"column":6},"end":{"line":75,"column":null}},"36":{"start":{"line":76,"column":6},"end":{"line":76,"column":null}},"37":{"start":{"line":77,"column":6},"end":{"line":77,"column":null}},"38":{"start":{"line":78,"column":6},"end":{"line":78,"column":null}},"39":{"start":{"line":80,"column":6},"end":{"line":80,"column":null}},"40":{"start":{"line":81,"column":6},"end":{"line":81,"column":null}},"41":{"start":{"line":138,"column":33},"end":{"line":138,"column":null}},"42":{"start":{"line":191,"column":33},"end":{"line":191,"column":null}},"43":{"start":{"line":230,"column":25},"end":{"line":230,"column":null}},"44":{"start":{"line":237,"column":25},"end":{"line":237,"column":null}}},"fnMap":{"0":{"name":"ExportPage","decl":{"start":{"line":7,"column":24},"end":{"line":7,"column":null}},"loc":{"start":{"line":7,"column":24},"end":{"line":243,"column":null}}},"1":{"name":"(anonymous_2)","decl":{"start":{"line":11,"column":23},"end":{"line":11,"column":30}},"loc":{"start":{"line":11,"column":58},"end":{"line":45,"column":null}}},"2":{"name":"(anonymous_3)","decl":{"start":{"line":21,"column":42},"end":{"line":21,"column":48}},"loc":{"start":{"line":21,"column":48},"end":{"line":21,"column":null}}},"3":{"name":"(anonymous_4)","decl":{"start":{"line":47,"column":30},"end":{"line":47,"column":37}},"loc":{"start":{"line":47,"column":37},"end":{"line":83,"column":null}}},"4":{"name":"(anonymous_5)","decl":{"start":{"line":138,"column":27},"end":{"line":138,"column":33}},"loc":{"start":{"line":138,"column":33},"end":{"line":138,"column":null}}},"5":{"name":"(anonymous_6)","decl":{"start":{"line":191,"column":27},"end":{"line":191,"column":33}},"loc":{"start":{"line":191,"column":33},"end":{"line":191,"column":null}}},"6":{"name":"(anonymous_7)","decl":{"start":{"line":230,"column":19},"end":{"line":230,"column":25}},"loc":{"start":{"line":230,"column":25},"end":{"line":230,"column":null}}},"7":{"name":"(anonymous_8)","decl":{"start":{"line":237,"column":19},"end":{"line":237,"column":25}},"loc":{"start":{"line":237,"column":25},"end":{"line":237,"column":null}}}},"branchMap":{"0":{"loc":{"start":{"line":12,"column":24},"end":{"line":12,"column":null}},"type":"binary-expr","locations":[{"start":{"line":12,"column":24},"end":{"line":12,"column":55}},{"start":{"line":12,"column":59},"end":{"line":12,"column":null}}]},"1":{"loc":{"start":{"line":28,"column":6},"end":{"line":30,"column":null}},"type":"if","locations":[{"start":{"line":28,"column":6},"end":{"line":30,"column":null}}]},"2":{"loc":{"start":{"line":48,"column":24},"end":{"line":48,"column":null}},"type":"binary-expr","locations":[{"start":{"line":48,"column":24},"end":{"line":48,"column":55}},{"start":{"line":48,"column":59},"end":{"line":48,"column":null}}]},"3":{"loc":{"start":{"line":66,"column":6},"end":{"line":68,"column":null}},"type":"if","locations":[{"start":{"line":66,"column":6},"end":{"line":68,"column":null}}]},"4":{"loc":{"start":{"line":228,"column":7},"end":{"line":228,"column":null}},"type":"binary-expr","locations":[{"start":{"line":228,"column":7},"end":{"line":228,"column":null}}]},"5":{"loc":{"start":{"line":235,"column":7},"end":{"line":235,"column":null}},"type":"binary-expr","locations":[{"start":{"line":235,"column":7},"end":{"line":235,"column":null}}]}},"s":{"0":0,"1":0,"2":0,"3":0,"4":0,"5":0,"6":0,"7":0,"8":0,"9":0,"10":0,"11":0,"12":0,"13":0,"14":0,"15":0,"16":0,"17":0,"18":0,"19":0,"20":0,"21":0,"22":0,"23":0,"24":0,"25":0,"26":0,"27":0,"28":0,"29":0,"30":0,"31":0,"32":0,"33":0,"34":0,"35":0,"36":0,"37":0,"38":0,"39":0,"40":0,"41":0,"42":0,"43":0,"44":0},"f":{"0":0,"1":0,"2":0,"3":0,"4":0,"5":0,"6":0,"7":0},"b":{"0":[0,0],"1":[0],"2":[0,0],"3":[0],"4":[0],"5":[0]}}
,"C:\\ks\\workspace\\photo_manegement\\frontend\\src\\app\\login\\page.tsx": {"path":"C:\\ks\\workspace\\photo_manegement\\frontend\\src\\app\\login\\page.tsx","statementMap":{"0":{"start":{"line":7,"column":24},"end":{"line":7,"column":null}},"1":{"start":{"line":3,"column":25},"end":{"line":3,"column":null}},"2":{"start":{"line":4,"column":26},"end":{"line":4,"column":null}},"3":{"start":{"line":5,"column":24},"end":{"line":5,"column":null}},"4":{"start":{"line":8,"column":17},"end":{"line":8,"column":null}},"5":{"start":{"line":9,"column":30},"end":{"line":9,"column":null}},"6":{"start":{"line":10,"column":32},"end":{"line":10,"column":null}},"7":{"start":{"line":11,"column":28},"end":{"line":11,"column":null}},"8":{"start":{"line":12,"column":34},"end":{"line":12,"column":null}},"9":{"start":{"line":13,"column":34},"end":{"line":13,"column":null}},"10":{"start":{"line":14,"column":28},"end":{"line":14,"column":null}},"11":{"start":{"line":15,"column":36},"end":{"line":15,"column":null}},"12":{"start":{"line":17,"column":23},"end":{"line":34,"column":null}},"13":{"start":{"line":18,"column":4},"end":{"line":18,"column":null}},"14":{"start":{"line":19,"column":4},"end":{"line":19,"column":null}},"15":{"start":{"line":20,"column":4},"end":{"line":20,"column":null}},"16":{"start":{"line":22,"column":4},"end":{"line":33,"column":null}},"17":{"start":{"line":23,"column":6},"end":{"line":27,"column":null}},"18":{"start":{"line":24,"column":8},"end":{"line":24,"column":null}},"19":{"start":{"line":26,"column":8},"end":{"line":26,"column":null}},"20":{"start":{"line":28,"column":6},"end":{"line":28,"column":null}},"21":{"start":{"line":30,"column":6},"end":{"line":30,"column":null}},"22":{"start":{"line":32,"column":6},"end":{"line":32,"column":null}},"23":{"start":{"line":75,"column":35},"end":{"line":75,"column":null}},"24":{"start":{"line":93,"column":33},"end":{"line":93,"column":null}},"25":{"start":{"line":110,"column":33},"end":{"line":110,"column":null}},"26":{"start":{"line":131,"column":16},"end":{"line":131,"column":null}},"27":{"start":{"line":132,"column":16},"end":{"line":132,"column":null}}},"fnMap":{"0":{"name":"LoginPage","decl":{"start":{"line":7,"column":24},"end":{"line":7,"column":null}},"loc":{"start":{"line":7,"column":24},"end":{"line":143,"column":null}}},"1":{"name":"(anonymous_2)","decl":{"start":{"line":17,"column":23},"end":{"line":17,"column":30}},"loc":{"start":{"line":17,"column":30},"end":{"line":34,"column":null}}},"2":{"name":"(anonymous_3)","decl":{"start":{"line":75,"column":28},"end":{"line":75,"column":29}},"loc":{"start":{"line":75,"column":35},"end":{"line":75,"column":null}}},"3":{"name":"(anonymous_4)","decl":{"start":{"line":93,"column":26},"end":{"line":93,"column":27}},"loc":{"start":{"line":93,"column":33},"end":{"line":93,"column":null}}},"4":{"name":"(anonymous_5)","decl":{"start":{"line":110,"column":26},"end":{"line":110,"column":27}},"loc":{"start":{"line":110,"column":33},"end":{"line":110,"column":null}}},"5":{"name":"(anonymous_6)","decl":{"start":{"line":130,"column":23},"end":{"line":130,"column":null}},"loc":{"start":{"line":130,"column":23},"end":{"line":133,"column":null}}}},"branchMap":{"0":{"loc":{"start":{"line":23,"column":6},"end":{"line":27,"column":null}},"type":"if","locations":[{"start":{"line":23,"column":6},"end":{"line":27,"column":null}},{"start":{"line":25,"column":13},"end":{"line":27,"column":null}}]},"1":{"loc":{"start":{"line":30,"column":15},"end":{"line":30,"column":null}},"type":"cond-expr","locations":[{"start":{"line":30,"column":38},"end":{"line":30,"column":49}},{"start":{"line":30,"column":52},"end":{"line":30,"column":null}}]},"2":{"loc":{"start":{"line":44,"column":13},"end":{"line":44,"column":null}},"type":"cond-expr","locations":[{"start":{"line":44,"column":23},"end":{"line":44,"column":38}},{"start":{"line":44,"column":38},"end":{"line":44,"column":null}}]},"3":{"loc":{"start":{"line":49,"column":11},"end":{"line":49,"column":null}},"type":"binary-expr","locations":[{"start":{"line":49,"column":11},"end":{"line":49,"column":null}}]},"4":{"loc":{"start":{"line":65,"column":13},"end":{"line":65,"column":null}},"type":"binary-expr","locations":[{"start":{"line":65,"column":13},"end":{"line":65,"column":null}}]},"5":{"loc":{"start":{"line":107,"column":30},"end":{"line":107,"column":null}},"type":"cond-expr","locations":[{"start":{"line":107,"column":40},"end":{"line":107,"column":61}},{"start":{"line":107,"column":61},"end":{"line":107,"column":null}}]},"6":{"loc":{"start":{"line":123,"column":15},"end":{"line":123,"column":null}},"type":"cond-expr","locations":[{"start":{"line":123,"column":27},"end":{"line":123,"column":38}},{"start":{"line":123,"column":38},"end":{"line":123,"column":null}}]},"7":{"loc":{"start":{"line":123,"column":38},"end":{"line":123,"column":null}},"type":"cond-expr","locations":[{"start":{"line":123,"column":48},"end":{"line":123,"column":57}},{"start":{"line":123,"column":57},"end":{"line":123,"column":null}}]},"8":{"loc":{"start":{"line":136,"column":15},"end":{"line":136,"column":null}},"type":"cond-expr","locations":[{"start":{"line":136,"column":25},"end":{"line":136,"column":38}},{"start":{"line":136,"column":38},"end":{"line":136,"column":null}}]}},"s":{"0":0,"1":0,"2":0,"3":0,"4":0,"5":0,"6":0,"7":0,"8":0,"9":0,"10":0,"11":0,"12":0,"13":0,"14":0,"15":0,"16":0,"17":0,"18":0,"19":0,"20":0,"21":0,"22":0,"23":0,"24":0,"25":0,"26":0,"27":0},"f":{"0":0,"1":0,"2":0,"3":0,"4":0,"5":0},"b":{"0":[0,0],"1":[0,0],"2":[0,0],"3":[0],"4":[0],"5":[0,0],"6":[0,0],"7":[0,0],"8":[0,0]}}
,"C:\\ks\\workspace\\photo_manegement\\frontend\\src\\app\\photos\\page.tsx": {"path":"C:\\ks\\workspace\\photo_manegement\\frontend\\src\\app\\photos\\page.tsx","statementMap":{"0":{"start":{"line":8,"column":24},"end":{"line":8,"column":null}},"1":{"start":{"line":3,"column":26},"end":{"line":3,"column":null}},"2":{"start":{"line":4,"column":26},"end":{"line":4,"column":null}},"3":{"start":{"line":5,"column":27},"end":{"line":5,"column":null}},"4":{"start":{"line":6,"column":31},"end":{"line":6,"column":null}},"5":{"start":{"line":10,"column":18},"end":{"line":10,"column":null}},"6":{"start":{"line":10,"column":44},"end":{"line":10,"column":57}},"7":{"start":{"line":11,"column":50},"end":{"line":11,"column":null}},"8":{"start":{"line":15,"column":4},"end":{"line":15,"column":null}},"9":{"start":{"line":17,"column":28},"end":{"line":20,"column":null}},"10":{"start":{"line":18,"column":4},"end":{"line":18,"column":null}},"11":{"start":{"line":37,"column":31},"end":{"line":37,"column":null}},"12":{"start":{"line":56,"column":31},"end":{"line":56,"column":null}},"13":{"start":{"line":80,"column":39},"end":{"line":80,"column":null}},"14":{"start":{"line":84,"column":16},"end":{"line":84,"column":null}}},"fnMap":{"0":{"name":"PhotosPage","decl":{"start":{"line":8,"column":24},"end":{"line":8,"column":null}},"loc":{"start":{"line":8,"column":24},"end":{"line":119,"column":null}}},"1":{"name":"(anonymous_2)","decl":{"start":{"line":10,"column":33},"end":{"line":10,"column":34}},"loc":{"start":{"line":10,"column":44},"end":{"line":10,"column":57}}},"2":{"name":"(anonymous_3)","decl":{"start":{"line":17,"column":28},"end":{"line":17,"column":29}},"loc":{"start":{"line":17,"column":29},"end":{"line":20,"column":null}}},"3":{"name":"(anonymous_4)","decl":{"start":{"line":37,"column":25},"end":{"line":37,"column":31}},"loc":{"start":{"line":37,"column":31},"end":{"line":37,"column":null}}},"4":{"name":"(anonymous_5)","decl":{"start":{"line":56,"column":25},"end":{"line":56,"column":31}},"loc":{"start":{"line":56,"column":31},"end":{"line":56,"column":null}}},"5":{"name":"(anonymous_6)","decl":{"start":{"line":79,"column":24},"end":{"line":79,"column":25}},"loc":{"start":{"line":79,"column":25},"end":{"line":85,"column":null}}}},"branchMap":{"0":{"loc":{"start":{"line":11,"column":16},"end":{"line":11,"column":27}},"type":"default-arg","locations":[{"start":{"line":11,"column":25},"end":{"line":11,"column":27}}]},"1":{"loc":{"start":{"line":38,"column":42},"end":{"line":38,"column":128}},"type":"cond-expr","locations":[{"start":{"line":38,"column":64},"end":{"line":38,"column":94}},{"start":{"line":38,"column":94},"end":{"line":38,"column":128}}]},"2":{"loc":{"start":{"line":57,"column":42},"end":{"line":57,"column":128}},"type":"cond-expr","locations":[{"start":{"line":57,"column":64},"end":{"line":57,"column":94}},{"start":{"line":57,"column":94},"end":{"line":57,"column":128}}]},"3":{"loc":{"start":{"line":100,"column":9},"end":{"line":100,"column":null}},"type":"binary-expr","locations":[{"start":{"line":100,"column":9},"end":{"line":100,"column":null}}]},"4":{"loc":{"start":{"line":107,"column":9},"end":{"line":107,"column":null}},"type":"binary-expr","locations":[{"start":{"line":107,"column":9},"end":{"line":107,"column":null}}]},"5":{"loc":{"start":{"line":113,"column":9},"end":{"line":113,"column":23}},"type":"binary-expr","locations":[{"start":{"line":113,"column":9},"end":{"line":113,"column":23}},{"start":{"line":113,"column":23},"end":{"line":113,"column":null}}]}},"s":{"0":0,"1":0,"2":0,"3":0,"4":0,"5":0,"6":0,"7":0,"8":0,"9":0,"10":0,"11":0,"12":0,"13":0,"14":0},"f":{"0":0,"1":0,"2":0,"3":0,"4":0,"5":0},"b":{"0":[0],"1":[0,0],"2":[0,0],"3":[0],"4":[0],"5":[0,0]}}
,"C:\\ks\\workspace\\photo_manegement\\frontend\\src\\app\\quality\\page.tsx": {"path":"C:\\ks\\workspace\\photo_manegement\\frontend\\src\\app\\quality\\page.tsx","statementMap":{"0":{"start":{"line":22,"column":24},"end":{"line":22,"column":null}},"1":{"start":{"line":7,"column":25},"end":{"line":7,"column":null}},"2":{"start":{"line":8,"column":29},"end":{"line":8,"column":null}},"3":{"start":{"line":9,"column":31},"end":{"line":9,"column":null}},"4":{"start":{"line":24,"column":30},"end":{"line":24,"column":null}},"5":{"start":{"line":25,"column":44},"end":{"line":25,"column":null}},"6":{"start":{"line":26,"column":44},"end":{"line":26,"column":null}},"7":{"start":{"line":27,"column":40},"end":{"line":27,"column":null}},"8":{"start":{"line":29,"column":30},"end":{"line":51,"column":null}},"9":{"start":{"line":30,"column":4},"end":{"line":30,"column":null}},"10":{"start":{"line":31,"column":4},"end":{"line":50,"column":null}},"11":{"start":{"line":33,"column":26},"end":{"line":33,"column":null}},"12":{"start":{"line":34,"column":23},"end":{"line":36,"column":null}},"13":{"start":{"line":38,"column":6},"end":{"line":40,"column":null}},"14":{"start":{"line":39,"column":8},"end":{"line":39,"column":null}},"15":{"start":{"line":42,"column":21},"end":{"line":42,"column":null}},"16":{"start":{"line":43,"column":6},"end":{"line":43,"column":null}},"17":{"start":{"line":47,"column":6},"end":{"line":47,"column":null}},"18":{"start":{"line":49,"column":6},"end":{"line":49,"column":null}},"19":{"start":{"line":53,"column":28},"end":{"line":60,"column":null}},"20":{"start":{"line":54,"column":4},"end":{"line":54,"column":null}},"21":{"start":{"line":54,"column":33},"end":{"line":54,"column":null}},"22":{"start":{"line":55,"column":4},"end":{"line":55,"column":null}},"23":{"start":{"line":55,"column":34},"end":{"line":55,"column":null}},"24":{"start":{"line":55,"column":62},"end":{"line":55,"column":null}},"25":{"start":{"line":56,"column":4},"end":{"line":57,"column":null}},"26":{"start":{"line":57,"column":6},"end":{"line":57,"column":null}},"27":{"start":{"line":57,"column":34},"end":{"line":57,"column":null}},"28":{"start":{"line":58,"column":4},"end":{"line":58,"column":null}},"29":{"start":{"line":58,"column":34},"end":{"line":58,"column":null}},"30":{"start":{"line":58,"column":62},"end":{"line":58,"column":null}},"31":{"start":{"line":59,"column":4},"end":{"line":59,"column":null}},"32":{"start":{"line":62,"column":25},"end":{"line":62,"column":null}},"33":{"start":{"line":65,"column":16},"end":{"line":76,"column":null}},"34":{"start":{"line":67,"column":31},"end":{"line":67,"column":53}},"35":{"start":{"line":68,"column":31},"end":{"line":68,"column":76}},"36":{"start":{"line":69,"column":31},"end":{"line":69,"column":52}},"37":{"start":{"line":73,"column":38},"end":{"line":73,"column":58}},"38":{"start":{"line":106,"column":31},"end":{"line":106,"column":null}},"39":{"start":{"line":159,"column":14},"end":{"line":160,"column":null}},"40":{"start":{"line":161,"column":31},"end":{"line":161,"column":null}},"41":{"start":{"line":229,"column":27},"end":{"line":229,"column":null}},"42":{"start":{"line":233,"column":30},"end":{"line":233,"column":null}},"43":{"start":{"line":239,"column":35},"end":{"line":239,"column":null}}},"fnMap":{"0":{"name":"QualityPage","decl":{"start":{"line":22,"column":24},"end":{"line":22,"column":null}},"loc":{"start":{"line":22,"column":24},"end":{"line":283,"column":null}}},"1":{"name":"(anonymous_2)","decl":{"start":{"line":29,"column":30},"end":{"line":29,"column":null}},"loc":{"start":{"line":29,"column":30},"end":{"line":51,"column":null}}},"2":{"name":"(anonymous_3)","decl":{"start":{"line":53,"column":28},"end":{"line":53,"column":null}},"loc":{"start":{"line":53,"column":28},"end":{"line":60,"column":null}}},"3":{"name":"(anonymous_4)","decl":{"start":{"line":55,"column":55},"end":{"line":55,"column":56}},"loc":{"start":{"line":55,"column":62},"end":{"line":55,"column":null}}},"4":{"name":"(anonymous_5)","decl":{"start":{"line":57,"column":27},"end":{"line":57,"column":28}},"loc":{"start":{"line":57,"column":34},"end":{"line":57,"column":null}}},"5":{"name":"(anonymous_6)","decl":{"start":{"line":58,"column":55},"end":{"line":58,"column":56}},"loc":{"start":{"line":58,"column":62},"end":{"line":58,"column":null}}},"6":{"name":"(anonymous_7)","decl":{"start":{"line":67,"column":24},"end":{"line":67,"column":25}},"loc":{"start":{"line":67,"column":31},"end":{"line":67,"column":53}}},"7":{"name":"(anonymous_8)","decl":{"start":{"line":68,"column":24},"end":{"line":68,"column":25}},"loc":{"start":{"line":68,"column":31},"end":{"line":68,"column":76}}},"8":{"name":"(anonymous_9)","decl":{"start":{"line":69,"column":24},"end":{"line":69,"column":25}},"loc":{"start":{"line":69,"column":31},"end":{"line":69,"column":52}}},"9":{"name":"(anonymous_10)","decl":{"start":{"line":73,"column":26},"end":{"line":73,"column":27}},"loc":{"start":{"line":73,"column":38},"end":{"line":73,"column":58}}},"10":{"name":"(anonymous_11)","decl":{"start":{"line":106,"column":24},"end":{"line":106,"column":25}},"loc":{"start":{"line":106,"column":31},"end":{"line":106,"column":null}}},"11":{"name":"(anonymous_12)","decl":{"start":{"line":158,"column":32},"end":{"line":158,"column":33}},"loc":{"start":{"line":159,"column":14},"end":{"line":160,"column":null}}},"12":{"name":"(anonymous_13)","decl":{"start":{"line":161,"column":25},"end":{"line":161,"column":31}},"loc":{"start":{"line":161,"column":31},"end":{"line":161,"column":null}}},"13":{"name":"(anonymous_14)","decl":{"start":{"line":229,"column":21},"end":{"line":229,"column":27}},"loc":{"start":{"line":229,"column":27},"end":{"line":229,"column":null}}},"14":{"name":"(anonymous_15)","decl":{"start":{"line":233,"column":23},"end":{"line":233,"column":24}},"loc":{"start":{"line":233,"column":30},"end":{"line":233,"column":null}}},"15":{"name":"(anonymous_16)","decl":{"start":{"line":239,"column":29},"end":{"line":239,"column":35}},"loc":{"start":{"line":239,"column":35},"end":{"line":239,"column":null}}},"16":{"name":"StatCard","decl":{"start":{"line":291,"column":9},"end":{"line":291,"column":18}},"loc":{"start":{"line":291,"column":74},"end":{"line":298,"column":null}}}},"branchMap":{"0":{"loc":{"start":{"line":33,"column":26},"end":{"line":33,"column":null}},"type":"binary-expr","locations":[{"start":{"line":33,"column":26},"end":{"line":33,"column":57}},{"start":{"line":33,"column":61},"end":{"line":33,"column":null}}]},"1":{"loc":{"start":{"line":38,"column":6},"end":{"line":40,"column":null}},"type":"if","locations":[{"start":{"line":38,"column":6},"end":{"line":40,"column":null}}]},"2":{"loc":{"start":{"line":54,"column":4},"end":{"line":54,"column":null}},"type":"if","locations":[{"start":{"line":54,"column":4},"end":{"line":54,"column":null}}]},"3":{"loc":{"start":{"line":55,"column":4},"end":{"line":55,"column":null}},"type":"if","locations":[{"start":{"line":55,"column":4},"end":{"line":55,"column":null}}]},"4":{"loc":{"start":{"line":56,"column":4},"end":{"line":57,"column":null}},"type":"if","locations":[{"start":{"line":56,"column":4},"end":{"line":57,"column":null}}]},"5":{"loc":{"start":{"line":57,"column":34},"end":{"line":57,"column":null}},"type":"binary-expr","locations":[{"start":{"line":57,"column":34},"end":{"line":57,"column":58}},{"start":{"line":57,"column":58},"end":{"line":57,"column":null}}]},"6":{"loc":{"start":{"line":58,"column":4},"end":{"line":58,"column":null}},"type":"if","locations":[{"start":{"line":58,"column":4},"end":{"line":58,"column":null}}]},"7":{"loc":{"start":{"line":68,"column":31},"end":{"line":68,"column":76}},"type":"binary-expr","locations":[{"start":{"line":68,"column":31},"end":{"line":68,"column":55}},{"start":{"line":68,"column":55},"end":{"line":68,"column":76}}]},"8":{"loc":{"start":{"line":71,"column":6},"end":{"line":75,"column":null}},"type":"cond-expr","locations":[{"start":{"line":72,"column":10},"end":{"line":73,"column":null}},{"start":{"line":75,"column":10},"end":{"line":75,"column":null}}]},"9":{"loc":{"start":{"line":90,"column":9},"end":{"line":90,"column":null}},"type":"binary-expr","locations":[{"start":{"line":90,"column":9},"end":{"line":90,"column":null}}]},"10":{"loc":{"start":{"line":126,"column":13},"end":{"line":150,"column":null}},"type":"cond-expr","locations":[{"start":{"line":127,"column":14},"end":{"line":150,"column":null}},{"start":{"line":150,"column":14},"end":{"line":150,"column":null}}]},"11":{"loc":{"start":{"line":157,"column":10},"end":{"line":202,"column":11}},"type":"cond-expr","locations":[{"start":{"line":157,"column":10},"end":{"line":202,"column":11}}]},"12":{"loc":{"start":{"line":166,"column":20},"end":{"line":172,"column":21}},"type":"cond-expr","locations":[{"start":{"line":166,"column":20},"end":{"line":172,"column":21}}]},"13":{"loc":{"start":{"line":226,"column":9},"end":{"line":226,"column":null}},"type":"binary-expr","locations":[{"start":{"line":226,"column":9},"end":{"line":226,"column":null}}]},"14":{"loc":{"start":{"line":291,"column":34},"end":{"line":291,"column":57}},"type":"default-arg","locations":[{"start":{"line":291,"column":42},"end":{"line":291,"column":57}}]}},"s":{"0":0,"1":0,"2":0,"3":0,"4":0,"5":0,"6":0,"7":0,"8":0,"9":0,"10":0,"11":0,"12":0,"13":0,"14":0,"15":0,"16":0,"17":0,"18":0,"19":0,"20":0,"21":0,"22":0,"23":0,"24":0,"25":0,"26":0,"27":0,"28":0,"29":0,"30":0,"31":0,"32":0,"33":0,"34":0,"35":0,"36":0,"37":0,"38":0,"39":0,"40":0,"41":0,"42":0,"43":0},"f":{"0":0,"1":0,"2":0,"3":0,"4":0,"5":0,"6":0,"7":0,"8":0,"9":0,"10":0,"11":0,"12":0,"13":0,"14":0,"15":0,"16":0},"b":{"0":[0,0],"1":[0],"2":[0],"3":[0],"4":[0],"5":[0,0],"6":[0],"7":[0,0],"8":[0,0],"9":[0],"10":[0,0],"11":[0],"12":[0],"13":[0],"14":[0]}}
,"C:\\ks\\workspace\\photo_manegement\\frontend\\src\\app\\search\\page.tsx": {"path":"C:\\ks\\workspace\\photo_manegement\\frontend\\src\\app\\search\\page.tsx","statementMap":{"0":{"start":{"line":10,"column":24},"end":{"line":10,"column":null}},"1":{"start":{"line":3,"column":39},"end":{"line":3,"column":null}},"2":{"start":{"line":4,"column":26},"end":{"line":4,"column":null}},"3":{"start":{"line":5,"column":43},"end":{"line":5,"column":null}},"4":{"start":{"line":6,"column":26},"end":{"line":6,"column":null}},"5":{"start":{"line":7,"column":32},"end":{"line":7,"column":null}},"6":{"start":{"line":8,"column":31},"end":{"line":8,"column":null}},"7":{"start":{"line":11,"column":73},"end":{"line":11,"column":null}},"8":{"start":{"line":13,"column":18},"end":{"line":13,"column":null}},"9":{"start":{"line":13,"column":44},"end":{"line":13,"column":57}},"10":{"start":{"line":14,"column":20},"end":{"line":14,"column":null}},"11":{"start":{"line":14,"column":46},"end":{"line":14,"column":61}},"12":{"start":{"line":15,"column":21},"end":{"line":15,"column":null}},"13":{"start":{"line":15,"column":47},"end":{"line":15,"column":63}},"14":{"start":{"line":17,"column":24},"end":{"line":28,"column":null}},"15":{"start":{"line":18,"column":4},"end":{"line":27,"column":null}},"16":{"start":{"line":30,"column":23},"end":{"line":32,"column":null}},"17":{"start":{"line":31,"column":4},"end":{"line":31,"column":null}},"18":{"start":{"line":34,"column":29},"end":{"line":43,"column":null}},"19":{"start":{"line":35,"column":4},"end":{"line":42,"column":null}},"20":{"start":{"line":46,"column":2},"end":{"line":48,"column":null}},"21":{"start":{"line":47,"column":4},"end":{"line":47,"column":null}}},"fnMap":{"0":{"name":"SearchPage","decl":{"start":{"line":10,"column":24},"end":{"line":10,"column":null}},"loc":{"start":{"line":10,"column":24},"end":{"line":109,"column":null}}},"1":{"name":"(anonymous_2)","decl":{"start":{"line":13,"column":33},"end":{"line":13,"column":34}},"loc":{"start":{"line":13,"column":44},"end":{"line":13,"column":57}}},"2":{"name":"(anonymous_3)","decl":{"start":{"line":14,"column":35},"end":{"line":14,"column":36}},"loc":{"start":{"line":14,"column":46},"end":{"line":14,"column":61}}},"3":{"name":"(anonymous_4)","decl":{"start":{"line":15,"column":36},"end":{"line":15,"column":37}},"loc":{"start":{"line":15,"column":47},"end":{"line":15,"column":63}}},"4":{"name":"(anonymous_5)","decl":{"start":{"line":17,"column":36},"end":{"line":17,"column":null}},"loc":{"start":{"line":17,"column":36},"end":{"line":28,"column":5}}},"5":{"name":"(anonymous_6)","decl":{"start":{"line":30,"column":35},"end":{"line":30,"column":36}},"loc":{"start":{"line":30,"column":36},"end":{"line":32,"column":5}}},"6":{"name":"(anonymous_7)","decl":{"start":{"line":34,"column":41},"end":{"line":34,"column":42}},"loc":{"start":{"line":34,"column":42},"end":{"line":43,"column":5}}},"7":{"name":"(anonymous_8)","decl":{"start":{"line":46,"column":12},"end":{"line":46,"column":null}},"loc":{"start":{"line":46,"column":12},"end":{"line":48,"column":5}}}},"branchMap":{"0":{"loc":{"start":{"line":63,"column":9},"end":{"line":63,"column":null}},"type":"binary-expr","locations":[{"start":{"line":63,"column":9},"end":{"line":63,"column":null}}]},"1":{"loc":{"start":{"line":70,"column":10},"end":{"line":74,"column":null}},"type":"cond-expr","locations":[{"start":{"line":70,"column":10},"end":{"line":74,"column":null}}]},"2":{"loc":{"start":{"line":77,"column":17},"end":{"line":77,"column":43}},"type":"binary-expr","locations":[{"start":{"line":77,"column":17},"end":{"line":77,"column":41}},{"start":{"line":77,"column":41},"end":{"line":77,"column":43}}]},"3":{"loc":{"start":{"line":82,"column":14},"end":{"line":84,"column":15}},"type":"cond-expr","locations":[{"start":{"line":82,"column":14},"end":{"line":84,"column":15}}]},"4":{"loc":{"start":{"line":81,"column":13},"end":{"line":81,"column":null}},"type":"binary-expr","locations":[{"start":{"line":81,"column":13},"end":{"line":81,"column":29}},{"start":{"line":81,"column":29},"end":{"line":81,"column":null}}]}},"s":{"0":0,"1":0,"2":0,"3":0,"4":0,"5":0,"6":0,"7":0,"8":0,"9":0,"10":0,"11":0,"12":0,"13":0,"14":0,"15":0,"16":0,"17":0,"18":0,"19":0,"20":0,"21":0},"f":{"0":0,"1":0,"2":0,"3":0,"4":0,"5":0,"6":0,"7":0},"b":{"0":[0],"1":[0],"2":[0,0],"3":[0],"4":[0,0]}}
,"C:\\ks\\workspace\\photo_manegement\\frontend\\src\\app\\upload\\page.tsx": {"path":"C:\\ks\\workspace\\photo_manegement\\frontend\\src\\app\\upload\\page.tsx","statementMap":{"0":{"start":{"line":13,"column":24},"end":{"line":13,"column":null}},"1":{"start":{"line":3,"column":38},"end":{"line":3,"column":null}},"2":{"start":{"line":4,"column":29},"end":{"line":4,"column":null}},"3":{"start":{"line":5,"column":63},"end":{"line":5,"column":null}},"4":{"start":{"line":6,"column":50},"end":{"line":6,"column":null}},"5":{"start":{"line":14,"column":44},"end":{"line":14,"column":null}},"6":{"start":{"line":15,"column":30},"end":{"line":15,"column":null}},"7":{"start":{"line":16,"column":40},"end":{"line":16,"column":null}},"8":{"start":{"line":17,"column":46},"end":{"line":17,"column":null}},"9":{"start":{"line":19,"column":30},"end":{"line":30,"column":null}},"10":{"start":{"line":21,"column":20},"end":{"line":21,"column":null}},"11":{"start":{"line":22,"column":23},"end":{"line":22,"column":null}},"12":{"start":{"line":23,"column":26},"end":{"line":23,"column":null}},"13":{"start":{"line":25,"column":4},"end":{"line":25,"column":null}},"14":{"start":{"line":26,"column":4},"end":{"line":26,"column":null}},"15":{"start":{"line":29,"column":4},"end":{"line":29,"column":null}},"16":{"start":{"line":32,"column":23},"end":{"line":86,"column":null}},"17":{"start":{"line":33,"column":4},"end":{"line":33,"column":null}},"18":{"start":{"line":33,"column":36},"end":{"line":33,"column":null}},"19":{"start":{"line":35,"column":4},"end":{"line":35,"column":null}},"20":{"start":{"line":36,"column":4},"end":{"line":36,"column":null}},"21":{"start":{"line":38,"column":21},"end":{"line":38,"column":null}},"22":{"start":{"line":39,"column":4},"end":{"line":50,"column":null}},"23":{"start":{"line":40,"column":6},"end":{"line":49,"column":null}},"24":{"start":{"line":51,"column":4},"end":{"line":51,"column":null}},"25":{"start":{"line":53,"column":4},"end":{"line":85,"column":null}},"26":{"start":{"line":54,"column":26},"end":{"line":54,"column":null}},"27":{"start":{"line":55,"column":29},"end":{"line":55,"column":66}},"28":{"start":{"line":61,"column":10},"end":{"line":69,"column":null}},"29":{"start":{"line":62,"column":32},"end":{"line":62,"column":null}},"30":{"start":{"line":63,"column":27},"end":{"line":63,"column":null}},"31":{"start":{"line":64,"column":12},"end":{"line":67,"column":null}},"32":{"start":{"line":65,"column":14},"end":{"line":65,"column":null}},"33":{"start":{"line":66,"column":14},"end":{"line":66,"column":null}},"34":{"start":{"line":68,"column":12},"end":{"line":68,"column":null}},"35":{"start":{"line":75,"column":6},"end":{"line":75,"column":null}},"36":{"start":{"line":76,"column":6},"end":{"line":79,"column":null}},"37":{"start":{"line":77,"column":8},"end":{"line":77,"column":null}},"38":{"start":{"line":78,"column":8},"end":{"line":78,"column":null}},"39":{"start":{"line":81,"column":6},"end":{"line":81,"column":null}},"40":{"start":{"line":82,"column":6},"end":{"line":82,"column":null}},"41":{"start":{"line":84,"column":6},"end":{"line":84,"column":null}},"42":{"start":{"line":105,"column":16},"end":{"line":105,"column":32}},"43":{"start":{"line":119,"column":33},"end":{"line":119,"column":null}},"44":{"start":{"line":120,"column":35},"end":{"line":120,"column":null}},"45":{"start":{"line":122,"column":18},"end":{"line":124,"column":null}}},"fnMap":{"0":{"name":"UploadPage","decl":{"start":{"line":13,"column":24},"end":{"line":13,"column":null}},"loc":{"start":{"line":13,"column":24},"end":{"line":222,"column":null}}},"1":{"name":"(anonymous_2)","decl":{"start":{"line":19,"column":42},"end":{"line":19,"column":43}},"loc":{"start":{"line":19,"column":43},"end":{"line":30,"column":5}}},"2":{"name":"(anonymous_3)","decl":{"start":{"line":32,"column":35},"end":{"line":32,"column":null}},"loc":{"start":{"line":32,"column":35},"end":{"line":86,"column":5}}},"3":{"name":"(anonymous_4)","decl":{"start":{"line":39,"column":26},"end":{"line":39,"column":27}},"loc":{"start":{"line":39,"column":27},"end":{"line":50,"column":null}}},"4":{"name":"(anonymous_5)","decl":{"start":{"line":60,"column":8},"end":{"line":60,"column":9}},"loc":{"start":{"line":60,"column":19},"end":{"line":70,"column":null}}},"5":{"name":"(anonymous_6)","decl":{"start":{"line":61,"column":28},"end":{"line":61,"column":29}},"loc":{"start":{"line":61,"column":29},"end":{"line":69,"column":null}}},"6":{"name":"(anonymous_7)","decl":{"start":{"line":76,"column":17},"end":{"line":76,"column":null}},"loc":{"start":{"line":76,"column":17},"end":{"line":79,"column":9}}},"7":{"name":"(anonymous_8)","decl":{"start":{"line":104,"column":26},"end":{"line":104,"column":27}},"loc":{"start":{"line":105,"column":16},"end":{"line":105,"column":32}}},"8":{"name":"(anonymous_9)","decl":{"start":{"line":118,"column":35},"end":{"line":118,"column":36}},"loc":{"start":{"line":118,"column":42},"end":{"line":206,"column":null}}}},"branchMap":{"0":{"loc":{"start":{"line":33,"column":4},"end":{"line":33,"column":null}},"type":"if","locations":[{"start":{"line":33,"column":4},"end":{"line":33,"column":null}}]},"1":{"loc":{"start":{"line":54,"column":26},"end":{"line":54,"column":null}},"type":"binary-expr","locations":[{"start":{"line":54,"column":26},"end":{"line":54,"column":57}},{"start":{"line":54,"column":61},"end":{"line":54,"column":null}}]},"2":{"loc":{"start":{"line":64,"column":12},"end":{"line":67,"column":null}},"type":"if","locations":[{"start":{"line":64,"column":12},"end":{"line":67,"column":null}}]},"3":{"loc":{"start":{"line":98,"column":9},"end":{"line":98,"column":null}},"type":"binary-expr","locations":[{"start":{"line":98,"column":9},"end":{"line":98,"column":null}}]},"4":{"loc":{"start":{"line":111,"column":9},"end":{"line":111,"column":null}},"type":"binary-expr","locations":[{"start":{"line":111,"column":9},"end":{"line":111,"column":null}}]},"5":{"loc":{"start":{"line":151,"column":25},"end":{"line":151,"column":null}},"type":"binary-expr","locations":[{"start":{"line":151,"column":25},"end":{"line":151,"column":null}}]},"6":{"loc":{"start":{"line":153,"column":29},"end":{"line":153,"column":null}},"type":"binary-expr","locations":[{"start":{"line":153,"column":29},"end":{"line":153,"column":null}}]},"7":{"loc":{"start":{"line":158,"column":29},"end":{"line":158,"column":null}},"type":"binary-expr","locations":[{"start":{"line":158,"column":29},"end":{"line":158,"column":null}}]},"8":{"loc":{"start":{"line":173,"column":29},"end":{"line":173,"column":null}},"type":"binary-expr","locations":[{"start":{"line":173,"column":29},"end":{"line":173,"column":null}}]},"9":{"loc":{"start":{"line":191,"column":23},"end":{"line":191,"column":35}},"type":"binary-expr","locations":[{"start":{"line":191,"column":23},"end":{"line":191,"column":35}},{"start":{"line":191,"column":35},"end":{"line":191,"column":null}}]},"10":{"loc":{"start":{"line":201,"column":23},"end":{"line":201,"column":35}},"type":"binary-expr","locations":[{"start":{"line":201,"column":23},"end":{"line":201,"column":35}},{"start":{"line":201,"column":35},"end":{"line":201,"column":66}},{"start":{"line":201,"column":66},"end":{"line":201,"column":80}}]},"11":{"loc":{"start":{"line":215,"column":15},"end":{"line":215,"column":null}},"type":"cond-expr","locations":[{"start":{"line":215,"column":29},"end":{"line":215,"column":44}},{"start":{"line":215,"column":44},"end":{"line":215,"column":null}}]}},"s":{"0":0,"1":0,"2":0,"3":0,"4":0,"5":0,"6":0,"7":0,"8":0,"9":0,"10":0,"11":0,"12":0,"13":0,"14":0,"15":0,"16":0,"17":0,"18":0,"19":0,"20":0,"21":0,"22":0,"23":0,"24":0,"25":0,"26":0,"27":0,"28":0,"29":0,"30":0,"31":0,"32":0,"33":0,"34":0,"35":0,"36":0,"37":0,"38":0,"39":0,"40":0,"41":0,"42":0,"43":0,"44":0,"45":0},"f":{"0":0,"1":0,"2":0,"3":0,"4":0,"5":0,"6":0,"7":0,"8":0},"b":{"0":[0],"1":[0,0],"2":[0],"3":[0],"4":[0],"5":[0],"6":[0],"7":[0],"8":[0],"9":[0,0],"10":[0,0,0],"11":[0,0]}}
,"C:\\ks\\workspace\\photo_manegement\\frontend\\src\\components\\common\\ErrorBoundary.tsx": {"path":"C:\\ks\\workspace\\photo_manegement\\frontend\\src\\components\\common\\ErrorBoundary.tsx","statementMap":{"0":{"start":{"line":19,"column":13},"end":{"line":19,"column":35}},"1":{"start":{"line":7,"column":18},"end":{"line":7,"column":null}},"2":{"start":{"line":24,"column":4},"end":{"line":24,"column":null}},"3":{"start":{"line":36,"column":2},"end":{"line":38,"column":null}},"4":{"start":{"line":37,"column":4},"end":{"line":37,"column":null}},"5":{"start":{"line":25,"column":4},"end":{"line":25,"column":null}},"6":{"start":{"line":29,"column":4},"end":{"line":29,"column":null}},"7":{"start":{"line":33,"column":4},"end":{"line":33,"column":null}},"8":{"start":{"line":41,"column":4},"end":{"line":50,"column":null}},"9":{"start":{"line":42,"column":6},"end":{"line":47,"column":null}},"10":{"start":{"line":43,"column":34},"end":{"line":43,"column":53}},"11":{"start":{"line":52,"column":4},"end":{"line":52,"column":null}}},"fnMap":{"0":{"name":"(anonymous_2)","decl":{"start":{"line":23,"column":2},"end":{"line":23,"column":14}},"loc":{"start":{"line":23,"column":41},"end":{"line":26,"column":null}}},"1":{"name":"(anonymous_3)","decl":{"start":{"line":36,"column":10},"end":{"line":36,"column":null}},"loc":{"start":{"line":36,"column":10},"end":{"line":38,"column":null}}},"2":{"name":"(anonymous_4)","decl":{"start":{"line":28,"column":2},"end":{"line":28,"column":9}},"loc":{"start":{"line":28,"column":68},"end":{"line":30,"column":null}}},"3":{"name":"(anonymous_5)","decl":{"start":{"line":32,"column":2},"end":{"line":32,"column":20}},"loc":{"start":{"line":32,"column":62},"end":{"line":34,"column":null}}},"4":{"name":"(anonymous_6)","decl":{"start":{"line":40,"column":2},"end":{"line":40,"column":11}},"loc":{"start":{"line":40,"column":11},"end":{"line":53,"column":null}}},"5":{"name":"DefaultErrorFallback","decl":{"start":{"line":56,"column":9},"end":{"line":56,"column":30}},"loc":{"start":{"line":62,"column":1},"end":{"line":122,"column":null}}}},"branchMap":{"0":{"loc":{"start":{"line":41,"column":4},"end":{"line":50,"column":null}},"type":"if","locations":[{"start":{"line":41,"column":4},"end":{"line":50,"column":null}}]},"1":{"loc":{"start":{"line":41,"column":8},"end":{"line":41,"column":47}},"type":"binary-expr","locations":[{"start":{"line":41,"column":8},"end":{"line":41,"column":27}},{"start":{"line":41,"column":31},"end":{"line":41,"column":47}}]},"2":{"loc":{"start":{"line":42,"column":6},"end":{"line":47,"column":null}},"type":"if","locations":[{"start":{"line":42,"column":6},"end":{"line":47,"column":null}}]}},"s":{"0":0,"1":0,"2":0,"3":0,"4":0,"5":0,"6":0,"7":0,"8":0,"9":0,"10":0,"11":0},"f":{"0":0,"1":0,"2":0,"3":0,"4":0,"5":0},"b":{"0":[0],"1":[0,0],"2":[0]}}
,"C:\\ks\\workspace\\photo_manegement\\frontend\\src\\components\\common\\NotificationToast.tsx": {"path":"C:\\ks\\workspace\\photo_manegement\\frontend\\src\\components\\common\\NotificationToast.tsx","statementMap":{"0":{"start":{"line":10,"column":16},"end":{"line":10,"column":null}},"1":{"start":{"line":7,"column":27},"end":{"line":7,"column":null}},"2":{"start":{"line":8,"column":26},"end":{"line":8,"column":null}},"3":{"start":{"line":11,"column":24},"end":{"line":11,"column":null}},"4":{"start":{"line":11,"column":46},"end":{"line":11,"column":65}},"5":{"start":{"line":12,"column":29},"end":{"line":12,"column":null}},"6":{"start":{"line":12,"column":51},"end":{"line":12,"column":75}},"7":{"start":{"line":17,"column":8},"end":{"line":18,"column":null}},"8":{"start":{"line":20,"column":25},"end":{"line":20,"column":null}},"9":{"start":{"line":41,"column":2},"end":{"line":46,"column":null}},"10":{"start":{"line":42,"column":4},"end":{"line":45,"column":null}},"11":{"start":{"line":43,"column":20},"end":{"line":43,"column":null}},"12":{"start":{"line":44,"column":6},"end":{"line":44,"column":null}},"13":{"start":{"line":44,"column":19},"end":{"line":44,"column":null}},"14":{"start":{"line":48,"column":19},"end":{"line":53,"column":null}},"15":{"start":{"line":55,"column":21},"end":{"line":60,"column":null}},"16":{"start":{"line":62,"column":16},"end":{"line":115,"column":null}}},"fnMap":{"0":{"name":"NotificationToast","decl":{"start":{"line":10,"column":16},"end":{"line":10,"column":null}},"loc":{"start":{"line":10,"column":16},"end":{"line":25,"column":null}}},"1":{"name":"(anonymous_2)","decl":{"start":{"line":11,"column":35},"end":{"line":11,"column":36}},"loc":{"start":{"line":11,"column":46},"end":{"line":11,"column":65}}},"2":{"name":"(anonymous_3)","decl":{"start":{"line":12,"column":40},"end":{"line":12,"column":41}},"loc":{"start":{"line":12,"column":51},"end":{"line":12,"column":75}}},"3":{"name":"(anonymous_4)","decl":{"start":{"line":16,"column":25},"end":{"line":16,"column":26}},"loc":{"start":{"line":17,"column":8},"end":{"line":18,"column":null}}},"4":{"name":"(anonymous_5)","decl":{"start":{"line":20,"column":19},"end":{"line":20,"column":25}},"loc":{"start":{"line":20,"column":25},"end":{"line":20,"column":null}}},"5":{"name":"NotificationItem","decl":{"start":{"line":35,"column":9},"end":{"line":35,"column":26}},"loc":{"start":{"line":40,"column":24},"end":{"line":139,"column":null}}},"6":{"name":"(anonymous_7)","decl":{"start":{"line":41,"column":12},"end":{"line":41,"column":null}},"loc":{"start":{"line":41,"column":12},"end":{"line":46,"column":5}}},"7":{"name":"(anonymous_8)","decl":{"start":{"line":44,"column":13},"end":{"line":44,"column":19}},"loc":{"start":{"line":44,"column":19},"end":{"line":44,"column":null}}}},"branchMap":{"0":{"loc":{"start":{"line":42,"column":4},"end":{"line":45,"column":null}},"type":"if","locations":[{"start":{"line":42,"column":4},"end":{"line":45,"column":null}}]},"1":{"loc":{"start":{"line":42,"column":8},"end":{"line":42,"column":34}},"type":"binary-expr","locations":[{"start":{"line":42,"column":8},"end":{"line":42,"column":20}},{"start":{"line":42,"column":20},"end":{"line":42,"column":34}}]}},"s":{"0":0,"1":0,"2":0,"3":0,"4":0,"5":0,"6":0,"7":0,"8":0,"9":0,"10":0,"11":0,"12":0,"13":0,"14":0,"15":0,"16":0},"f":{"0":0,"1":0,"2":0,"3":0,"4":0,"5":0,"6":0,"7":0},"b":{"0":[0],"1":[0,0]}}
,"C:\\ks\\workspace\\photo_manegement\\frontend\\src\\components\\duplicate\\DuplicateComparison.tsx": {"path":"C:\\ks\\workspace\\photo_manegement\\frontend\\src\\components\\duplicate\\DuplicateComparison.tsx","statementMap":{"0":{"start":{"line":24,"column":16},"end":{"line":24,"column":36}},"1":{"start":{"line":29,"column":54},"end":{"line":29,"column":null}},"2":{"start":{"line":31,"column":29},"end":{"line":36,"column":null}},"3":{"start":{"line":32,"column":4},"end":{"line":32,"column":null}},"4":{"start":{"line":32,"column":23},"end":{"line":32,"column":null}},"5":{"start":{"line":33,"column":4},"end":{"line":33,"column":null}},"6":{"start":{"line":33,"column":23},"end":{"line":33,"column":null}},"7":{"start":{"line":34,"column":4},"end":{"line":34,"column":null}},"8":{"start":{"line":34,"column":23},"end":{"line":34,"column":null}},"9":{"start":{"line":35,"column":4},"end":{"line":35,"column":null}},"10":{"start":{"line":38,"column":29},"end":{"line":43,"column":null}},"11":{"start":{"line":39,"column":4},"end":{"line":39,"column":null}},"12":{"start":{"line":39,"column":23},"end":{"line":39,"column":null}},"13":{"start":{"line":40,"column":4},"end":{"line":40,"column":null}},"14":{"start":{"line":40,"column":23},"end":{"line":40,"column":null}},"15":{"start":{"line":41,"column":4},"end":{"line":41,"column":null}},"16":{"start":{"line":41,"column":23},"end":{"line":41,"column":null}},"17":{"start":{"line":42,"column":4},"end":{"line":42,"column":null}},"18":{"start":{"line":76,"column":26},"end":{"line":76,"column":null}},"19":{"start":{"line":84,"column":26},"end":{"line":84,"column":null}},"20":{"start":{"line":93,"column":27},"end":{"line":93,"column":null}}},"fnMap":{"0":{"name":"DuplicateComparison","decl":{"start":{"line":24,"column":16},"end":{"line":24,"column":36}},"loc":{"start":{"line":28,"column":27},"end":{"line":105,"column":null}}},"1":{"name":"(anonymous_2)","decl":{"start":{"line":31,"column":29},"end":{"line":31,"column":30}},"loc":{"start":{"line":31,"column":30},"end":{"line":36,"column":null}}},"2":{"name":"(anonymous_3)","decl":{"start":{"line":38,"column":29},"end":{"line":38,"column":30}},"loc":{"start":{"line":38,"column":30},"end":{"line":43,"column":null}}},"3":{"name":"(anonymous_4)","decl":{"start":{"line":76,"column":20},"end":{"line":76,"column":26}},"loc":{"start":{"line":76,"column":26},"end":{"line":76,"column":null}}},"4":{"name":"(anonymous_5)","decl":{"start":{"line":84,"column":20},"end":{"line":84,"column":26}},"loc":{"start":{"line":84,"column":26},"end":{"line":84,"column":null}}},"5":{"name":"(anonymous_6)","decl":{"start":{"line":93,"column":21},"end":{"line":93,"column":27}},"loc":{"start":{"line":93,"column":27},"end":{"line":93,"column":null}}},"6":{"name":"PhotoComparisonCard","decl":{"start":{"line":114,"column":9},"end":{"line":114,"column":29}},"loc":{"start":{"line":119,"column":27},"end":{"line":182,"column":null}}}},"branchMap":{"0":{"loc":{"start":{"line":32,"column":4},"end":{"line":32,"column":null}},"type":"if","locations":[{"start":{"line":32,"column":4},"end":{"line":32,"column":null}}]},"1":{"loc":{"start":{"line":33,"column":4},"end":{"line":33,"column":null}},"type":"if","locations":[{"start":{"line":33,"column":4},"end":{"line":33,"column":null}}]},"2":{"loc":{"start":{"line":34,"column":4},"end":{"line":34,"column":null}},"type":"if","locations":[{"start":{"line":34,"column":4},"end":{"line":34,"column":null}}]},"3":{"loc":{"start":{"line":39,"column":4},"end":{"line":39,"column":null}},"type":"if","locations":[{"start":{"line":39,"column":4},"end":{"line":39,"column":null}}]},"4":{"loc":{"start":{"line":40,"column":4},"end":{"line":40,"column":null}},"type":"if","locations":[{"start":{"line":40,"column":4},"end":{"line":40,"column":null}}]},"5":{"loc":{"start":{"line":41,"column":4},"end":{"line":41,"column":null}},"type":"if","locations":[{"start":{"line":41,"column":4},"end":{"line":41,"column":null}}]},"6":{"loc":{"start":{"line":57,"column":9},"end":{"line":57,"column":null}},"type":"binary-expr","locations":[{"start":{"line":57,"column":9},"end":{"line":57,"column":null}}]},"7":{"loc":{"start":{"line":60,"column":14},"end":{"line":62,"column":null}},"type":"cond-expr","locations":[{"start":{"line":61,"column":18},"end":{"line":61,"column":null}},{"start":{"line":62,"column":18},"end":{"line":62,"column":null}}]},"8":{"loc":{"start":{"line":65,"column":13},"end":{"line":65,"column":null}},"type":"cond-expr","locations":[{"start":{"line":65,"column":38},"end":{"line":65,"column":47}},{"start":{"line":65,"column":47},"end":{"line":65,"column":null}}]},"9":{"loc":{"start":{"line":90,"column":7},"end":{"line":90,"column":null}},"type":"binary-expr","locations":[{"start":{"line":90,"column":7},"end":{"line":90,"column":null}}]},"10":{"loc":{"start":{"line":125,"column":10},"end":{"line":131,"column":11}},"type":"cond-expr","locations":[{"start":{"line":125,"column":10},"end":{"line":131,"column":11}}]},"11":{"loc":{"start":{"line":162,"column":11},"end":{"line":162,"column":29}},"type":"binary-expr","locations":[{"start":{"line":162,"column":11},"end":{"line":162,"column":29}}]},"12":{"loc":{"start":{"line":165,"column":11},"end":{"line":165,"column":null}},"type":"binary-expr","locations":[{"start":{"line":165,"column":11},"end":{"line":165,"column":null}}]},"13":{"loc":{"start":{"line":171,"column":9},"end":{"line":171,"column":null}},"type":"binary-expr","locations":[{"start":{"line":171,"column":9},"end":{"line":171,"column":null}}]}},"s":{"0":0,"1":0,"2":0,"3":0,"4":0,"5":0,"6":0,"7":0,"8":0,"9":0,"10":0,"11":0,"12":0,"13":0,"14":0,"15":0,"16":0,"17":0,"18":0,"19":0,"20":0},"f":{"0":0,"1":0,"2":0,"3":0,"4":0,"5":0,"6":0},"b":{"0":[0],"1":[0],"2":[0],"3":[0],"4":[0],"5":[0],"6":[0],"7":[0,0],"8":[0,0],"9":[0],"10":[0],"11":[0],"12":[0],"13":[0]}}
,"C:\\ks\\workspace\\photo_manegement\\frontend\\src\\components\\export\\ExportWizard.tsx": {"path":"C:\\ks\\workspace\\photo_manegement\\frontend\\src\\components\\export\\ExportWizard.tsx","statementMap":{"0":{"start":{"line":28,"column":16},"end":{"line":28,"column":29}},"1":{"start":{"line":7,"column":25},"end":{"line":7,"column":null}},"2":{"start":{"line":22,"column":5},"end":{"line":22,"column":null}},"3":{"start":{"line":29,"column":40},"end":{"line":29,"column":null}},"4":{"start":{"line":30,"column":50},"end":{"line":30,"column":null}},"5":{"start":{"line":31,"column":30},"end":{"line":31,"column":null}},"6":{"start":{"line":32,"column":36},"end":{"line":32,"column":null}},"7":{"start":{"line":33,"column":46},"end":{"line":33,"column":null}},"8":{"start":{"line":34,"column":32},"end":{"line":39,"column":null}},"9":{"start":{"line":41,"column":26},"end":{"line":47,"column":null}},"10":{"start":{"line":42,"column":4},"end":{"line":46,"column":null}},"11":{"start":{"line":43,"column":6},"end":{"line":43,"column":null}},"12":{"start":{"line":45,"column":6},"end":{"line":45,"column":null}},"13":{"start":{"line":45,"column":44},"end":{"line":45,"column":48}},"14":{"start":{"line":49,"column":28},"end":{"line":55,"column":null}},"15":{"start":{"line":50,"column":4},"end":{"line":53,"column":null}},"16":{"start":{"line":51,"column":6},"end":{"line":53,"column":null}},"17":{"start":{"line":52,"column":30},"end":{"line":52,"column":null}},"18":{"start":{"line":57,"column":21},"end":{"line":59,"column":null}},"19":{"start":{"line":58,"column":4},"end":{"line":58,"column":null}},"20":{"start":{"line":58,"column":29},"end":{"line":58,"column":null}},"21":{"start":{"line":61,"column":21},"end":{"line":63,"column":null}},"22":{"start":{"line":62,"column":4},"end":{"line":62,"column":null}},"23":{"start":{"line":62,"column":29},"end":{"line":62,"column":null}},"24":{"start":{"line":65,"column":23},"end":{"line":89,"column":null}},"25":{"start":{"line":66,"column":4},"end":{"line":66,"column":null}},"26":{"start":{"line":67,"column":4},"end":{"line":67,"column":null}},"27":{"start":{"line":69,"column":4},"end":{"line":88,"column":null}},"28":{"start":{"line":71,"column":31},"end":{"line":73,"column":null}},"29":{"start":{"line":72,"column":8},"end":{"line":72,"column":null}},"30":{"start":{"line":72,"column":36},"end":{"line":72,"column":null}},"31":{"start":{"line":75,"column":6},"end":{"line":75,"column":null}},"32":{"start":{"line":77,"column":6},"end":{"line":77,"column":null}},"33":{"start":{"line":78,"column":6},"end":{"line":78,"column":null}},"34":{"start":{"line":80,"column":6},"end":{"line":82,"column":null}},"35":{"start":{"line":81,"column":8},"end":{"line":81,"column":null}},"36":{"start":{"line":84,"column":6},"end":{"line":84,"column":null}},"37":{"start":{"line":85,"column":6},"end":{"line":85,"column":null}},"38":{"start":{"line":87,"column":6},"end":{"line":87,"column":null}},"39":{"start":{"line":115,"column":14},"end":{"line":115,"column":30}},"40":{"start":{"line":165,"column":20},"end":{"line":166,"column":null}},"41":{"start":{"line":167,"column":37},"end":{"line":167,"column":null}},"42":{"start":{"line":206,"column":37},"end":{"line":206,"column":null}},"43":{"start":{"line":220,"column":41},"end":{"line":220,"column":null}},"44":{"start":{"line":229,"column":41},"end":{"line":229,"column":null}},"45":{"start":{"line":238,"column":41},"end":{"line":238,"column":null}}},"fnMap":{"0":{"name":"(anonymous_1)","decl":{"start":{"line":22,"column":5},"end":{"line":22,"column":null}},"loc":{"start":{"line":22,"column":5},"end":{"line":22,"column":null}}},"1":{"name":"ExportWizard","decl":{"start":{"line":28,"column":16},"end":{"line":28,"column":29}},"loc":{"start":{"line":28,"column":69},"end":{"line":348,"column":null}}},"2":{"name":"(anonymous_3)","decl":{"start":{"line":41,"column":26},"end":{"line":41,"column":null}},"loc":{"start":{"line":41,"column":26},"end":{"line":47,"column":null}}},"3":{"name":"(anonymous_4)","decl":{"start":{"line":45,"column":37},"end":{"line":45,"column":38}},"loc":{"start":{"line":45,"column":44},"end":{"line":45,"column":48}}},"4":{"name":"(anonymous_5)","decl":{"start":{"line":49,"column":28},"end":{"line":49,"column":29}},"loc":{"start":{"line":49,"column":29},"end":{"line":55,"column":null}}},"5":{"name":"(anonymous_6)","decl":{"start":{"line":50,"column":24},"end":{"line":50,"column":25}},"loc":{"start":{"line":51,"column":6},"end":{"line":53,"column":null}}},"6":{"name":"(anonymous_7)","decl":{"start":{"line":52,"column":22},"end":{"line":52,"column":23}},"loc":{"start":{"line":52,"column":30},"end":{"line":52,"column":null}}},"7":{"name":"(anonymous_8)","decl":{"start":{"line":57,"column":21},"end":{"line":57,"column":null}},"loc":{"start":{"line":57,"column":21},"end":{"line":59,"column":null}}},"8":{"name":"(anonymous_9)","decl":{"start":{"line":58,"column":19},"end":{"line":58,"column":20}},"loc":{"start":{"line":58,"column":29},"end":{"line":58,"column":null}}},"9":{"name":"(anonymous_10)","decl":{"start":{"line":61,"column":21},"end":{"line":61,"column":null}},"loc":{"start":{"line":61,"column":21},"end":{"line":63,"column":null}}},"10":{"name":"(anonymous_11)","decl":{"start":{"line":62,"column":19},"end":{"line":62,"column":20}},"loc":{"start":{"line":62,"column":29},"end":{"line":62,"column":null}}},"11":{"name":"(anonymous_12)","decl":{"start":{"line":65,"column":23},"end":{"line":65,"column":null}},"loc":{"start":{"line":65,"column":23},"end":{"line":89,"column":null}}},"12":{"name":"(anonymous_13)","decl":{"start":{"line":71,"column":43},"end":{"line":71,"column":null}},"loc":{"start":{"line":71,"column":43},"end":{"line":73,"column":9}}},"13":{"name":"(anonymous_14)","decl":{"start":{"line":72,"column":26},"end":{"line":72,"column":27}},"loc":{"start":{"line":72,"column":36},"end":{"line":72,"column":null}}},"14":{"name":"(anonymous_15)","decl":{"start":{"line":80,"column":17},"end":{"line":80,"column":null}},"loc":{"start":{"line":80,"column":17},"end":{"line":82,"column":9}}},"15":{"name":"(anonymous_16)","decl":{"start":{"line":114,"column":18},"end":{"line":114,"column":19}},"loc":{"start":{"line":115,"column":14},"end":{"line":115,"column":30}}},"16":{"name":"(anonymous_17)","decl":{"start":{"line":164,"column":30},"end":{"line":164,"column":31}},"loc":{"start":{"line":165,"column":20},"end":{"line":166,"column":null}}},"17":{"name":"(anonymous_18)","decl":{"start":{"line":167,"column":31},"end":{"line":167,"column":37}},"loc":{"start":{"line":167,"column":37},"end":{"line":167,"column":null}}},"18":{"name":"(anonymous_19)","decl":{"start":{"line":206,"column":30},"end":{"line":206,"column":31}},"loc":{"start":{"line":206,"column":37},"end":{"line":206,"column":null}}},"19":{"name":"(anonymous_20)","decl":{"start":{"line":220,"column":34},"end":{"line":220,"column":35}},"loc":{"start":{"line":220,"column":41},"end":{"line":220,"column":null}}},"20":{"name":"(anonymous_21)","decl":{"start":{"line":229,"column":34},"end":{"line":229,"column":35}},"loc":{"start":{"line":229,"column":41},"end":{"line":229,"column":null}}},"21":{"name":"(anonymous_22)","decl":{"start":{"line":238,"column":34},"end":{"line":238,"column":35}},"loc":{"start":{"line":238,"column":41},"end":{"line":238,"column":null}}}},"branchMap":{"0":{"loc":{"start":{"line":22,"column":5},"end":{"line":22,"column":null}},"type":"binary-expr","locations":[{"start":{"line":22,"column":5},"end":{"line":22,"column":null}},{"start":{"line":22,"column":5},"end":{"line":22,"column":null}}]},"1":{"loc":{"start":{"line":42,"column":4},"end":{"line":46,"column":null}},"type":"if","locations":[{"start":{"line":42,"column":4},"end":{"line":46,"column":null}},{"start":{"line":44,"column":11},"end":{"line":46,"column":null}}]},"2":{"loc":{"start":{"line":51,"column":6},"end":{"line":53,"column":null}},"type":"cond-expr","locations":[{"start":{"line":52,"column":10},"end":{"line":52,"column":null}},{"start":{"line":53,"column":10},"end":{"line":53,"column":null}}]},"3":{"loc":{"start":{"line":116,"column":53},"end":{"line":116,"column":79}},"type":"cond-expr","locations":[{"start":{"line":116,"column":65},"end":{"line":116,"column":76}},{"start":{"line":116,"column":76},"end":{"line":116,"column":79}}]},"4":{"loc":{"start":{"line":117,"column":19},"end":{"line":117,"column":null}},"type":"binary-expr","locations":[{"start":{"line":117,"column":19},"end":{"line":117,"column":null}}]},"5":{"loc":{"start":{"line":120,"column":24},"end":{"line":120,"column":null}},"type":"cond-expr","locations":[{"start":{"line":120,"column":49},"end":{"line":120,"column":65}},{"start":{"line":120,"column":65},"end":{"line":120,"column":null}}]},"6":{"loc":{"start":{"line":126,"column":22},"end":{"line":128,"column":null}},"type":"cond-expr","locations":[{"start":{"line":127,"column":26},"end":{"line":127,"column":null}},{"start":{"line":128,"column":26},"end":{"line":128,"column":null}}]},"7":{"loc":{"start":{"line":135,"column":22},"end":{"line":135,"column":null}},"type":"cond-expr","locations":[{"start":{"line":135,"column":44},"end":{"line":135,"column":62}},{"start":{"line":135,"column":62},"end":{"line":135,"column":null}}]},"8":{"loc":{"start":{"line":148,"column":11},"end":{"line":148,"column":null}},"type":"binary-expr","locations":[{"start":{"line":148,"column":11},"end":{"line":148,"column":null}}]},"9":{"loc":{"start":{"line":156,"column":19},"end":{"line":156,"column":null}},"type":"cond-expr","locations":[{"start":{"line":156,"column":63},"end":{"line":156,"column":72}},{"start":{"line":156,"column":72},"end":{"line":156,"column":null}}]},"10":{"loc":{"start":{"line":161,"column":16},"end":{"line":163,"column":17}},"type":"cond-expr","locations":[{"start":{"line":161,"column":16},"end":{"line":163,"column":17}}]},"11":{"loc":{"start":{"line":169,"column":24},"end":{"line":171,"column":null}},"type":"cond-expr","locations":[{"start":{"line":170,"column":28},"end":{"line":170,"column":null}},{"start":{"line":171,"column":28},"end":{"line":171,"column":null}}]},"12":{"loc":{"start":{"line":180,"column":23},"end":{"line":180,"column":null}},"type":"binary-expr","locations":[{"start":{"line":180,"column":23},"end":{"line":180,"column":null}}]},"13":{"loc":{"start":{"line":194,"column":11},"end":{"line":194,"column":null}},"type":"binary-expr","locations":[{"start":{"line":194,"column":11},"end":{"line":194,"column":null}}]},"14":{"loc":{"start":{"line":254,"column":11},"end":{"line":254,"column":null}},"type":"binary-expr","locations":[{"start":{"line":254,"column":11},"end":{"line":254,"column":null}}]},"15":{"loc":{"start":{"line":257,"column":16},"end":{"line":291,"column":null}},"type":"cond-expr","locations":[{"start":{"line":257,"column":16},"end":{"line":291,"column":null}}]},"16":{"loc":{"start":{"line":326,"column":13},"end":{"line":326,"column":55}},"type":"binary-expr","locations":[{"start":{"line":326,"column":13},"end":{"line":326,"column":55}},{"start":{"line":326,"column":55},"end":{"line":326,"column":null}}]},"17":{"loc":{"start":{"line":334,"column":13},"end":{"line":334,"column":null}},"type":"binary-expr","locations":[{"start":{"line":334,"column":13},"end":{"line":334,"column":null}}]},"18":{"loc":{"start":{"line":336,"column":25},"end":{"line":336,"column":null}},"type":"cond-expr","locations":[{"start":{"line":336,"column":64},"end":{"line":336,"column":79}},{"start":{"line":336,"column":79},"end":{"line":336,"column":null}}]},"19":{"loc":{"start":{"line":337,"column":26},"end":{"line":337,"column":null}},"type":"binary-expr","locations":[{"start":{"line":337,"column":26},"end":{"line":337,"column":70}},{"start":{"line":337,"column":70},"end":{"line":337,"column":null}}]},"20":{"loc":{"start":{"line":340,"column":17},"end":{"line":340,"column":null}},"type":"cond-expr","locations":[{"start":{"line":340,"column":56},"end":{"line":340,"column":67}},{"start":{"line":340,"column":67},"end":{"line":340,"column":null}}]}},"s":{"0":0,"1":0,"2":0,"3":0,"4":0,"5":0,"6":0,"7":0,"8":0,"9":0,"10":0,"11":0,"12":0,"13":0,"14":0,"15":0,"16":0,"17":0,"18":0,"19":0,"20":0,"21":0,"22":0,"23":0,"24":0,"25":0,"26":0,"27":0,"28":0,"29":0,"30":0,"31":0,"32":0,"33":0,"34":0,"35":0,"36":0,"37":0,"38":0,"39":0,"40":0,"41":0,"42":0,"43":0,"44":0,"45":0},"f":{"0":0,"1":0,"2":0,"3":0,"4":0,"5":0,"6":0,"7":0,"8":0,"9":0,"10":0,"11":0,"12":0,"13":0,"14":0,"15":0,"16":0,"17":0,"18":0,"19":0,"20":0,"21":0},"b":{"0":[0,0],"1":[0,0],"2":[0,0],"3":[0,0],"4":[0],"5":[0,0],"6":[0,0],"7":[0,0],"8":[0],"9":[0,0],"10":[0],"11":[0,0],"12":[0],"13":[0],"14":[0],"15":[0],"16":[0,0],"17":[0],"18":[0,0],"19":[0,0],"20":[0,0]}}
,"C:\\ks\\workspace\\photo_manegement\\frontend\\src\\components\\export\\PhotoAlbumDialog.tsx": {"path":"C:\\ks\\workspace\\photo_manegement\\frontend\\src\\components\\export\\PhotoAlbumDialog.tsx","statementMap":{"0":{"start":{"line":42,"column":16},"end":{"line":42,"column":33}},"1":{"start":{"line":7,"column":25},"end":{"line":7,"column":null}},"2":{"start":{"line":30,"column":16},"end":{"line":34,"column":null}},"3":{"start":{"line":36,"column":18},"end":{"line":40,"column":null}},"4":{"start":{"line":43,"column":42},"end":{"line":43,"column":null}},"5":{"start":{"line":44,"column":34},"end":{"line":44,"column":null}},"6":{"start":{"line":45,"column":32},"end":{"line":57,"column":null}},"7":{"start":{"line":59,"column":25},"end":{"line":83,"column":null}},"8":{"start":{"line":60,"column":4},"end":{"line":60,"column":null}},"9":{"start":{"line":61,"column":4},"end":{"line":61,"column":null}},"10":{"start":{"line":63,"column":4},"end":{"line":82,"column":null}},"11":{"start":{"line":65,"column":31},"end":{"line":67,"column":null}},"12":{"start":{"line":66,"column":8},"end":{"line":66,"column":null}},"13":{"start":{"line":66,"column":30},"end":{"line":66,"column":null}},"14":{"start":{"line":69,"column":6},"end":{"line":69,"column":null}},"15":{"start":{"line":71,"column":6},"end":{"line":71,"column":null}},"16":{"start":{"line":72,"column":6},"end":{"line":72,"column":null}},"17":{"start":{"line":74,"column":6},"end":{"line":76,"column":null}},"18":{"start":{"line":75,"column":8},"end":{"line":75,"column":null}},"19":{"start":{"line":78,"column":6},"end":{"line":78,"column":null}},"20":{"start":{"line":79,"column":6},"end":{"line":79,"column":null}},"21":{"start":{"line":81,"column":6},"end":{"line":81,"column":null}},"22":{"start":{"line":85,"column":22},"end":{"line":92,"column":null}},"23":{"start":{"line":86,"column":4},"end":{"line":90,"column":null}},"24":{"start":{"line":123,"column":20},"end":{"line":124,"column":null}},"25":{"start":{"line":125,"column":37},"end":{"line":125,"column":null}},"26":{"start":{"line":146,"column":20},"end":{"line":146,"column":45}},"27":{"start":{"line":151,"column":40},"end":{"line":151,"column":null}},"28":{"start":{"line":175,"column":24},"end":{"line":178,"column":null}},"29":{"start":{"line":190,"column":24},"end":{"line":193,"column":null}},"30":{"start":{"line":205,"column":24},"end":{"line":208,"column":null}},"31":{"start":{"line":220,"column":24},"end":{"line":223,"column":null}},"32":{"start":{"line":243,"column":24},"end":{"line":243,"column":null}},"33":{"start":{"line":254,"column":39},"end":{"line":254,"column":null}},"34":{"start":{"line":264,"column":39},"end":{"line":264,"column":null}}},"fnMap":{"0":{"name":"PhotoAlbumDialog","decl":{"start":{"line":42,"column":16},"end":{"line":42,"column":33}},"loc":{"start":{"line":42,"column":79},"end":{"line":354,"column":null}}},"1":{"name":"(anonymous_2)","decl":{"start":{"line":59,"column":25},"end":{"line":59,"column":null}},"loc":{"start":{"line":59,"column":25},"end":{"line":83,"column":null}}},"2":{"name":"(anonymous_3)","decl":{"start":{"line":65,"column":43},"end":{"line":65,"column":null}},"loc":{"start":{"line":65,"column":43},"end":{"line":67,"column":9}}},"3":{"name":"(anonymous_4)","decl":{"start":{"line":66,"column":20},"end":{"line":66,"column":21}},"loc":{"start":{"line":66,"column":30},"end":{"line":66,"column":null}}},"4":{"name":"(anonymous_5)","decl":{"start":{"line":74,"column":17},"end":{"line":74,"column":null}},"loc":{"start":{"line":74,"column":17},"end":{"line":76,"column":9}}},"5":{"name":"(anonymous_6)","decl":{"start":{"line":85,"column":22},"end":{"line":85,"column":null}},"loc":{"start":{"line":85,"column":22},"end":{"line":92,"column":null}}},"6":{"name":"(anonymous_7)","decl":{"start":{"line":122,"column":31},"end":{"line":122,"column":32}},"loc":{"start":{"line":123,"column":20},"end":{"line":124,"column":null}}},"7":{"name":"(anonymous_8)","decl":{"start":{"line":125,"column":31},"end":{"line":125,"column":37}},"loc":{"start":{"line":125,"column":37},"end":{"line":125,"column":null}}},"8":{"name":"(anonymous_9)","decl":{"start":{"line":145,"column":33},"end":{"line":145,"column":34}},"loc":{"start":{"line":146,"column":20},"end":{"line":146,"column":45}}},"9":{"name":"(anonymous_10)","decl":{"start":{"line":151,"column":34},"end":{"line":151,"column":40}},"loc":{"start":{"line":151,"column":40},"end":{"line":151,"column":null}}},"10":{"name":"(anonymous_11)","decl":{"start":{"line":174,"column":32},"end":{"line":174,"column":33}},"loc":{"start":{"line":175,"column":24},"end":{"line":178,"column":null}}},"11":{"name":"(anonymous_12)","decl":{"start":{"line":189,"column":32},"end":{"line":189,"column":33}},"loc":{"start":{"line":190,"column":24},"end":{"line":193,"column":null}}},"12":{"name":"(anonymous_13)","decl":{"start":{"line":204,"column":32},"end":{"line":204,"column":33}},"loc":{"start":{"line":205,"column":24},"end":{"line":208,"column":null}}},"13":{"name":"(anonymous_14)","decl":{"start":{"line":219,"column":32},"end":{"line":219,"column":33}},"loc":{"start":{"line":220,"column":24},"end":{"line":223,"column":null}}},"14":{"name":"(anonymous_15)","decl":{"start":{"line":242,"column":32},"end":{"line":242,"column":33}},"loc":{"start":{"line":243,"column":24},"end":{"line":243,"column":null}}},"15":{"name":"(anonymous_16)","decl":{"start":{"line":254,"column":32},"end":{"line":254,"column":33}},"loc":{"start":{"line":254,"column":39},"end":{"line":254,"column":null}}},"16":{"name":"(anonymous_17)","decl":{"start":{"line":264,"column":32},"end":{"line":264,"column":33}},"loc":{"start":{"line":264,"column":39},"end":{"line":264,"column":null}}}},"branchMap":{"0":{"loc":{"start":{"line":87,"column":6},"end":{"line":90,"column":30}},"type":"binary-expr","locations":[{"start":{"line":87,"column":6},"end":{"line":87,"column":35}},{"start":{"line":88,"column":6},"end":{"line":88,"column":34}},{"start":{"line":89,"column":6},"end":{"line":89,"column":30}},{"start":{"line":90,"column":6},"end":{"line":90,"column":30}}]},"1":{"loc":{"start":{"line":115,"column":12},"end":{"line":273,"column":13}},"type":"cond-expr","locations":[{"start":{"line":115,"column":12},"end":{"line":273,"column":13}}]},"2":{"loc":{"start":{"line":127,"column":24},"end":{"line":129,"column":null}},"type":"cond-expr","locations":[{"start":{"line":128,"column":28},"end":{"line":128,"column":null}},{"start":{"line":129,"column":28},"end":{"line":129,"column":null}}]},"3":{"loc":{"start":{"line":275,"column":16},"end":{"line":309,"column":null}},"type":"cond-expr","locations":[{"start":{"line":275,"column":16},"end":{"line":309,"column":null}}]},"4":{"loc":{"start":{"line":334,"column":9},"end":{"line":334,"column":null}},"type":"binary-expr","locations":[{"start":{"line":334,"column":9},"end":{"line":334,"column":null}}]}},"s":{"0":0,"1":0,"2":0,"3":0,"4":0,"5":0,"6":0,"7":0,"8":0,"9":0,"10":0,"11":0,"12":0,"13":0,"14":0,"15":0,"16":0,"17":0,"18":0,"19":0,"20":0,"21":0,"22":0,"23":0,"24":0,"25":0,"26":0,"27":0,"28":0,"29":0,"30":0,"31":0,"32":0,"33":0,"34":0},"f":{"0":0,"1":0,"2":0,"3":0,"4":0,"5":0,"6":0,"7":0,"8":0,"9":0,"10":0,"11":0,"12":0,"13":0,"14":0,"15":0,"16":0},"b":{"0":[0,0,0,0],"1":[0],"2":[0,0],"3":[0],"4":[0]}}
,"C:\\ks\\workspace\\photo_manegement\\frontend\\src\\components\\photos\\PhotoCard.tsx": {"path":"C:\\ks\\workspace\\photo_manegement\\frontend\\src\\components\\photos\\PhotoCard.tsx","statementMap":{"0":{"start":{"line":16,"column":13},"end":{"line":16,"column":45}},"1":{"start":{"line":1,"column":32},"end":{"line":1,"column":null}},"2":{"start":{"line":3,"column":18},"end":{"line":3,"column":null}},"3":{"start":{"line":16,"column":45},"end":{"line":79,"column":null}},"4":{"start":{"line":17,"column":22},"end":{"line":19,"column":null}},"5":{"start":{"line":18,"column":4},"end":{"line":18,"column":null}}},"fnMap":{"0":{"name":"(anonymous_2)","decl":{"start":{"line":16,"column":45},"end":{"line":16,"column":46}},"loc":{"start":{"line":16,"column":65},"end":{"line":79,"column":null}}},"1":{"name":"(anonymous_3)","decl":{"start":{"line":17,"column":34},"end":{"line":17,"column":null}},"loc":{"start":{"line":17,"column":34},"end":{"line":19,"column":5}}}},"branchMap":{"0":{"loc":{"start":{"line":30,"column":10},"end":{"line":37,"column":11}},"type":"cond-expr","locations":[{"start":{"line":30,"column":10},"end":{"line":37,"column":11}}]},"1":{"loc":{"start":{"line":32,"column":17},"end":{"line":32,"column":46}},"type":"binary-expr","locations":[{"start":{"line":32,"column":17},"end":{"line":32,"column":28}},{"start":{"line":32,"column":32},"end":{"line":32,"column":46}}]},"2":{"loc":{"start":{"line":58,"column":11},"end":{"line":58,"column":40}},"type":"binary-expr","locations":[{"start":{"line":58,"column":11},"end":{"line":58,"column":22}},{"start":{"line":58,"column":26},"end":{"line":58,"column":40}}]},"3":{"loc":{"start":{"line":61,"column":9},"end":{"line":61,"column":27}},"type":"binary-expr","locations":[{"start":{"line":61,"column":9},"end":{"line":61,"column":27}}]},"4":{"loc":{"start":{"line":65,"column":9},"end":{"line":65,"column":26}},"type":"binary-expr","locations":[{"start":{"line":65,"column":9},"end":{"line":65,"column":26}}]},"5":{"loc":{"start":{"line":69,"column":9},"end":{"line":69,"column":23}},"type":"binary-expr","locations":[{"start":{"line":69,"column":9},"end":{"line":69,"column":23}}]}},"s":{"0":6,"1":1,"2":1,"3":1,"4":6,"5":1},"f":{"0":6,"1":1},"b":{"0":[6],"1":[6,1],"2":[6,1],"3":[6],"4":[6],"5":[6]}}
[...]
column":15}},"loc":{"start":{"line":326,"column":29},"end":{"line":342,"column":null}}},"14":{"name":"(anonymous_17)","decl":{"start":{"line":332,"column":18},"end":{"line":332,"column":19}},"loc":{"start":{"line":333,"column":10},"end":{"line":335,"column":null}}},"15":{"name":"(anonymous_18)","decl":{"start":{"line":333,"column":69},"end":{"line":333,"column":70}},"loc":{"start":{"line":333,"column":70},"end":{"line":335,"column":null}}}},"branchMap":{"0":{"loc":{"start":{"line":44,"column":58},"end":{"line":44,"column":84}},"type":"default-arg","locations":[{"start":{"line":44,"column":69},"end":{"line":44,"column":84}}]},"1":{"loc":{"start":{"line":44,"column":86},"end":{"line":44,"column":108}},"type":"default-arg","locations":[{"start":{"line":44,"column":107},"end":{"line":44,"column":108}}]},"2":{"loc":{"start":{"line":53,"column":19},"end":{"line":56,"column":null}},"type":"cond-expr","locations":[{"start":{"line":53,"column":52},"end":{"line":56,"column":10}},{"start":{"line":56,"column":10},"end":{"line":56,"column":null}}]},"3":{"loc":{"start":{"line":53,"column":19},"end":{"line":53,"column":52}},"type":"binary-expr","locations":[{"start":{"line":53,"column":19},"end":{"line":53,"column":34}},{"start":{"line":53,"column":34},"end":{"line":53,"column":52}}]},"4":{"loc":{"start":{"line":76,"column":20},"end":{"line":76,"column":null}},"type":"cond-expr","locations":[{"start":{"line":76,"column":36},"end":{"line":76,"column":83}},{"start":{"line":76,"column":83},"end":{"line":76,"column":null}}]},"5":{"loc":{"start":{"line":87,"column":6},"end":{"line":94,"column":null}},"type":"if","locations":[{"start":{"line":87,"column":6},"end":{"line":94,"column":null}}]},"6":{"loc":{"start":{"line":172,"column":27},"end":{"line":172,"column":null}},"type":"cond-expr","locations":[{"start":{"line":172,"column":52},"end":{"line":172,"column":65}},{"start":{"line":172,"column":68},"end":{"line":172,"column":null}}]},"7":{"loc":{"start":{"line":261,"column":20},"end":{"line":261,"column":null}},"type":"cond-expr","locations":[{"start":{"line":261,"column":36},"end":{"line":261,"column":83}},{"start":{"line":261,"column":83},"end":{"line":261,"column":null}}]},"8":{"loc":{"start":{"line":284,"column":6},"end":{"line":286,"column":null}},"type":"if","locations":[{"start":{"line":284,"column":6},"end":{"line":286,"column":null}}]},"9":{"loc":{"start":{"line":299,"column":6},"end":{"line":301,"column":null}},"type":"if","locations":[{"start":{"line":299,"column":6},"end":{"line":301,"column":null}}]},"10":{"loc":{"start":{"line":312,"column":27},"end":{"line":312,"column":null}},"type":"cond-expr","locations":[{"start":{"line":312,"column":52},"end":{"line":312,"column":65}},{"start":{"line":312,"column":68},"end":{"line":312,"column":null}}]},"11":{"loc":{"start":{"line":325,"column":4},"end":{"line":325,"column":30}},"type":"default-arg","locations":[{"start":{"line":325,"column":28},"end":{"line":325,"column":30}}]}},"s":{"0":8,"1":0,"2":1,"3":0,"4":0,"5":0,"6":0,"7":0,"8":0,"9":0,"10":0,"11":0,"12":0,"13":0,"14":0,"15":0,"16":0,"17":0,"18":0,"19":0,"20":0,"21":0,"22":0,"23":0,"24":0,"25":0,"26":0,"27":0,"28":0,"29":0,"30":0,"31":0,"32":0,"33":0,"34":0,"35":0,"36":0,"37":0,"38":0,"39":0,"40":0,"41":0,"42":0,"43":0,"44":0,"45":0,"46":0,"47":0,"48":0,"49":0,"50":0,"51":0,"52":0,"53":0,"54":0,"55":0,"56":0,"57":0,"58":0,"59":0,"60":0,"61":0,"62":0,"63":15,"64":15,"65":30,"66":30,"67":15,"68":15,"69":15,"70":15,"71":2,"72":13,"73":13,"74":13,"75":1,"76":12,"77":12,"78":12,"79":3,"80":3,"81":3,"82":3,"83":3,"84":3,"85":5,"86":5,"87":10,"88":20,"89":5,"90":3},"f":{"0":0,"1":0,"2":0,"3":0,"4":0,"5":0,"6":0,"7":0,"8":0,"9":0,"10":0,"11":15,"12":30,"13":3,"14":10,"15":20},"b":{"0":[0],"1":[0],"2":[0,0],"3":[0,0],"4":[0,0],"5":[0],"6":[0,0],"7":[30,0],"8":[2],"9":[1],"10":[3,0],"11":[2]}}
,"C:\\ks\\workspace\\photo_manegement\\frontend\\src\\providers\\QueryProvider.tsx": {"path":"C:\\ks\\workspace\\photo_manegement\\frontend\\src\\providers\\QueryProvider.tsx","statementMap":{"0":{"start":{"line":11,"column":16},"end":{"line":11,"column":30}},"1":{"start":{"line":7,"column":36},"end":{"line":7,"column":null}},"2":{"start":{"line":8,"column":35},"end":{"line":8,"column":null}},"3":{"start":{"line":9,"column":28},"end":{"line":9,"column":null}}},"fnMap":{"0":{"name":"QueryProvider","decl":{"start":{"line":11,"column":16},"end":{"line":11,"column":30}},"loc":{"start":{"line":11,"column":73},"end":{"line":20,"column":null}}}},"branchMap":{"0":{"loc":{"start":{"line":15,"column":7},"end":{"line":15,"column":null}},"type":"binary-expr","locations":[{"start":{"line":15,"column":7},"end":{"line":15,"column":null}}]}},"s":{"0":0,"1":0,"2":0,"3":0},"f":{"0":0},"b":{"0":[0]}}
,"C:\\ks\\workspace\\photo_manegement\\frontend\\src\\store\\filterStore.ts": {"path":"C:\\ks\\workspace\\photo_manegement\\frontend\\src\\store\\filterStore.ts","statementMap":{"0":{"start":{"line":32,"column":13},"end":{"line":32,"column":30}},"1":{"start":{"line":5,"column":23},"end":{"line":5,"column":null}},"2":{"start":{"line":32,"column":30},"end":{"line":70,"column":null}},"3":{"start":{"line":32,"column":65},"end":{"line":70,"column":null}},"4":{"start":{"line":39,"column":4},"end":{"line":44,"column":null}},"5":{"start":{"line":39,"column":20},"end":{"line":44,"column":null}},"6":{"start":{"line":47,"column":27},"end":{"line":47,"column":null}},"7":{"start":{"line":50,"column":22},"end":{"line":50,"column":null}},"8":{"start":{"line":54,"column":4},"end":{"line":58,"column":null}},"9":{"start":{"line":55,"column":25},"end":{"line":55,"column":null}},"10":{"start":{"line":56,"column":6},"end":{"line":56,"column":null}},"11":{"start":{"line":57,"column":6},"end":{"line":57,"column":null}},"12":{"start":{"line":62,"column":4},"end":{"line":62,"column":null}},"13":{"start":{"line":62,"column":20},"end":{"line":62,"column":null}},"14":{"start":{"line":66,"column":20},"end":{"line":66,"column":33}},"15":{"start":{"line":67,"column":4},"end":{"line":68,"column":null}},"16":{"start":{"line":67,"column":48},"end":{"line":67,"column":null}}},"fnMap":{"0":{"name":"(anonymous_1)","decl":{"start":{"line":32,"column":50},"end":{"line":32,"column":51}},"loc":{"start":{"line":32,"column":65},"end":{"line":70,"column":null}}},"1":{"name":"(anonymous_2)","decl":{"start":{"line":38,"column":13},"end":{"line":38,"column":14}},"loc":{"start":{"line":39,"column":4},"end":{"line":44,"column":null}}},"2":{"name":"(anonymous_3)","decl":{"start":{"line":39,"column":8},"end":{"line":39,"column":9}},"loc":{"start":{"line":39,"column":20},"end":{"line":44,"column":null}}},"3":{"name":"(anonymous_4)","decl":{"start":{"line":47,"column":14},"end":{"line":47,"column":15}},"loc":{"start":{"line":47,"column":27},"end":{"line":47,"column":null}}},"4":{"name":"(anonymous_5)","decl":{"start":{"line":50,"column":16},"end":{"line":50,"column":22}},"loc":{"start":{"line":50,"column":22},"end":{"line":50,"column":null}}},"5":{"name":"(anonymous_6)","decl":{"start":{"line":53,"column":15},"end":{"line":53,"column":16}},"loc":{"start":{"line":54,"column":4},"end":{"line":58,"column":null}}},"6":{"name":"(anonymous_7)","decl":{"start":{"line":54,"column":8},"end":{"line":54,"column":9}},"loc":{"start":{"line":54,"column":9},"end":{"line":58,"column":null}}},"7":{"name":"(anonymous_8)","decl":{"start":{"line":61,"column":21},"end":{"line":61,"column":null}},"loc":{"start":{"line":62,"column":4},"end":{"line":62,"column":null}}},"8":{"name":"(anonymous_9)","decl":{"start":{"line":62,"column":8},"end":{"line":62,"column":9}},"loc":{"start":{"line":62,"column":20},"end":{"line":62,"column":null}}},"9":{"name":"(anonymous_10)","decl":{"start":{"line":65,"column":24},"end":{"line":65,"column":null}},"loc":{"start":{"line":65,"column":24},"end":{"line":69,"column":null}}},"10":{"name":"(anonymous_11)","decl":{"start":{"line":67,"column":41},"end":{"line":67,"column":42}},"loc":{"start":{"line":67,"column":48},"end":{"line":67,"column":null}}}},"branchMap":{"0":{"loc":{"start":{"line":67,"column":48},"end":{"line":67,"column":null}},"type":"binary-expr","locations":[{"start":{"line":67,"column":48},"end":{"line":67,"column":67}},{"start":{"line":67,"column":67},"end":{"line":67,"column":null}}]}},"s":{"0":0,"1":0,"2":0,"3":0,"4":0,"5":0,"6":0,"7":0,"8":0,"9":0,"10":0,"11":0,"12":0,"13":0,"14":0,"15":0,"16":0},"f":{"0":0,"1":0,"2":0,"3":0,"4":0,"5":0,"6":0,"7":0,"8":0,"9":0,"10":0},"b":{"0":[0,0]}}
,"C:\\ks\\workspace\\photo_manegement\\frontend\\src\\store\\uiStore.ts": {"path":"C:\\ks\\workspace\\photo_manegement\\frontend\\src\\store\\uiStore.ts","statementMap":{"0":{"start":{"line":42,"column":13},"end":{"line":42,"column":26}},"1":{"start":{"line":5,"column":23},"end":{"line":5,"column":null}},"2":{"start":{"line":42,"column":26},"end":{"line":105,"column":null}},"3":{"start":{"line":42,"column":52},"end":{"line":105,"column":null}},"4":{"start":{"line":52,"column":35},"end":{"line":52,"column":null}},"5":{"start":{"line":56,"column":4},"end":{"line":56,"column":null}},"6":{"start":{"line":60,"column":4},"end":{"line":68,"column":null}},"7":{"start":{"line":61,"column":27},"end":{"line":61,"column":null}},"8":{"start":{"line":62,"column":6},"end":{"line":66,"column":null}},"9":{"start":{"line":63,"column":8},"end":{"line":63,"column":null}},"10":{"start":{"line":65,"column":8},"end":{"line":65,"column":null}},"11":{"start":{"line":67,"column":6},"end":{"line":67,"column":null}},"12":{"start":{"line":72,"column":4},"end":{"line":72,"column":null}},"13":{"start":{"line":75,"column":24},"end":{"line":75,"column":null}},"14":{"start":{"line":79,"column":4},"end":{"line":95,"column":null}},"15":{"start":{"line":80,"column":17},"end":{"line":80,"column":62}},"16":{"start":{"line":81,"column":41},"end":{"line":81,"column":null}},"17":{"start":{"line":84,"column":6},"end":{"line":90,"column":null}},"18":{"start":{"line":85,"column":8},"end":{"line":89,"column":null}},"19":{"start":{"line":86,"column":10},"end":{"line":88,"column":null}},"20":{"start":{"line":86,"column":26},"end":{"line":88,"column":null}},"21":{"start":{"line":87,"column":61},"end":{"line":87,"column":null}},"22":{"start":{"line":92,"column":6},"end":{"line":94,"column":null}},"23":{"start":{"line":99,"column":4},"end":{"line":101,"column":null}},"24":{"start":{"line":99,"column":20},"end":{"line":101,"column":null}},"25":{"start":{"line":100,"column":55},"end":{"line":100,"column":null}},"26":{"start":{"line":104,"column":40},"end":{"line":104,"column":null}}},"fnMap":{"0":{"name":"(anonymous_1)","decl":{"start":{"line":42,"column":42},"end":{"line":42,"column":43}},"loc":{"start":{"line":42,"column":52},"end":{"line":105,"column":null}}},"1":{"name":"(anonymous_2)","decl":{"start":{"line":52,"column":15},"end":{"line":52,"column":16}},"loc":{"start":{"line":52,"column":35},"end":{"line":52,"column":null}}},"2":{"name":"(anonymous_3)","decl":{"start":{"line":55,"column":14},"end":{"line":55,"column":15}},"loc":{"start":{"line":56,"column":4},"end":{"line":56,"column":null}}},"3":{"name":"(anonymous_4)","decl":{"start":{"line":59,"column":24},"end":{"line":59,"column":25}},"loc":{"start":{"line":60,"column":4},"end":{"line":68,"column":null}}},"4":{"name":"(anonymous_5)","decl":{"start":{"line":60,"column":8},"end":{"line":60,"column":9}},"loc":{"start":{"line":60,"column":9},"end":{"line":68,"column":null}}},"5":{"name":"(anonymous_6)","decl":{"start":{"line":71,"column":19},"end":{"line":71,"column":20}},"loc":{"start":{"line":72,"column":4},"end":{"line":72,"column":null}}},"6":{"name":"(anonymous_7)","decl":{"start":{"line":75,"column":18},"end":{"line":75,"column":24}},"loc":{"start":{"line":75,"column":24},"end":{"line":75,"column":null}}},"7":{"name":"(anonymous_8)","decl":{"start":{"line":78,"column":19},"end":{"line":78,"column":20}},"loc":{"start":{"line":79,"column":4},"end":{"line":95,"column":null}}},"8":{"name":"(anonymous_9)","decl":{"start":{"line":79,"column":8},"end":{"line":79,"column":9}},"loc":{"start":{"line":79,"column":9},"end":{"line":95,"column":null}}},"9":{"name":"(anonymous_10)","decl":{"start":{"line":85,"column":19},"end":{"line":85,"column":null}},"loc":{"start":{"line":85,"column":19},"end":{"line":89,"column":11}}},"10":{"name":"(anonymous_11)","decl":{"start":{"line":86,"column":14},"end":{"line":86,"column":15}},"loc":{"start":{"line":86,"column":26},"end":{"line":88,"column":null}}},"11":{"name":"(anonymous_12)","decl":{"start":{"line":87,"column":54},"end":{"line":87,"column":55}},"loc":{"start":{"line":87,"column":61},"end":{"line":87,"column":null}}},"12":{"name":"(anonymous_13)","decl":{"start":{"line":98,"column":22},"end":{"line":98,"column":23}},"loc":{"start":{"line":99,"column":4},"end":{"line":101,"column":null}}},"13":{"name":"(anonymous_14)","decl":{"start":{"line":99,"column":8},"end":{"line":99,"column":9}},"loc":{"start":{"line":99,"column":20},"end":{"line":101,"column":null}}},"14":{"name":"(anonymous_15)","decl":{"start":{"line":100,"column":48},"end":{"line":100,"column":49}},"loc":{"start":{"line":100,"column":55},"end":{"line":100,"column":null}}},"15":{"name":"(anonymous_16)","decl":{"start":{"line":104,"column":16},"end":{"line":104,"column":17}},"loc":{"start":{"line":104,"column":40},"end":{"line":104,"column":null}}}},"branchMap":{"0":{"loc":{"start":{"line":62,"column":6},"end":{"line":66,"column":null}},"type":"if","locations":[{"start":{"line":62,"column":6},"end":{"line":66,"column":null}},{"start":{"line":64,"column":13},"end":{"line":66,"column":null}}]},"1":{"loc":{"start":{"line":78,"column":35},"end":{"line":78,"column":50}},"type":"default-arg","locations":[{"start":{"line":78,"column":46},"end":{"line":78,"column":50}}]},"2":{"loc":{"start":{"line":84,"column":6},"end":{"line":90,"column":null}},"type":"if","locations":[{"start":{"line":84,"column":6},"end":{"line":90,"column":null}}]}},"s":{"0":0,"1":0,"2":0,"3":0,"4":0,"5":0,"6":0,"7":0,"8":0,"9":0,"10":0,"11":0,"12":0,"13":0,"14":0,"15":0,"16":0,"17":0,"18":0,"19":0,"20":0,"21":0,"22":0,"23":0,"24":0,"25":0,"26":0},"f":{"0":0,"1":0,"2":0,"3":0,"4":0,"5":0,"6":0,"7":0,"8":0,"9":0,"10":0,"11":0,"12":0,"13":0,"14":0,"15":0},"b":{"0":[0,0],"1":[0],"2":[0]}}
,"C:\\ks\\workspace\\photo_manegement\\frontend\\src\\store\\uploadStore.ts": {"path":"C:\\ks\\workspace\\photo_manegement\\frontend\\src\\store\\uploadStore.ts","statementMap":{"0":{"start":{"line":38,"column":13},"end":{"line":38,"column":30}},"1":{"start":{"line":5,"column":23},"end":{"line":5,"column":null}},"2":{"start":{"line":38,"column":30},"end":{"line":114,"column":null}},"3":{"start":{"line":38,"column":60},"end":{"line":114,"column":null}},"4":{"start":{"line":47,"column":4},"end":{"line":58,"column":null}},"5":{"start":{"line":48,"column":40},"end":{"line":53,"column":null}},"6":{"start":{"line":48,"column":64},"end":{"line":53,"column":null}},"7":{"start":{"line":54,"column":6},"end":{"line":57,"column":null}},"8":{"start":{"line":62,"column":4},"end":{"line":68,"column":null}},"9":{"start":{"line":62,"column":20},"end":{"line":68,"column":null}},"10":{"start":{"line":63,"column":39},"end":{"line":63,"column":null}},"11":{"start":{"line":64,"column":44},"end":{"line":64,"column":61}},"12":{"start":{"line":66,"column":15},"end":{"line":66,"column":null}},"13":{"start":{"line":72,"column":4},"end":{"line":76,"column":null}},"14":{"start":{"line":80,"column":4},"end":{"line":101,"column":null}},"15":{"start":{"line":81,"column":27},"end":{"line":90,"column":null}},"16":{"start":{"line":82,"column":8},"end":{"line":90,"column":null}},"17":{"start":{"line":93,"column":28},"end":{"line":95,"column":14}},"18":{"start":{"line":94,"column":15},"end":{"line":94,"column":null}},"19":{"start":{"line":97,"column":6},"end":{"line":100,"column":null}},"20":{"start":{"line":104,"column":44},"end":{"line":104,"column":null}},"21":{"start":{"line":108,"column":4},"end":{"line":113,"column":null}}},"fnMap":{"0":{"name":"(anonymous_1)","decl":{"start":{"line":38,"column":50},"end":{"line":38,"column":51}},"loc":{"start":{"line":38,"column":60},"end":{"line":114,"column":null}}},"1":{"name":"(anonymous_2)","decl":{"start":{"line":46,"column":12},"end":{"line":46,"column":13}},"loc":{"start":{"line":47,"column":4},"end":{"line":58,"column":null}}},"2":{"name":"(anonymous_3)","decl":{"start":{"line":47,"column":8},"end":{"line":47,"column":9}},"loc":{"start":{"line":47,"column":9},"end":{"line":58,"column":null}}},"3":{"name":"(anonymous_4)","decl":{"start":{"line":48,"column":53},"end":{"line":48,"column":54}},"loc":{"start":{"line":48,"column":64},"end":{"line":53,"column":null}}},"4":{"name":"(anonymous_5)","decl":{"start":{"line":61,"column":14},"end":{"line":61,"column":15}},"loc":{"start":{"line":62,"column":4},"end":{"line":68,"column":null}}},"5":{"name":"(anonymous_6)","decl":{"start":{"line":62,"column":8},"end":{"line":62,"column":9}},"loc":{"start":{"line":62,"column":20},"end":{"line":68,"column":null}}},"6":{"name":"(anonymous_7)","decl":{"start":{"line":63,"column":32},"end":{"line":63,"column":33}},"loc":{"start":{"line":63,"column":39},"end":{"line":63,"column":null}}},"7":{"name":"(anonymous_8)","decl":{"start":{"line":64,"column":37},"end":{"line":64,"column":38}},"loc":{"start":{"line":64,"column":44},"end":{"line":64,"column":61}}},"8":{"name":"(anonymous_9)","decl":{"start":{"line":66,"column":8},"end":{"line":66,"column":9}},"loc":{"start":{"line":66,"column":15},"end":{"line":66,"column":null}}},"9":{"name":"(anonymous_10)","decl":{"start":{"line":71,"column":14},"end":{"line":71,"column":null}},"loc":{"start":{"line":72,"column":4},"end":{"line":76,"column":null}}},"10":{"name":"(anonymous_11)","decl":{"start":{"line":79,"column":20},"end":{"line":79,"column":21}},"loc":{"start":{"line":80,"column":4},"end":{"line":101,"column":null}}},"11":{"name":"(anonymous_12)","decl":{"start":{"line":80,"column":8},"end":{"line":80,"column":9}},"loc":{"start":{"line":80,"column":9},"end":{"line":101,"column":null}}},"12":{"name":"(anonymous_13)","decl":{"start":{"line":81,"column":43},"end":{"line":81,"column":44}},"loc":{"start":{"line":82,"column":8},"end":{"line":90,"column":null}}},"13":{"name":"(anonymous_14)","decl":{"start":{"line":94,"column":8},"end":{"line":94,"column":9}},"loc":{"start":{"line":94,"column":15},"end":{"line":94,"column":null}}},"14":{"name":"(anonymous_15)","decl":{"start":{"line":104,"column":18},"end":{"line":104,"column":19}},"loc":{"start":{"line":104,"column":44},"end":{"line":104,"column":null}}},"15":{"name":"(anonymous_16)","decl":{"start":{"line":107,"column":15},"end":{"line":107,"column":null}},"loc":{"start":{"line":108,"column":4},"end":{"line":113,"column":null}}}},"branchMap":{"0":{"loc":{"start":{"line":66,"column":15},"end":{"line":66,"column":null}},"type":"binary-expr","locations":[{"start":{"line":66,"column":15},"end":{"line":66,"column":34}},{"start":{"line":66,"column":34},"end":{"line":66,"column":null}}]},"1":{"loc":{"start":{"line":82,"column":8},"end":{"line":90,"column":null}},"type":"cond-expr","locations":[{"start":{"line":83,"column":12},"end":{"line":89,"column":null}},{"start":{"line":90,"column":12},"end":{"line":90,"column":null}}]},"2":{"loc":{"start":{"line":86,"column":24},"end":{"line":86,"column":46}},"type":"binary-expr","locations":[{"start":{"line":86,"column":24},"end":{"line":86,"column":36}},{"start":{"line":86,"column":36},"end":{"line":86,"column":46}}]},"3":{"loc":{"start":{"line":88,"column":21},"end":{"line":88,"column":37}},"type":"binary-expr","locations":[{"start":{"line":88,"column":21},"end":{"line":88,"column":30}},{"start":{"line":88,"column":30},"end":{"line":88,"column":37}}]}},"s":{"0":0,"1":0,"2":0,"3":0,"4":0,"5":0,"6":0,"7":0,"8":0,"9":0,"10":0,"11":0,"12":0,"13":0,"14":0,"15":0,"16":0,"17":0,"18":0,"19":0,"20":0,"21":0},"f":{"0":0,"1":0,"2":0,"3":0,"4":0,"5":0,"6":0,"7":0,"8":0,"9":0,"10":0,"11":0,"12":0,"13":0,"14":0,"15":0},"b":{"0":[0,0],"1":[0,0],"2":[0,0],"3":[0,0]}}
}
