TN:
SF:src\app\layout.tsx
FN:17,RootLayout
FNF:1
FNH:0
FNDA:0,RootLayout
DA:2,0
DA:3,0
DA:4,0
DA:5,0
DA:6,0
DA:7,0
DA:9,0
DA:11,0
DA:17,0
LF:9
LH:0
BRF:0
BRH:0
end_of_record
TN:
SF:src\app\page.tsx
FN:1,Home
FNF:1
FNH:1
FNDA:3,Home
DA:1,3
LF:1
LH:1
BRF:0
BRH:0
end_of_record
TN:
SF:src\app\duplicates\page.tsx
FN:13,DuplicatesPage
FN:19,(anonymous_2)
FN:23,(anonymous_3)
FN:24,(anonymous_4)
FN:30,(anonymous_5)
FN:34,(anonymous_6)
FN:35,(anonymous_7)
FN:41,(anonymous_8)
FN:65,(anonymous_9)
FN:87,(anonymous_10)
FN:139,(anonymous_11)
FNF:11
FNH:0
FNDA:0,DuplicatesPage
FNDA:0,(anonymous_2)
FNDA:0,(anonymous_3)
FNDA:0,(anonymous_4)
FNDA:0,(anonymous_5)
FNDA:0,(anonymous_6)
FNDA:0,(anonymous_7)
FNDA:0,(anonymous_8)
FNDA:0,(anonymous_9)
FNDA:0,(anonymous_10)
FNDA:0,(anonymous_11)
DA:7,0
DA:11,0
DA:13,0
DA:15,0
DA:16,0
DA:17,0
DA:19,0
DA:21,0
DA:23,0
DA:24,0
DA:25,0
DA:30,0
DA:32,0
DA:34,0
DA:35,0
DA:36,0
DA:41,0
DA:42,0
DA:43,0
DA:45,0
DA:46,0
DA:50,0
DA:51,0
DA:54,0
DA:55,0
DA:59,0
DA:61,0
DA:65,0
DA:66,0
DA:67,0
DA:87,0
DA:140,0
LF:32
LH:0
BRDA:25,0,0,0
BRDA:25,0,1,0
BRDA:36,1,0,0
BRDA:36,1,1,0
BRDA:45,2,0,0
BRDA:45,2,1,0
BRDA:50,3,0,0
BRDA:66,4,0,0
BRDA:107,5,0,0
BRDA:107,5,1,0
BRDA:138,6,0,0
BRF:11
BRH:0
end_of_record
TN:
SF:src\app\export\page.tsx
FN:7,ExportPage
FN:11,(anonymous_2)
FN:21,(anonymous_3)
FN:47,(anonymous_4)
FN:138,(anonymous_5)
FN:191,(anonymous_6)
FN:230,(anonymous_7)
FN:237,(anonymous_8)
FNF:8
FNH:0
FNDA:0,ExportPage
FNDA:0,(anonymous_2)
FNDA:0,(anonymous_3)
FNDA:0,(anonymous_4)
FNDA:0,(anonymous_5)
FNDA:0,(anonymous_6)
FNDA:0,(anonymous_7)
FNDA:0,(anonymous_8)
DA:3,0
DA:4,0
DA:5,0
DA:7,0
DA:8,0
DA:9,0
DA:11,0
DA:12,0
DA:14,0
DA:15,0
DA:21,0
DA:28,0
DA:29,0
DA:32,0
DA:33,0
DA:34,0
DA:35,0
DA:36,0
DA:37,0
DA:38,0
DA:39,0
DA:40,0
DA:42,0
DA:43,0
DA:47,0
DA:48,0
DA:50,0
DA:51,0
DA:66,0
DA:67,0
DA:70,0
DA:71,0
DA:72,0
DA:73,0
DA:74,0
DA:75,0
DA:76,0
DA:77,0
DA:78,0
DA:80,0
DA:81,0
DA:138,0
DA:191,0
DA:230,0
DA:237,0
LF:45
LH:0
BRDA:12,0,0,0
BRDA:12,0,1,0
BRDA:28,1,0,0
BRDA:48,2,0,0
BRDA:48,2,1,0
BRDA:66,3,0,0
BRDA:228,4,0,0
BRDA:235,5,0,0
BRF:8
BRH:0
end_of_record
TN:
SF:src\app\login\page.tsx
FN:7,LoginPage
FN:17,(anonymous_2)
FN:75,(anonymous_3)
FN:93,(anonymous_4)
FN:110,(anonymous_5)
FN:130,(anonymous_6)
FNF:6
FNH:0
FNDA:0,LoginPage
FNDA:0,(anonymous_2)
FNDA:0,(anonymous_3)
FNDA:0,(anonymous_4)
FNDA:0,(anonymous_5)
FNDA:0,(anonymous_6)
DA:3,0
DA:4,0
DA:5,0
DA:7,0
DA:8,0
DA:9,0
DA:10,0
DA:11,0
DA:12,0
DA:13,0
DA:14,0
DA:15,0
DA:17,0
DA:18,0
DA:19,0
DA:20,0
DA:22,0
DA:23,0
DA:24,0
DA:26,0
DA:28,0
DA:30,0
DA:32,0
DA:75,0
DA:93,0
DA:110,0
DA:131,0
DA:132,0
LF:28
LH:0
BRDA:23,0,0,0
BRDA:23,0,1,0
BRDA:30,1,0,0
BRDA:30,1,1,0
BRDA:44,2,0,0
BRDA:44,2,1,0
BRDA:49,3,0,0
BRDA:65,4,0,0
BRDA:107,5,0,0
BRDA:107,5,1,0
BRDA:123,6,0,0
BRDA:123,6,1,0
BRDA:123,7,0,0
BRDA:123,7,1,0
BRDA:136,8,0,0
BRDA:136,8,1,0
BRF:16
BRH:0
end_of_record
TN:
SF:src\app\photos\page.tsx
FN:8,PhotosPage
FN:10,(anonymous_2)
FN:17,(anonymous_3)
FN:37,(anonymous_4)
FN:56,(anonymous_5)
FN:79,(anonymous_6)
FNF:6
FNH:0
FNDA:0,PhotosPage
FNDA:0,(anonymous_2)
FNDA:0,(anonymous_3)
FNDA:0,(anonymous_4)
FNDA:0,(anonymous_5)
FNDA:0,(anonymous_6)
DA:3,0
DA:4,0
DA:5,0
DA:6,0
DA:8,0
DA:10,0
DA:11,0
DA:15,0
DA:17,0
DA:18,0
DA:37,0
DA:56,0
DA:80,0
DA:84,0
LF:14
LH:0
BRDA:11,0,0,0
BRDA:38,1,0,0
BRDA:38,1,1,0
BRDA:57,2,0,0
BRDA:57,2,1,0
BRDA:100,3,0,0
BRDA:107,4,0,0
BRDA:113,5,0,0
BRDA:113,5,1,0
BRF:9
BRH:0
end_of_record
TN:
SF:src\app\quality\page.tsx
FN:22,QualityPage
FN:29,(anonymous_2)
FN:53,(anonymous_3)
FN:55,(anonymous_4)
FN:57,(anonymous_5)
FN:58,(anonymous_6)
FN:67,(anonymous_7)
FN:68,(anonymous_8)
FN:69,(anonymous_9)
FN:73,(anonymous_10)
FN:106,(anonymous_11)
FN:158,(anonymous_12)
FN:161,(anonymous_13)
FN:229,(anonymous_14)
FN:233,(anonymous_15)
FN:239,(anonymous_16)
FN:291,StatCard
FNF:17
FNH:0
FNDA:0,QualityPage
FNDA:0,(anonymous_2)
FNDA:0,(anonymous_3)
FNDA:0,(anonymous_4)
FNDA:0,(anonymous_5)
FNDA:0,(anonymous_6)
FNDA:0,(anonymous_7)
FNDA:0,(anonymous_8)
FNDA:0,(anonymous_9)
FNDA:0,(anonymous_10)
FNDA:0,(anonymous_11)
FNDA:0,(anonymous_12)
FNDA:0,(anonymous_13)
FNDA:0,(anonymous_14)
FNDA:0,(anonymous_15)
FNDA:0,(anonymous_16)
FNDA:0,StatCard
DA:7,0
DA:8,0
DA:9,0
DA:22,0
DA:24,0
DA:25,0
DA:26,0
DA:27,0
DA:29,0
DA:30,0
DA:31,0
DA:33,0
DA:34,0
DA:38,0
DA:39,0
DA:42,0
DA:43,0
DA:47,0
DA:49,0
DA:53,0
DA:54,0
DA:55,0
DA:56,0
DA:57,0
DA:58,0
DA:59,0
DA:62,0
DA:65,0
DA:67,0
DA:68,0
DA:69,0
DA:73,0
DA:106,0
DA:159,0
DA:161,0
DA:229,0
DA:233,0
DA:239,0
LF:38
LH:0
BRDA:33,0,0,0
BRDA:33,0,1,0
BRDA:38,1,0,0
BRDA:54,2,0,0
BRDA:55,3,0,0
BRDA:56,4,0,0
BRDA:57,5,0,0
BRDA:57,5,1,0
BRDA:58,6,0,0
BRDA:68,7,0,0
BRDA:68,7,1,0
BRDA:71,8,0,0
BRDA:71,8,1,0
BRDA:90,9,0,0
BRDA:126,10,0,0
BRDA:126,10,1,0
BRDA:157,11,0,0
BRDA:166,12,0,0
BRDA:226,13,0,0
BRDA:291,14,0,0
BRF:20
BRH:0
end_of_record
TN:
SF:src\app\search\page.tsx
FN:10,SearchPage
FN:13,(anonymous_2)
FN:14,(anonymous_3)
FN:15,(anonymous_4)
FN:17,(anonymous_5)
FN:30,(anonymous_6)
FN:34,(anonymous_7)
FN:46,(anonymous_8)
FNF:8
FNH:0
FNDA:0,SearchPage
FNDA:0,(anonymous_2)
FNDA:0,(anonymous_3)
FNDA:0,(anonymous_4)
FNDA:0,(anonymous_5)
FNDA:0,(anonymous_6)
FNDA:0,(anonymous_7)
FNDA:0,(anonymous_8)
DA:3,0
DA:4,0
DA:5,0
DA:6,0
DA:7,0
DA:8,0
DA:10,0
DA:11,0
DA:13,0
DA:14,0
DA:15,0
DA:17,0
DA:18,0
DA:30,0
DA:31,0
DA:34,0
DA:35,0
DA:46,0
DA:47,0
LF:19
LH:0
BRDA:63,0,0,0
BRDA:70,1,0,0
BRDA:77,2,0,0
BRDA:77,2,1,0
BRDA:82,3,0,0
BRDA:81,4,0,0
BRDA:81,4,1,0
BRF:7
BRH:0
end_of_record
TN:
SF:src\app\upload\page.tsx
FN:13,UploadPage
FN:19,(anonymous_2)
FN:32,(anonymous_3)
FN:39,(anonymous_4)
FN:60,(anonymous_5)
FN:61,(anonymous_6)
FN:76,(anonymous_7)
FN:104,(anonymous_8)
FN:118,(anonymous_9)
FNF:9
FNH:0
FNDA:0,UploadPage
FNDA:0,(anonymous_2)
FNDA:0,(anonymous_3)
FNDA:0,(anonymous_4)
FNDA:0,(anonymous_5)
FNDA:0,(anonymous_6)
FNDA:0,(anonymous_7)
FNDA:0,(anonymous_8)
FNDA:0,(anonymous_9)
DA:3,0
DA:4,0
DA:5,0
DA:6,0
DA:13,0
DA:14,0
DA:15,0
DA:16,0
DA:17,0
DA:19,0
DA:21,0
DA:22,0
DA:23,0
DA:25,0
DA:26,0
DA:29,0
DA:32,0
DA:33,0
DA:35,0
DA:36,0
DA:38,0
DA:39,0
DA:40,0
DA:51,0
DA:53,0
DA:54,0
DA:55,0
DA:61,0
DA:62,0
DA:63,0
DA:64,0
DA:65,0
DA:66,0
DA:68,0
DA:75,0
DA:76,0
DA:77,0
DA:78,0
DA:81,0
DA:82,0
DA:84,0
DA:105,0
DA:119,0
DA:120,0
DA:122,0
LF:45
LH:0
BRDA:33,0,0,0
BRDA:54,1,0,0
BRDA:54,1,1,0
BRDA:64,2,0,0
BRDA:98,3,0,0
BRDA:111,4,0,0
BRDA:151,5,0,0
BRDA:153,6,0,0
BRDA:158,7,0,0
BRDA:173,8,0,0
BRDA:191,9,0,0
BRDA:191,9,1,0
BRDA:201,10,0,0
BRDA:201,10,1,0
BRDA:201,10,2,0
BRDA:215,11,0,0
BRDA:215,11,1,0
BRF:17
BRH:0
end_of_record
TN:
SF:src\components\common\ErrorBoundary.tsx
FN:23,(anonymous_2)
FN:36,(anonymous_3)
FN:28,(anonymous_4)
FN:32,(anonymous_5)
FN:40,(anonymous_6)
FN:56,DefaultErrorFallback
FNF:6
FNH:0
FNDA:0,(anonymous_2)
FNDA:0,(anonymous_3)
FNDA:0,(anonymous_4)
FNDA:0,(anonymous_5)
FNDA:0,(anonymous_6)
FNDA:0,DefaultErrorFallback
DA:7,0
DA:19,0
DA:24,0
DA:25,0
DA:29,0
DA:33,0
DA:36,0
DA:37,0
DA:41,0
DA:42,0
DA:43,0
DA:52,0
LF:12
LH:0
BRDA:41,0,0,0
BRDA:41,1,0,0
BRDA:41,1,1,0
BRDA:42,2,0,0
BRF:4
BRH:0
end_of_record
TN:
SF:src\components\common\NotificationToast.tsx
FN:10,NotificationToast
FN:11,(anonymous_2)
FN:12,(anonymous_3)
FN:16,(anonymous_4)
FN:20,(anonymous_5)
FN:35,NotificationItem
FN:41,(anonymous_7)
FN:44,(anonymous_8)
FNF:8
FNH:0
FNDA:0,NotificationToast
FNDA:0,(anonymous_2)
FNDA:0,(anonymous_3)
FNDA:0,(anonymous_4)
FNDA:0,(anonymous_5)
FNDA:0,NotificationItem
FNDA:0,(anonymous_7)
FNDA:0,(anonymous_8)
DA:7,0
DA:8,0
DA:10,0
DA:11,0
DA:12,0
DA:17,0
DA:20,0
DA:41,0
DA:42,0
DA:43,0
DA:44,0
DA:48,0
DA:55,0
DA:62,0
LF:14
LH:0
BRDA:42,0,0,0
BRDA:42,1,0,0
BRDA:42,1,1,0
BRF:3
BRH:0
end_of_record
TN:
SF:src\components\duplicate\DuplicateComparison.tsx
FN:24,DuplicateComparison
FN:31,(anonymous_2)
FN:38,(anonymous_3)
FN:76,(anonymous_4)
FN:84,(anonymous_5)
FN:93,(anonymous_6)
FN:114,PhotoComparisonCard
FNF:7
FNH:0
FNDA:0,DuplicateComparison
FNDA:0,(anonymous_2)
FNDA:0,(anonymous_3)
FNDA:0,(anonymous_4)
FNDA:0,(anonymous_5)
FNDA:0,(anonymous_6)
FNDA:0,PhotoComparisonCard
DA:24,0
DA:29,0
DA:31,0
DA:32,0
DA:33,0
DA:34,0
DA:35,0
DA:38,0
DA:39,0
DA:40,0
DA:41,0
DA:42,0
DA:76,0
DA:84,0
DA:93,0
LF:15
LH:0
BRDA:32,0,0,0
BRDA:33,1,0,0
BRDA:34,2,0,0
BRDA:39,3,0,0
BRDA:40,4,0,0
BRDA:41,5,0,0
BRDA:57,6,0,0
BRDA:60,7,0,0
BRDA:60,7,1,0
BRDA:65,8,0,0
BRDA:65,8,1,0
BRDA:90,9,0,0
BRDA:125,10,0,0
BRDA:162,11,0,0
BRDA:165,12,0,0
BRDA:171,13,0,0
BRF:16
BRH:0
end_of_record
TN:
SF:src\components\export\ExportWizard.tsx
FN:22,(anonymous_1)
FN:28,ExportWizard
FN:41,(anonymous_3)
FN:45,(anonymous_4)
FN:49,(anonymous_5)
FN:50,(anonymous_6)
FN:52,(anonymous_7)
FN:57,(anonymous_8)
FN:58,(anonymous_9)
FN:61,(anonymous_10)
FN:62,(anonymous_11)
FN:65,(anonymous_12)
FN:71,(anonymous_13)
FN:72,(anonymous_14)
FN:80,(anonymous_15)
FN:114,(anonymous_16)
FN:164,(anonymous_17)
FN:167,(anonymous_18)
FN:206,(anonymous_19)
FN:220,(anonymous_20)
FN:229,(anonymous_21)
FN:238,(anonymous_22)
FNF:22
FNH:0
FNDA:0,(anonymous_1)
FNDA:0,ExportWizard
FNDA:0,(anonymous_3)
FNDA:0,(anonymous_4)
FNDA:0,(anonymous_5)
FNDA:0,(anonymous_6)
FNDA:0,(anonymous_7)
FNDA:0,(anonymous_8)
FNDA:0,(anonymous_9)
FNDA:0,(anonymous_10)
FNDA:0,(anonymous_11)
FNDA:0,(anonymous_12)
FNDA:0,(anonymous_13)
FNDA:0,(anonymous_14)
FNDA:0,(anonymous_15)
FNDA:0,(anonymous_16)
FNDA:0,(anonymous_17)
FNDA:0,(anonymous_18)
FNDA:0,(anonymous_19)
FNDA:0,(anonymous_20)
FNDA:0,(anonymous_21)
FNDA:0,(anonymous_22)
DA:7,0
DA:22,0
DA:28,0
DA:29,0
DA:30,0
DA:31,0
DA:32,0
DA:33,0
DA:34,0
DA:41,0
DA:42,0
DA:43,0
DA:45,0
DA:49,0
DA:50,0
DA:51,0
DA:52,0
DA:57,0
DA:58,0
DA:61,0
DA:62,0
DA:65,0
DA:66,0
DA:67,0
DA:69,0
DA:71,0
DA:72,0
DA:75,0
DA:77,0
DA:78,0
DA:80,0
DA:81,0
DA:84,0
DA:85,0
DA:87,0
DA:115,0
DA:165,0
DA:167,0
DA:206,0
DA:220,0
DA:229,0
DA:238,0
LF:42
LH:0
BRDA:22,0,0,0
BRDA:22,0,1,0
BRDA:42,1,0,0
BRDA:42,1,1,0
BRDA:51,2,0,0
BRDA:51,2,1,0
BRDA:116,3,0,0
BRDA:116,3,1,0
BRDA:117,4,0,0
BRDA:120,5,0,0
BRDA:120,5,1,0
BRDA:126,6,0,0
BRDA:126,6,1,0
BRDA:135,7,0,0
BRDA:135,7,1,0
BRDA:148,8,0,0
BRDA:156,9,0,0
BRDA:156,9,1,0
BRDA:161,10,0,0
BRDA:169,11,0,0
BRDA:169,11,1,0
BRDA:180,12,0,0
BRDA:194,13,0,0
BRDA:254,14,0,0
BRDA:257,15,0,0
BRDA:326,16,0,0
BRDA:326,16,1,0
BRDA:334,17,0,0
BRDA:336,18,0,0
BRDA:336,18,1,0
BRDA:337,19,0,0
BRDA:337,19,1,0
BRDA:340,20,0,0
BRDA:340,20,1,0
BRF:34
BRH:0
end_of_record
TN:
SF:src\components\export\PhotoAlbumDialog.tsx
FN:42,PhotoAlbumDialog
FN:59,(anonymous_2)
FN:65,(anonymous_3)
FN:66,(anonymous_4)
FN:74,(anonymous_5)
FN:85,(anonymous_6)
FN:122,(anonymous_7)
FN:125,(anonymous_8)
FN:145,(anonymous_9)
FN:151,(anonymous_10)
FN:174,(anonymous_11)
FN:189,(anonymous_12)
FN:204,(anonymous_13)
FN:219,(anonymous_14)
FN:242,(anonymous_15)
FN:254,(anonymous_16)
FN:264,(anonymous_17)
FNF:17
FNH:0
FNDA:0,PhotoAlbumDialog
FNDA:0,(anonymous_2)
FNDA:0,(anonymous_3)
FNDA:0,(anonymous_4)
FNDA:0,(anonymous_5)
FNDA:0,(anonymous_6)
FNDA:0,(anonymous_7)
FNDA:0,(anonymous_8)
FNDA:0,(anonymous_9)
FNDA:0,(anonymous_10)
FNDA:0,(anonymous_11)
FNDA:0,(anonymous_12)
FNDA:0,(anonymous_13)
FNDA:0,(anonymous_14)
FNDA:0,(anonymous_15)
FNDA:0,(anonymous_16)
FNDA:0,(anonymous_17)
DA:7,0
DA:30,0
DA:36,0
DA:42,0
DA:43,0
DA:44,0
DA:45,0
DA:59,0
DA:60,0
DA:61,0
DA:63,0
DA:65,0
DA:66,0
DA:69,0
DA:71,0
DA:72,0
DA:74,0
DA:75,0
DA:78,0
DA:79,0
DA:81,0
DA:85,0
DA:86,0
DA:123,0
DA:125,0
DA:146,0
DA:151,0
DA:175,0
DA:190,0
DA:205,0
DA:220,0
DA:243,0
DA:254,0
DA:264,0
LF:34
LH:0
BRDA:87,0,0,0
BRDA:87,0,1,0
BRDA:87,0,2,0
BRDA:87,0,3,0
BRDA:115,1,0,0
BRDA:127,2,0,0
BRDA:127,2,1,0
BRDA:275,3,0,0
BRDA:334,4,0,0
BRF:9
BRH:0
end_of_record
TN:
SF:src\components\photos\PhotoCard.tsx
FN:16,(anonymous_2)
FN:17,(anonymous_3)
FNF:2
FNH:2
FNDA:6,(anonymous_2)
FNDA:1,(anonymous_3)
DA:1,1
DA:3,1
DA:16,6
DA:17,6
DA:18,1
LF:5
LH:5
BRDA:30,0,0,6
BRDA:32,1,0,6
BRDA:32,1,1,1
BRDA:58,2,0,6
BRDA:58,2,1,1
BRDA:61,3,0,6
BRDA:65,4,0,6
BRDA:69,5,0,6
BRF:8
BRH:8
end_of_record
TN:
SF:src\components\photos\PhotoGrid.tsx
FN:16,(anonymous_1)
FN:44,(anonymous_2)
FNF:2
FNH:0
FNDA:0,(anonymous_1)
FNDA:0,(anonymous_2)
DA:3,0
DA:16,0
DA:17,0
DA:45,0
LF:4
LH:0
BRDA:17,0,0,0
BRF:1
BRH:0
end_of_record
TN:
SF:src\components\quality\QualityBadge.tsx
FN:13,QualityBadge
FN:14,(anonymous_2)
FNF:2
FNH:0
FNDA:0,QualityBadge
FNDA:0,(anonymous_2)
DA:13,0
DA:14,0
DA:15,0
DA:16,0
DA:17,0
DA:18,0
DA:21,0
DA:23,0
LF:8
LH:0
BRDA:13,0,0,0
BRDA:13,1,0,0
BRDA:15,2,0,0
BRDA:16,3,0,0
BRDA:17,4,0,0
BRDA:34,5,0,0
BRF:6
BRH:0
end_of_record
TN:
SF:src\components\quality\QualityDetails.tsx
FN:22,QualityDetails
FN:93,(anonymous_2)
FN:152,QualityMetric
FNF:3
FNH:0
FNDA:0,QualityDetails
FNDA:0,(anonymous_2)
FNDA:0,QualityMetric
DA:22,0
DA:29,0
DA:35,0
DA:94,0
LF:4
LH:0
BRDA:27,0,0,0
BRDA:55,1,0,0
BRDA:55,1,1,0
BRDA:57,2,0,0
BRDA:57,2,1,0
BRDA:59,3,0,0
BRDA:59,3,1,0
BRDA:69,4,0,0
BRDA:69,4,1,0
BRDA:69,4,2,0
BRDA:73,5,0,0
BRDA:77,6,0,0
BRDA:81,7,0,0
BRDA:89,8,0,0
BRDA:104,9,0,0
BRDA:118,10,0,0
BRF:16
BRH:0
end_of_record
TN:
SF:src\components\search\FilterPanel.tsx
FN:59,FilterPanel
FN:63,(anonymous_2)
FN:72,(anonymous_3)
FN:77,(anonymous_4)
FN:82,(anonymous_5)
FN:134,(anonymous_6)
FN:138,(anonymous_7)
FN:154,(anonymous_8)
FN:158,(anonymous_9)
FN:174,(anonymous_10)
FN:178,(anonymous_11)
FN:195,(anonymous_12)
FN:209,(anonymous_13)
FNF:13
FNH:0
FNDA:0,FilterPanel
FNDA:0,(anonymous_2)
FNDA:0,(anonymous_3)
FNDA:0,(anonymous_4)
FNDA:0,(anonymous_5)
FNDA:0,(anonymous_6)
FNDA:0,(anonymous_7)
FNDA:0,(anonymous_8)
FNDA:0,(anonymous_9)
FNDA:0,(anonymous_10)
FNDA:0,(anonymous_11)
FNDA:0,(anonymous_12)
FNDA:0,(anonymous_13)
DA:7,0
DA:24,0
DA:36,0
DA:49,0
DA:59,0
DA:60,0
DA:61,0
DA:63,0
DA:64,0
DA:68,0
DA:69,0
DA:72,0
DA:73,0
DA:74,0
DA:77,0
DA:82,0
DA:134,0
DA:139,0
DA:154,0
DA:159,0
DA:174,0
DA:179,0
DA:195,0
DA:209,0
LF:24
LH:0
BRDA:59,0,0,0
BRDA:66,1,0,0
BRDA:66,1,1,0
BRDA:100,2,0,0
BRDA:108,3,0,0
BRDA:108,3,1,0
BRDA:123,4,0,0
BRDA:133,5,0,0
BRDA:133,5,1,0
BRDA:153,6,0,0
BRDA:153,6,1,0
BRDA:173,7,0,0
BRDA:173,7,1,0
BRDA:194,8,0,0
BRDA:194,8,1,0
BRDA:208,9,0,0
BRDA:208,9,1,0
BRDA:216,10,0,0
BRF:18
BRH:0
end_of_record
TN:
SF:src\components\search\SearchBar.tsx
FN:15,SearchBar
FN:18,(anonymous_2)
FN:23,(anonymous_3)
FN:49,(anonymous_4)
FNF:4
FNH:0
FNDA:0,SearchBar
FNDA:0,(anonymous_2)
FNDA:0,(anonymous_3)
FNDA:0,(anonymous_4)
DA:7,0
DA:15,0
DA:16,0
DA:18,0
DA:19,0
DA:20,0
DA:23,0
DA:24,0
DA:25,0
DA:49,0
LF:10
LH:0
BRDA:15,0,0,0
BRDA:15,1,0,0
BRDA:53,2,0,0
BRF:3
BRH:0
end_of_record
TN:
SF:src\components\upload\DragDropZone.tsx
FN:14,(anonymous_1)
FN:20,(anonymous_2)
FN:26,(anonymous_3)
FN:32,(anonymous_4)
FN:38,(anonymous_5)
FN:51,(anonymous_6)
FNF:6
FNH:4
FNDA:8,(anonymous_1)
FNDA:1,(anonymous_2)
FNDA:1,(anonymous_3)
FNDA:0,(anonymous_4)
FNDA:0,(anonymous_5)
FNDA:2,(anonymous_6)
DA:1,1
DA:14,6
DA:18,8
DA:20,8
DA:21,1
DA:22,1
DA:23,1
DA:26,8
DA:27,1
DA:28,1
DA:29,1
DA:32,8
DA:33,0
DA:34,0
DA:37,8
DA:39,0
DA:40,0
DA:41,0
DA:43,0
DA:44,0
DA:45,0
DA:50,8
DA:52,2
DA:53,2
DA:54,2
LF:25
LH:17
BRDA:44,0,0,0
BRDA:44,0,1,0
BRDA:52,1,0,2
BRDA:52,1,1,0
BRDA:53,2,0,0
BRDA:53,2,1,2
BRDA:79,3,0,1
BRDA:79,3,1,7
BRDA:113,4,0,8
BRF:9
BRH:5
end_of_record
TN:
SF:src\contexts\AuthContext.tsx
FN:27,AuthProvider
FN:34,(anonymous_7)
FN:35,(anonymous_8)
FN:69,(anonymous_9)
FN:100,(anonymous_10)
FN:122,(anonymous_11)
FN:140,useAuth
FNF:7
FNH:0
FNDA:0,AuthProvider
FNDA:0,(anonymous_7)
FNDA:0,(anonymous_8)
FNDA:0,(anonymous_9)
FNDA:0,(anonymous_10)
FNDA:0,(anonymous_11)
FNDA:0,useAuth
DA:7,0
DA:25,0
DA:27,0
DA:28,0
DA:29,0
DA:31,0
DA:34,0
DA:35,0
DA:36,0
DA:37,0
DA:38,0
DA:39,0
DA:42,0
DA:43,0
DA:49,0
DA:50,0
DA:51,0
DA:54,0
DA:55,0
DA:58,0
DA:59,0
DA:60,0
DA:62,0
DA:66,0
DA:69,0
DA:70,0
DA:78,0
DA:79,0
DA:80,0
DA:83,0
DA:84,0
DA:85,0
DA:88,0
DA:94,0
DA:95,0
DA:96,0
DA:100,0
DA:101,0
DA:113,0
DA:114,0
DA:115,0
DA:119,0
DA:122,0
DA:123,0
DA:124,0
DA:125,0
DA:128,0
DA:140,0
DA:141,0
DA:142,0
DA:143,0
DA:145,0
LF:52
LH:0
BRDA:31,0,0,0
BRDA:31,0,1,0
BRDA:37,1,0,0
BRDA:49,2,0,0
BRDA:49,2,1,0
BRDA:78,3,0,0
BRDA:80,4,0,0
BRDA:80,4,1,0
BRDA:94,5,0,0
BRDA:113,6,0,0
BRDA:115,7,0,0
BRDA:115,7,1,0
BRDA:142,8,0,0
BRF:13
BRH:0
end_of_record
TN:
SF:src\hooks\usePhotos.ts
FN:83,mapAPIResponseToPhoto
FN:134,(anonymous_11)
FN:135,(anonymous_12)
FN:137,(anonymous_13)
FN:138,(anonymous_14)
FN:144,usePhotos
FN:145,(anonymous_16)
FN:149,(anonymous_17)
FN:152,(anonymous_18)
FN:174,usePhoto
FN:175,(anonymous_20)
FN:179,(anonymous_21)
FN:197,useSearchPhotos
FN:198,(anonymous_23)
FN:201,(anonymous_24)
FN:204,(anonymous_25)
FN:227,useCreatePhoto
FN:229,(anonymous_27)
FN:232,(anonymous_28)
FN:243,(anonymous_29)
FN:253,useUpdatePhoto
FN:255,(anonymous_31)
FN:258,(anonymous_32)
FN:275,(anonymous_33)
FN:288,useDeletePhoto
FN:290,(anonymous_35)
FN:293,(anonymous_36)
FN:303,(anonymous_37)
FN:313,useProcessOCR
FN:315,(anonymous_39)
FN:318,(anonymous_40)
FN:329,(anonymous_41)
FN:339,useClassifyPhoto
FN:341,(anonymous_43)
FN:344,(anonymous_44)
FN:355,(anonymous_45)
FNF:36
FNH:0
FNDA:0,mapAPIResponseToPhoto
FNDA:0,(anonymous_11)
FNDA:0,(anonymous_12)
FNDA:0,(anonymous_13)
FNDA:0,(anonymous_14)
FNDA:0,usePhotos
FNDA:0,(anonymous_16)
FNDA:0,(anonymous_17)
FNDA:0,(anonymous_18)
FNDA:0,usePhoto
FNDA:0,(anonymous_20)
FNDA:0,(anonymous_21)
FNDA:0,useSearchPhotos
FNDA:0,(anonymous_23)
FNDA:0,(anonymous_24)
FNDA:0,(anonymous_25)
FNDA:0,useCreatePhoto
FNDA:0,(anonymous_27)
FNDA:0,(anonymous_28)
FNDA:0,(anonymous_29)
FNDA:0,useUpdatePhoto
FNDA:0,(anonymous_31)
FNDA:0,(anonymous_32)
FNDA:0,(anonymous_33)
FNDA:0,useDeletePhoto
FNDA:0,(anonymous_35)
FNDA:0,(anonymous_36)
FNDA:0,(anonymous_37)
FNDA:0,useProcessOCR
FNDA:0,(anonymous_39)
FNDA:0,(anonymous_40)
FNDA:0,(anonymous_41)
FNDA:0,useClassifyPhoto
FNDA:0,(anonymous_43)
FNDA:0,(anonymous_44)
FNDA:0,(anonymous_45)
DA:5,0
DA:6,0
DA:7,0
DA:84,0
DA:132,0
DA:134,0
DA:136,0
DA:137,0
DA:138,0
DA:144,0
DA:145,0
DA:147,0
DA:150,0
DA:151,0
DA:152,0
DA:153,0
DA:154,0
DA:158,0
DA:159,0
DA:160,0
DA:162,0
DA:163,0
DA:165,0
DA:174,0
DA:175,0
DA:177,0
DA:180,0
DA:181,0
DA:182,0
DA:184,0
DA:185,0
DA:187,0
DA:197,0
DA:198,0
DA:200,0
DA:202,0
DA:203,0
DA:204,0
DA:205,0
DA:206,0
DA:210,0
DA:213,0
DA:215,0
DA:216,0
DA:218,0
DA:227,0
DA:228,0
DA:229,0
DA:231,0
DA:233,0
DA:234,0
DA:235,0
DA:237,0
DA:238,0
DA:240,0
DA:244,0
DA:245,0
DA:253,0
DA:254,0
DA:255,0
DA:257,0
DA:265,0
DA:266,0
DA:267,0
DA:269,0
DA:270,0
DA:272,0
DA:276,0
DA:277,0
DA:280,0
DA:288,0
DA:289,0
DA:290,0
DA:292,0
DA:294,0
DA:295,0
DA:297,0
DA:298,0
DA:300,0
DA:304,0
DA:305,0
DA:313,0
DA:314,0
DA:315,0
DA:317,0
DA:319,0
DA:320,0
DA:321,0
DA:323,0
DA:324,0
DA:326,0
DA:330,0
DA:331,0
DA:339,0
DA:340,0
DA:341,0
DA:343,0
DA:345,0
DA:346,0
DA:347,0
DA:349,0
DA:350,0
DA:352,0
DA:356,0
DA:357,0
LF:105
LH:0
BRDA:90,0,0,0
BRDA:90,0,1,0
BRDA:91,1,0,0
BRDA:91,1,1,0
BRDA:92,2,0,0
BRDA:92,2,1,0
BRDA:93,3,0,0
BRDA:93,3,1,0
BRDA:93,4,0,0
BRDA:93,4,1,0
BRDA:97,5,0,0
BRDA:97,5,1,0
BRDA:100,6,0,0
BRDA:100,6,1,0
BRDA:100,7,0,0
BRDA:100,7,1,0
BRDA:100,7,2,0
BRDA:102,8,0,0
BRDA:102,8,1,0
BRDA:103,9,0,0
BRDA:103,9,1,0
BRDA:104,10,0,0
BRDA:104,10,1,0
BRDA:107,11,0,0
BRDA:107,11,1,0
BRDA:112,12,0,0
BRDA:112,12,1,0
BRDA:112,13,0,0
BRDA:112,13,1,0
BRDA:118,14,0,0
BRDA:118,14,1,0
BRDA:144,15,0,0
BRDA:153,16,0,0
BRDA:153,17,0,0
BRDA:153,17,1,0
BRDA:153,17,2,0
BRDA:158,18,0,0
BRDA:158,18,1,0
BRDA:162,19,0,0
BRDA:184,20,0,0
BRDA:205,21,0,0
BRDA:205,22,0,0
BRDA:205,22,1,0
BRDA:205,22,2,0
BRDA:215,23,0,0
BRDA:237,24,0,0
BRDA:269,25,0,0
BRDA:297,26,0,0
BRDA:323,27,0,0
BRDA:349,28,0,0
BRF:50
BRH:0
end_of_record
TN:
SF:src\lib\apiClient.ts
FN:8,(anonymous_8)
FN:21,apiFetch
FN:45,(anonymous_10)
FN:60,apiGet
FN:67,apiPost
FN:77,apiPut
FN:87,apiPatch
FN:97,apiDelete
FNF:8
FNH:8
FNDA:4,(anonymous_8)
FNDA:12,apiFetch
FNDA:1,(anonymous_10)
FNDA:1,apiGet
FNDA:2,apiPost
FNDA:1,apiPut
FNDA:1,apiPatch
FNDA:1,apiDelete
DA:5,1
DA:7,3
DA:9,4
DA:10,4
DA:11,4
DA:13,4
DA:14,4
DA:21,6
DA:26,12
DA:30,12
DA:35,12
DA:36,1
DA:39,12
DA:44,12
DA:45,3
DA:46,3
DA:50,9
DA:51,2
DA:54,7
DA:60,1
DA:61,1
DA:67,2
DA:68,2
DA:77,1
DA:78,1
DA:87,1
DA:88,1
DA:97,1
DA:98,1
LF:29
LH:29
BRDA:5,0,0,1
BRDA:5,0,1,1
BRDA:23,1,0,6
BRDA:26,2,0,12
BRDA:26,2,1,0
BRDA:35,3,0,1
BRDA:44,4,0,3
BRDA:50,5,0,2
BRDA:70,6,0,1
BRDA:70,6,1,1
BRDA:80,7,0,1
BRDA:80,7,1,0
BRDA:90,8,0,1
BRDA:90,8,1,0
BRF:14
BRH:11
end_of_record
TN:
SF:src\lib\fileValidator.ts
FN:6,(anonymous_6)
FN:37,validateFile
FN:79,validateFiles
FN:88,(anonymous_9)
FN:97,getValidFiles
FN:98,(anonymous_11)
FN:98,(anonymous_12)
FN:107,getErrorMessages
FN:109,(anonymous_14)
FN:110,(anonymous_15)
FN:111,(anonymous_16)
FNF:11
FNH:4
FNDA:1,(anonymous_6)
FNDA:21,validateFile
FNDA:3,validateFiles
FNDA:14,(anonymous_9)
FNDA:0,getValidFiles
FNDA:0,(anonymous_11)
FNDA:0,(anonymous_12)
FNDA:0,getErrorMessages
FNDA:0,(anonymous_14)
FNDA:0,(anonymous_15)
FNDA:0,(anonymous_16)
DA:6,1
DA:25,1
DA:37,7
DA:41,21
DA:42,21
DA:45,21
DA:46,3
DA:50,21
DA:51,2
DA:55,21
DA:56,1
DA:60,21
DA:61,21
DA:62,1
DA:65,21
DA:79,3
DA:84,3
DA:88,14
DA:97,0
DA:98,0
DA:107,0
DA:108,0
DA:109,0
DA:111,0
LF:24
LH:18
BRDA:6,0,0,1
BRDA:6,0,1,1
BRDA:39,1,0,5
BRDA:45,2,0,3
BRDA:50,3,0,2
BRDA:55,4,0,1
BRDA:61,5,0,1
BRDA:81,6,0,2
BRDA:84,7,0,1
BRDA:84,7,1,2
BRF:10
BRH:10
end_of_record
TN:
SF:src\lib\queryClient.ts
FN:19,(anonymous_1)
FNF:1
FNH:0
FNDA:0,(anonymous_1)
DA:5,0
DA:7,0
DA:19,0
LF:3
LH:0
BRF:0
BRH:0
end_of_record
TN:
SF:src\lib\s3Upload.ts
FN:43,(anonymous_3)
FN:63,(anonymous_4)
FN:71,(anonymous_5)
FN:88,(anonymous_6)
FN:116,(anonymous_7)
FN:148,(anonymous_8)
FN:181,(anonymous_9)
FN:187,(anonymous_10)
FN:189,(anonymous_11)
FN:200,(anonymous_12)
FN:221,(anonymous_13)
FN:249,(anonymous_14)
FN:256,(anonymous_15)
FN:321,(anonymous_16)
FN:332,(anonymous_17)
FN:333,(anonymous_18)
FNF:16
FNH:5
FNDA:0,(anonymous_3)
FNDA:0,(anonymous_4)
FNDA:0,(anonymous_5)
FNDA:0,(anonymous_6)
FNDA:0,(anonymous_7)
FNDA:0,(anonymous_8)
FNDA:0,(anonymous_9)
FNDA:0,(anonymous_10)
FNDA:0,(anonymous_11)
FNDA:0,(anonymous_12)
FNDA:0,(anonymous_13)
FNDA:15,(anonymous_14)
FNDA:30,(anonymous_15)
FNDA:3,(anonymous_16)
FNDA:10,(anonymous_17)
FNDA:20,(anonymous_18)
DA:7,1
DA:37,0
DA:44,0
DA:46,0
DA:47,0
DA:48,0
DA:51,0
DA:68,0
DA:69,0
DA:71,0
DA:72,0
DA:80,0
DA:83,0
DA:84,0
DA:87,0
DA:88,0
DA:89,0
DA:90,0
DA:92,0
DA:93,0
DA:97,0
DA:105,0
DA:107,0
DA:109,0
DA:110,0
DA:113,0
DA:114,0
DA:115,0
DA:117,0
DA:118,0
DA:128,0
DA:129,0
DA:131,0
DA:138,0
DA:142,0
DA:148,0
DA:153,0
DA:155,0
DA:162,0
DA:169,0
DA:172,0
DA:173,0
DA:174,0
DA:186,0
DA:188,0
DA:189,0
DA:190,0
DA:194,0
DA:205,0
DA:209,0
DA:211,0
DA:222,0
DA:223,0
DA:224,0
DA:226,0
DA:227,0
DA:228,0
DA:229,0
DA:234,0
DA:235,0
DA:238,0
DA:245,8
DA:254,15
DA:256,15
DA:257,30
DA:265,30
DA:268,15
DA:269,15
DA:272,15
DA:284,15
DA:285,2
DA:288,13
DA:291,13
DA:299,13
DA:300,1
DA:303,12
DA:304,12
DA:306,12
DA:312,3
DA:313,3
DA:314,3
DA:327,3
DA:329,3
DA:330,5
DA:331,5
DA:333,10
DA:334,20
DA:338,5
DA:341,3
LF:89
LH:29
BRDA:44,0,0,0
BRDA:44,1,0,0
BRDA:53,2,0,0
BRDA:53,2,1,0
BRDA:53,3,0,0
BRDA:53,3,1,0
BRDA:76,4,0,0
BRDA:76,4,1,0
BRDA:87,5,0,0
BRDA:172,6,0,0
BRDA:172,6,1,0
BRDA:261,7,0,30
BRDA:261,7,1,0
BRDA:284,8,0,2
BRDA:299,9,0,1
BRDA:312,10,0,3
BRDA:312,10,1,0
BRDA:325,11,0,2
BRF:18
BRH:5
end_of_record
TN:
SF:src\providers\QueryProvider.tsx
FN:11,QueryProvider
FNF:1
FNH:0
FNDA:0,QueryProvider
DA:7,0
DA:8,0
DA:9,0
DA:11,0
LF:4
LH:0
BRDA:15,0,0,0
BRF:1
BRH:0
end_of_record
TN:
SF:src\store\filterStore.ts
FN:32,(anonymous_1)
FN:38,(anonymous_2)
FN:39,(anonymous_3)
FN:47,(anonymous_4)
FN:50,(anonymous_5)
FN:53,(anonymous_6)
FN:54,(anonymous_7)
FN:61,(anonymous_8)
FN:62,(anonymous_9)
FN:65,(anonymous_10)
FN:67,(anonymous_11)
FNF:11
FNH:0
FNDA:0,(anonymous_1)
FNDA:0,(anonymous_2)
FNDA:0,(anonymous_3)
FNDA:0,(anonymous_4)
FNDA:0,(anonymous_5)
FNDA:0,(anonymous_6)
FNDA:0,(anonymous_7)
FNDA:0,(anonymous_8)
FNDA:0,(anonymous_9)
FNDA:0,(anonymous_10)
FNDA:0,(anonymous_11)
DA:5,0
DA:32,0
DA:39,0
DA:47,0
DA:50,0
DA:54,0
DA:55,0
DA:56,0
DA:57,0
DA:62,0
DA:66,0
DA:67,0
LF:12
LH:0
BRDA:67,0,0,0
BRDA:67,0,1,0
BRF:2
BRH:0
end_of_record
TN:
SF:src\store\uiStore.ts
FN:42,(anonymous_1)
FN:52,(anonymous_2)
FN:55,(anonymous_3)
FN:59,(anonymous_4)
FN:60,(anonymous_5)
FN:71,(anonymous_6)
FN:75,(anonymous_7)
FN:78,(anonymous_8)
FN:79,(anonymous_9)
FN:85,(anonymous_10)
FN:86,(anonymous_11)
FN:87,(anonymous_12)
FN:98,(anonymous_13)
FN:99,(anonymous_14)
FN:100,(anonymous_15)
FN:104,(anonymous_16)
FNF:16
FNH:0
FNDA:0,(anonymous_1)
FNDA:0,(anonymous_2)
FNDA:0,(anonymous_3)
FNDA:0,(anonymous_4)
FNDA:0,(anonymous_5)
FNDA:0,(anonymous_6)
FNDA:0,(anonymous_7)
FNDA:0,(anonymous_8)
FNDA:0,(anonymous_9)
FNDA:0,(anonymous_10)
FNDA:0,(anonymous_11)
FNDA:0,(anonymous_12)
FNDA:0,(anonymous_13)
FNDA:0,(anonymous_14)
FNDA:0,(anonymous_15)
FNDA:0,(anonymous_16)
DA:5,0
DA:42,0
DA:52,0
DA:56,0
DA:60,0
DA:61,0
DA:62,0
DA:63,0
DA:65,0
DA:67,0
DA:72,0
DA:75,0
DA:79,0
DA:80,0
DA:81,0
DA:84,0
DA:85,0
DA:86,0
DA:87,0
DA:92,0
DA:99,0
DA:100,0
DA:104,0
LF:23
LH:0
BRDA:62,0,0,0
BRDA:62,0,1,0
BRDA:78,1,0,0
BRDA:84,2,0,0
BRF:4
BRH:0
end_of_record
TN:
SF:src\store\uploadStore.ts
FN:38,(anonymous_1)
FN:46,(anonymous_2)
FN:47,(anonymous_3)
FN:48,(anonymous_4)
FN:61,(anonymous_5)
FN:62,(anonymous_6)
FN:63,(anonymous_7)
FN:64,(anonymous_8)
FN:66,(anonymous_9)
FN:71,(anonymous_10)
FN:79,(anonymous_11)
FN:80,(anonymous_12)
FN:81,(anonymous_13)
FN:94,(anonymous_14)
FN:104,(anonymous_15)
FN:107,(anonymous_16)
FNF:16
FNH:0
FNDA:0,(anonymous_1)
FNDA:0,(anonymous_2)
FNDA:0,(anonymous_3)
FNDA:0,(anonymous_4)
FNDA:0,(anonymous_5)
FNDA:0,(anonymous_6)
FNDA:0,(anonymous_7)
FNDA:0,(anonymous_8)
FNDA:0,(anonymous_9)
FNDA:0,(anonymous_10)
FNDA:0,(anonymous_11)
FNDA:0,(anonymous_12)
FNDA:0,(anonymous_13)
FNDA:0,(anonymous_14)
FNDA:0,(anonymous_15)
FNDA:0,(anonymous_16)
DA:5,0
DA:38,0
DA:47,0
DA:48,0
DA:54,0
DA:62,0
DA:63,0
DA:64,0
DA:66,0
DA:72,0
DA:80,0
DA:81,0
DA:82,0
DA:93,0
DA:94,0
DA:97,0
DA:104,0
DA:108,0
LF:18
LH:0
BRDA:66,0,0,0
BRDA:66,0,1,0
BRDA:82,1,0,0
BRDA:82,1,1,0
BRDA:86,2,0,0
BRDA:86,2,1,0
BRDA:88,3,0,0
BRDA:88,3,1,0
BRF:8
BRH:0
end_of_record
