TN:
SF:src\app\page.tsx
FN:1,Home
FNF:1
FNH:1
FNDA:3,Home
DA:1,3
LF:1
LH:1
BRF:0
BRH:0
end_of_record
TN:
SF:src\components\upload\DragDropZone.tsx
FN:14,(anonymous_1)
FN:20,(anonymous_2)
FN:26,(anonymous_3)
FN:32,(anonymous_4)
FN:38,(anonymous_5)
FN:51,(anonymous_6)
FNF:6
FNH:4
FNDA:8,(anonymous_1)
FNDA:1,(anonymous_2)
FNDA:1,(anonymous_3)
FNDA:0,(anonymous_4)
FNDA:0,(anonymous_5)
FNDA:2,(anonymous_6)
DA:1,1
DA:14,6
DA:18,8
DA:20,8
DA:21,1
DA:22,1
DA:23,1
DA:26,8
DA:27,1
DA:28,1
DA:29,1
DA:32,8
DA:33,0
DA:34,0
DA:37,8
DA:39,0
DA:40,0
DA:41,0
DA:43,0
DA:44,0
DA:45,0
DA:50,8
DA:52,2
DA:53,2
DA:54,2
LF:25
LH:17
BRDA:44,0,0,0
BRDA:44,0,1,0
BRDA:52,1,0,2
BRDA:52,1,1,0
BRDA:53,2,0,0
BRDA:53,2,1,2
BRDA:79,3,0,1
BRDA:79,3,1,7
BRDA:113,4,0,8
BRF:9
BRH:5
end_of_record
TN:
SF:src\lib\fileValidator.ts
FN:6,(anonymous_6)
FN:37,validateFile
FN:79,validateFiles
FN:88,(anonymous_9)
FN:97,getValidFiles
FN:98,(anonymous_11)
FN:98,(anonymous_12)
FN:107,getErrorMessages
FN:109,(anonymous_14)
FN:110,(anonymous_15)
FN:111,(anonymous_16)
FNF:11
FNH:4
FNDA:1,(anonymous_6)
FNDA:21,validateFile
FNDA:3,validateFiles
FNDA:14,(anonymous_9)
FNDA:0,getValidFiles
FNDA:0,(anonymous_11)
FNDA:0,(anonymous_12)
FNDA:0,getErrorMessages
FNDA:0,(anonymous_14)
FNDA:0,(anonymous_15)
FNDA:0,(anonymous_16)
DA:6,1
DA:25,1
DA:37,7
DA:41,21
DA:42,21
DA:45,21
DA:46,3
DA:50,21
DA:51,2
DA:55,21
DA:56,1
DA:60,21
DA:61,21
DA:62,1
DA:65,21
DA:79,3
DA:84,3
DA:88,14
DA:97,0
DA:98,0
DA:107,0
DA:108,0
DA:109,0
DA:111,0
LF:24
LH:18
BRDA:6,0,0,1
BRDA:6,0,1,1
BRDA:39,1,0,5
BRDA:45,2,0,3
BRDA:50,3,0,2
BRDA:55,4,0,1
BRDA:61,5,0,1
BRDA:81,6,0,2
BRDA:84,7,0,1
BRDA:84,7,1,2
BRF:10
BRH:10
end_of_record
