{"meta": {"format": 3, "version": "7.11.0", "timestamp": "2025-11-02T12:05:58.288030", "branch_coverage": false, "show_contexts": false}, "files": {"app\\__init__.py": {"executed_lines": [1, 5], "summary": {"covered_lines": 1, "num_statements": 1, "percent_covered": 100.0, "percent_covered_display": "100", "missing_lines": 0, "excluded_lines": 0}, "missing_lines": [], "excluded_lines": [], "functions": {"": {"executed_lines": [1, 5], "summary": {"covered_lines": 1, "num_statements": 1, "percent_covered": 100.0, "percent_covered_display": "100", "missing_lines": 0, "excluded_lines": 0}, "missing_lines": [], "excluded_lines": []}}, "classes": {"": {"executed_lines": [1, 5], "summary": {"covered_lines": 1, "num_statements": 1, "percent_covered": 100.0, "percent_covered_display": "100", "missing_lines": 0, "excluded_lines": 0}, "missing_lines": [], "excluded_lines": []}}}, "app\\auth\\__init__.py": {"executed_lines": [1], "summary": {"covered_lines": 0, "num_statements": 0, "percent_covered": 100.0, "percent_covered_display": "100", "missing_lines": 0, "excluded_lines": 0}, "missing_lines": [], "excluded_lines": [], "functions": {"": {"executed_lines": [1], "summary": {"covered_lines": 0, "num_statements": 0, "percent_covered": 100.0, "percent_covered_display": "100", "missing_lines": 0, "excluded_lines": 0}, "missing_lines": [], "excluded_lines": []}}, "classes": {"": {"executed_lines": [1], "summary": {"covered_lines": 0, "num_statements": 0, "percent_covered": 100.0, "percent_covered_display": "100", "missing_lines": 0, "excluded_lines": 0}, "missing_lines": [], "excluded_lines": []}}}, "app\\auth\\dependencies.py": {"executed_lines": [1, 5, 6, 7, 8, 10, 11, 12, 15, 18, 66, 88], "summary": {"covered_lines": 11, "num_statements": 43, "percent_covered": 25.58139534883721, "percent_covered_display": "26", "missing_lines": 32, "excluded_lines": 0}, "missing_lines": [35, 42, 43, 45, 46, 49, 50, 51, 54, 55, 56, 59, 60, 61, 63, 81, 82, 85, 105, 106, 108, 109, 110, 112, 113, 115, 116, 117, 119, 120, 121, 122], "excluded_lines": [], "functions": {"get_current_user": {"executed_lines": [], "summary": {"covered_lines": 0, "num_statements": 15, "percent_covered": 0.0, "percent_covered_display": "0", "missing_lines": 15, "excluded_lines": 0}, "missing_lines": [35, 42, 43, 45, 46, 49, 50, 51, 54, 55, 56, 59, 60, 61, 63], "excluded_lines": []}, "get_current_active_user": {"executed_lines": [], "summary": {"covered_lines": 0, "num_statements": 3, "percent_covered": 0.0, "percent_covered_display": "0", "missing_lines": 3, "excluded_lines": 0}, "missing_lines": [81, 82, 85], "excluded_lines": []}, "get_optional_current_user": {"executed_lines": [], "summary": {"covered_lines": 0, "num_statements": 14, "percent_covered": 0.0, "percent_covered_display": "0", "missing_lines": 14, "excluded_lines": 0}, "missing_lines": [105, 106, 108, 109, 110, 112, 113, 115, 116, 117, 119, 120, 121, 122], "excluded_lines": []}, "": {"executed_lines": [1, 5, 6, 7, 8, 10, 11, 12, 15, 18, 66, 88], "summary": {"covered_lines": 11, "num_statements": 11, "percent_covered": 100.0, "percent_covered_display": "100", "missing_lines": 0, "excluded_lines": 0}, "missing_lines": [], "excluded_lines": []}}, "classes": {"": {"executed_lines": [1, 5, 6, 7, 8, 10, 11, 12, 15, 18, 66, 88], "summary": {"covered_lines": 11, "num_statements": 43, "percent_covered": 25.58139534883721, "percent_covered_display": "26", "missing_lines": 32, "excluded_lines": 0}, "missing_lines": [35, 42, 43, 45, 46, 49, 50, 51, 54, 55, 56, 59, 60, 61, 63, 81, 82, 85, 105, 106, 108, 109, 110, 112, 113, 115, 116, 117, 119, 120, 121, 122], "excluded_lines": []}}}, "app\\auth\\jwt_handler.py": {"executed_lines": [1, 5, 6, 7, 8, 9, 12, 15, 16, 17, 18, 21, 22, 24, 25, 49, 50, 66, 67, 83, 84, 97, 98, 111], "summary": {"covered_lines": 22, "num_statements": 44, "percent_covered": 50.0, "percent_covered_display": "50", "missing_lines": 22, "excluded_lines": 0}, "missing_lines": [38, 40, 41, 43, 45, 46, 47, 60, 61, 62, 63, 64, 77, 78, 79, 80, 81, 95, 108, 122, 125, 129], "excluded_lines": [], "functions": {"JWTHandler.create_access_token": {"executed_lines": [], "summary": {"covered_lines": 0, "num_statements": 7, "percent_covered": 0.0, "percent_covered_display": "0", "missing_lines": 7, "excluded_lines": 0}, "missing_lines": [38, 40, 41, 43, 45, 46, 47], "excluded_lines": []}, "JWTHandler.create_refresh_token": {"executed_lines": [], "summary": {"covered_lines": 0, "num_statements": 5, "percent_covered": 0.0, "percent_covered_display": "0", "missing_lines": 5, "excluded_lines": 0}, "missing_lines": [60, 61, 62, 63, 64], "excluded_lines": []}, "JWTHandler.decode_token": {"executed_lines": [], "summary": {"covered_lines": 0, "num_statements": 5, "percent_covered": 0.0, "percent_covered_display": "0", "missing_lines": 5, "excluded_lines": 0}, "missing_lines": [77, 78, 79, 80, 81], "excluded_lines": []}, "JWTHandler.verify_password": {"executed_lines": [], "summary": {"covered_lines": 0, "num_statements": 1, "percent_covered": 0.0, "percent_covered_display": "0", "missing_lines": 1, "excluded_lines": 0}, "missing_lines": [95], "excluded_lines": []}, "JWTHandler.get_password_hash": {"executed_lines": [], "summary": {"covered_lines": 0, "num_statements": 1, "percent_covered": 0.0, "percent_covered_display": "0", "missing_lines": 1, "excluded_lines": 0}, "missing_lines": [108], "excluded_lines": []}, "create_tokens": {"executed_lines": [], "summary": {"covered_lines": 0, "num_statements": 3, "percent_covered": 0.0, "percent_covered_display": "0", "missing_lines": 3, "excluded_lines": 0}, "missing_lines": [122, 125, 129], "excluded_lines": []}, "": {"executed_lines": [1, 5, 6, 7, 8, 9, 12, 15, 16, 17, 18, 21, 22, 24, 25, 49, 50, 66, 67, 83, 84, 97, 98, 111], "summary": {"covered_lines": 22, "num_statements": 22, "percent_covered": 100.0, "percent_covered_display": "100", "missing_lines": 0, "excluded_lines": 0}, "missing_lines": [], "excluded_lines": []}}, "classes": {"JWTHandler": {"executed_lines": [], "summary": {"covered_lines": 0, "num_statements": 19, "percent_covered": 0.0, "percent_covered_display": "0", "missing_lines": 19, "excluded_lines": 0}, "missing_lines": [38, 40, 41, 43, 45, 46, 47, 60, 61, 62, 63, 64, 77, 78, 79, 80, 81, 95, 108], "excluded_lines": []}, "": {"executed_lines": [1, 5, 6, 7, 8, 9, 12, 15, 16, 17, 18, 21, 22, 24, 25, 49, 50, 66, 67, 83, 84, 97, 98, 111], "summary": {"covered_lines": 22, "num_statements": 25, "percent_covered": 88.0, "percent_covered_display": "88", "missing_lines": 3, "excluded_lines": 0}, "missing_lines": [122, 125, 129], "excluded_lines": []}}}, "app\\database\\database.py": {"executed_lines": [1, 5, 6, 7, 8, 10, 13, 18, 26, 29], "summary": {"covered_lines": 9, "num_statements": 13, "percent_covered": 69.23076923076923, "percent_covered_display": "69", "missing_lines": 4, "excluded_lines": 0}, "missing_lines": [31, 32, 33, 35], "excluded_lines": [], "functions": {"get_db": {"executed_lines": [], "summary": {"covered_lines": 0, "num_statements": 4, "percent_covered": 0.0, "percent_covered_display": "0", "missing_lines": 4, "excluded_lines": 0}, "missing_lines": [31, 32, 33, 35], "excluded_lines": []}, "": {"executed_lines": [1, 5, 6, 7, 8, 10, 13, 18, 26, 29], "summary": {"covered_lines": 9, "num_statements": 9, "percent_covered": 100.0, "percent_covered_display": "100", "missing_lines": 0, "excluded_lines": 0}, "missing_lines": [], "excluded_lines": []}}, "classes": {"": {"executed_lines": [1, 5, 6, 7, 8, 10, 13, 18, 26, 29], "summary": {"covered_lines": 9, "num_statements": 13, "percent_covered": 69.23076923076923, "percent_covered_display": "69", "missing_lines": 4, "excluded_lines": 0}, "missing_lines": [31, 32, 33, 35], "excluded_lines": []}}}, "app\\database\\models.py": {"executed_lines": [1, 6, 7, 20, 21, 22, 24, 28, 29, 30, 31, 33, 34, 38, 41, 42, 44, 46, 47, 48, 49, 50, 51, 52, 55, 56, 57, 60, 61, 62, 65, 66, 67, 68, 69, 72, 75, 78, 79, 80, 83, 86, 87, 90, 91, 94, 95, 96, 97, 100, 101, 105, 110, 113, 114, 116, 118, 119, 120, 121, 122, 123, 125, 126, 130, 134, 135, 137, 139, 140, 141, 142, 143, 144, 145, 146, 148, 149, 153, 157, 158, 160, 162, 163, 164, 165, 166, 167, 169, 170, 174], "summary": {"covered_lines": 81, "num_statements": 82, "percent_covered": 98.78048780487805, "percent_covered_display": "99", "missing_lines": 1, "excluded_lines": 8}, "missing_lines": [35], "excluded_lines": [105, 106, 130, 131, 153, 154, 174, 175], "functions": {"TSVECTORType.load_dialect_impl": {"executed_lines": [34, 38], "summary": {"covered_lines": 2, "num_statements": 3, "percent_covered": 66.66666666666667, "percent_covered_display": "67", "missing_lines": 1, "excluded_lines": 0}, "missing_lines": [35], "excluded_lines": []}, "Photo.__repr__": {"executed_lines": [], "summary": {"covered_lines": 0, "num_statements": 0, "percent_covered": 100.0, "percent_covered_display": "100", "missing_lines": 0, "excluded_lines": 1}, "missing_lines": [], "excluded_lines": [106]}, "User.__repr__": {"executed_lines": [], "summary": {"covered_lines": 0, "num_statements": 0, "percent_covered": 100.0, "percent_covered_display": "100", "missing_lines": 0, "excluded_lines": 1}, "missing_lines": [], "excluded_lines": [131]}, "PhotoDuplicate.__repr__": {"executed_lines": [], "summary": {"covered_lines": 0, "num_statements": 0, "percent_covered": 100.0, "percent_covered_display": "100", "missing_lines": 0, "excluded_lines": 1}, "missing_lines": [], "excluded_lines": [154]}, "Project.__repr__": {"executed_lines": [], "summary": {"covered_lines": 0, "num_statements": 0, "percent_covered": 100.0, "percent_covered_display": "100", "missing_lines": 0, "excluded_lines": 1}, "missing_lines": [], "excluded_lines": [175]}, "": {"executed_lines": [1, 6, 7, 20, 21, 22, 24, 28, 29, 30, 31, 33, 41, 42, 44, 46, 47, 48, 49, 50, 51, 52, 55, 56, 57, 60, 61, 62, 65, 66, 67, 68, 69, 72, 75, 78, 79, 80, 83, 86, 87, 90, 91, 94, 95, 96, 97, 100, 101, 105, 110, 113, 114, 116, 118, 119, 120, 121, 122, 123, 125, 126, 130, 134, 135, 137, 139, 140, 141, 142, 143, 144, 145, 146, 148, 149, 153, 157, 158, 160, 162, 163, 164, 165, 166, 167, 169, 170, 174], "summary": {"covered_lines": 79, "num_statements": 79, "percent_covered": 100.0, "percent_covered_display": "100", "missing_lines": 0, "excluded_lines": 4}, "missing_lines": [], "excluded_lines": [105, 130, 153, 174]}}, "classes": {"TSVECTORType": {"executed_lines": [34, 38], "summary": {"covered_lines": 2, "num_statements": 3, "percent_covered": 66.66666666666667, "percent_covered_display": "67", "missing_lines": 1, "excluded_lines": 0}, "missing_lines": [35], "excluded_lines": []}, "Photo": {"executed_lines": [], "summary": {"covered_lines": 0, "num_statements": 0, "percent_covered": 100.0, "percent_covered_display": "100", "missing_lines": 0, "excluded_lines": 1}, "missing_lines": [], "excluded_lines": [106]}, "User": {"executed_lines": [], "summary": {"covered_lines": 0, "num_statements": 0, "percent_covered": 100.0, "percent_covered_display": "100", "missing_lines": 0, "excluded_lines": 1}, "missing_lines": [], "excluded_lines": [131]}, "PhotoDuplicate": {"executed_lines": [], "summary": {"covered_lines": 0, "num_statements": 0, "percent_covered": 100.0, "percent_covered_display": "100", "missing_lines": 0, "excluded_lines": 1}, "missing_lines": [], "excluded_lines": [154]}, "Project": {"executed_lines": [], "summary": {"covered_lines": 0, "num_statements": 0, "percent_covered": 100.0, "percent_covered_display": "100", "missing_lines": 0, "excluded_lines": 1}, "missing_lines": [], "excluded_lines": [175]}, "": {"executed_lines": [1, 6, 7, 20, 21, 22, 24, 28, 29, 30, 31, 33, 41, 42, 44, 46, 47, 48, 49, 50, 51, 52, 55, 56, 57, 60, 61, 62, 65, 66, 67, 68, 69, 72, 75, 78, 79, 80, 83, 86, 87, 90, 91, 94, 95, 96, 97, 100, 101, 105, 110, 113, 114, 116, 118, 119, 120, 121, 122, 123, 125, 126, 130, 134, 135, 137, 139, 140, 141, 142, 143, 144, 145, 146, 148, 149, 153, 157, 158, 160, 162, 163, 164, 165, 166, 167, 169, 170, 174], "summary": {"covered_lines": 79, "num_statements": 79, "percent_covered": 100.0, "percent_covered_display": "100", "missing_lines": 0, "excluded_lines": 4}, "missing_lines": [], "excluded_lines": [105, 130, 153, 174]}}}, "app\\main.py": {"executed_lines": [1, 5, 6, 7, 8, 9, 11, 12, 15, 18, 25, 26, 29, 38, 39, 40, 41, 42, 43, 44, 45, 46, 47, 48, 51, 52, 54, 57, 58, 60, 63, 64, 66], "summary": {"covered_lines": 32, "num_statements": 32, "percent_covered": 100.0, "percent_covered_display": "100", "missing_lines": 0, "excluded_lines": 0}, "missing_lines": [], "excluded_lines": [], "functions": {"root": {"executed_lines": [54], "summary": {"covered_lines": 1, "num_statements": 1, "percent_covered": 100.0, "percent_covered_display": "100", "missing_lines": 0, "excluded_lines": 0}, "missing_lines": [], "excluded_lines": []}, "health_check": {"executed_lines": [60], "summary": {"covered_lines": 1, "num_statements": 1, "percent_covered": 100.0, "percent_covered_display": "100", "missing_lines": 0, "excluded_lines": 0}, "missing_lines": [], "excluded_lines": []}, "api_info": {"executed_lines": [66], "summary": {"covered_lines": 1, "num_statements": 1, "percent_covered": 100.0, "percent_covered_display": "100", "missing_lines": 0, "excluded_lines": 0}, "missing_lines": [], "excluded_lines": []}, "": {"executed_lines": [1, 5, 6, 7, 8, 9, 11, 12, 15, 18, 25, 26, 29, 38, 39, 40, 41, 42, 43, 44, 45, 46, 47, 48, 51, 52, 57, 58, 63, 64], "summary": {"covered_lines": 29, "num_statements": 29, "percent_covered": 100.0, "percent_covered_display": "100", "missing_lines": 0, "excluded_lines": 0}, "missing_lines": [], "excluded_lines": []}}, "classes": {"": {"executed_lines": [1, 5, 6, 7, 8, 9, 11, 12, 15, 18, 25, 26, 29, 38, 39, 40, 41, 42, 43, 44, 45, 46, 47, 48, 51, 52, 54, 57, 58, 60, 63, 64, 66], "summary": {"covered_lines": 32, "num_statements": 32, "percent_covered": 100.0, "percent_covered_display": "100", "missing_lines": 0, "excluded_lines": 0}, "missing_lines": [], "excluded_lines": []}}}, "app\\routers\\__init__.py": {"executed_lines": [1], "summary": {"covered_lines": 0, "num_statements": 0, "percent_covered": 100.0, "percent_covered_display": "100", "missing_lines": 0, "excluded_lines": 0}, "missing_lines": [], "excluded_lines": [], "functions": {"": {"executed_lines": [1], "summary": {"covered_lines": 0, "num_statements": 0, "percent_covered": 100.0, "percent_covered_display": "100", "missing_lines": 0, "excluded_lines": 0}, "missing_lines": [], "excluded_lines": []}}, "classes": {"": {"executed_lines": [1], "summary": {"covered_lines": 0, "num_statements": 0, "percent_covered": 100.0, "percent_covered_display": "100", "missing_lines": 0, "excluded_lines": 0}, "missing_lines": [], "excluded_lines": []}}}, "app\\routers\\auth.py": {"executed_lines": [1, 5, 6, 7, 8, 9, 10, 12, 13, 14, 15, 17, 18, 19, 22, 23, 24, 25, 26, 29, 30, 31, 32, 35, 36, 37, 38, 39, 42, 43, 44, 45, 46, 47, 49, 50, 53, 54, 95, 96, 97, 139, 140, 155, 156], "summary": {"covered_lines": 40, "num_statements": 73, "percent_covered": 54.794520547945204, "percent_covered_display": "55", "missing_lines": 33, "excluded_lines": 0}, "missing_lines": [69, 70, 71, 77, 80, 88, 89, 90, 92, 112, 114, 115, 121, 122, 128, 129, 135, 136, 152, 174, 176, 177, 183, 184, 185, 191, 192, 193, 199, 200, 201, 207, 208], "excluded_lines": [], "functions": {"register": {"executed_lines": [], "summary": {"covered_lines": 0, "num_statements": 9, "percent_covered": 0.0, "percent_covered_display": "0", "missing_lines": 9, "excluded_lines": 0}, "missing_lines": [69, 70, 71, 77, 80, 88, 89, 90, 92], "excluded_lines": []}, "login": {"executed_lines": [], "summary": {"covered_lines": 0, "num_statements": 9, "percent_covered": 0.0, "percent_covered_display": "0", "missing_lines": 9, "excluded_lines": 0}, "missing_lines": [112, 114, 115, 121, 122, 128, 129, 135, 136], "excluded_lines": []}, "get_current_user_info": {"executed_lines": [], "summary": {"covered_lines": 0, "num_statements": 1, "percent_covered": 0.0, "percent_covered_display": "0", "missing_lines": 1, "excluded_lines": 0}, "missing_lines": [152], "excluded_lines": []}, "refresh_token": {"executed_lines": [], "summary": {"covered_lines": 0, "num_statements": 14, "percent_covered": 0.0, "percent_covered_display": "0", "missing_lines": 14, "excluded_lines": 0}, "missing_lines": [174, 176, 177, 183, 184, 185, 191, 192, 193, 199, 200, 201, 207, 208], "excluded_lines": []}, "": {"executed_lines": [1, 5, 6, 7, 8, 9, 10, 12, 13, 14, 15, 17, 18, 19, 22, 23, 24, 25, 26, 29, 30, 31, 32, 35, 36, 37, 38, 39, 42, 43, 44, 45, 46, 47, 49, 50, 53, 54, 95, 96, 97, 139, 140, 155, 156], "summary": {"covered_lines": 40, "num_statements": 40, "percent_covered": 100.0, "percent_covered_display": "100", "missing_lines": 0, "excluded_lines": 0}, "missing_lines": [], "excluded_lines": []}}, "classes": {"UserRegister": {"executed_lines": [], "summary": {"covered_lines": 0, "num_statements": 0, "percent_covered": 100.0, "percent_covered_display": "100", "missing_lines": 0, "excluded_lines": 0}, "missing_lines": [], "excluded_lines": []}, "UserLogin": {"executed_lines": [], "summary": {"covered_lines": 0, "num_statements": 0, "percent_covered": 100.0, "percent_covered_display": "100", "missing_lines": 0, "excluded_lines": 0}, "missing_lines": [], "excluded_lines": []}, "TokenResponse": {"executed_lines": [], "summary": {"covered_lines": 0, "num_statements": 0, "percent_covered": 100.0, "percent_covered_display": "100", "missing_lines": 0, "excluded_lines": 0}, "missing_lines": [], "excluded_lines": []}, "UserResponse": {"executed_lines": [], "summary": {"covered_lines": 0, "num_statements": 0, "percent_covered": 100.0, "percent_covered_display": "100", "missing_lines": 0, "excluded_lines": 0}, "missing_lines": [], "excluded_lines": []}, "UserResponse.Config": {"executed_lines": [], "summary": {"covered_lines": 0, "num_statements": 0, "percent_covered": 100.0, "percent_covered_display": "100", "missing_lines": 0, "excluded_lines": 0}, "missing_lines": [], "excluded_lines": []}, "": {"executed_lines": [1, 5, 6, 7, 8, 9, 10, 12, 13, 14, 15, 17, 18, 19, 22, 23, 24, 25, 26, 29, 30, 31, 32, 35, 36, 37, 38, 39, 42, 43, 44, 45, 46, 47, 49, 50, 53, 54, 95, 96, 97, 139, 140, 155, 156], "summary": {"covered_lines": 40, "num_statements": 73, "percent_covered": 54.794520547945204, "percent_covered_display": "55", "missing_lines": 33, "excluded_lines": 0}, "missing_lines": [69, 70, 71, 77, 80, 88, 89, 90, 92, 112, 114, 115, 121, 122, 128, 129, 135, 136, 152, 174, 176, 177, 183, 184, 185, 191, 192, 193, 199, 200, 201, 207, 208], "excluded_lines": []}}}, "app\\routers\\duplicate.py": {"executed_lines": [1, 5, 6, 7, 9, 10, 11, 17, 19, 22, 23, 101, 102, 152, 153], "summary": {"covered_lines": 14, "num_statements": 50, "percent_covered": 28.0, "percent_covered_display": "28", "missing_lines": 36, "excluded_lines": 0}, "missing_lines": [38, 45, 46, 58, 69, 70, 71, 74, 75, 76, 85, 94, 117, 118, 119, 123, 125, 126, 127, 129, 132, 135, 136, 138, 139, 140, 142, 146, 147, 168, 169, 170, 175, 176, 180, 182], "excluded_lines": [], "functions": {"detect_duplicates": {"executed_lines": [], "summary": {"covered_lines": 0, "num_statements": 12, "percent_covered": 0.0, "percent_covered_display": "0", "missing_lines": 12, "excluded_lines": 0}, "missing_lines": [38, 45, 46, 58, 69, 70, 71, 74, 75, 76, 85, 94], "excluded_lines": []}, "calculate_hash": {"executed_lines": [], "summary": {"covered_lines": 0, "num_statements": 17, "percent_covered": 0.0, "percent_covered_display": "0", "missing_lines": 17, "excluded_lines": 0}, "missing_lines": [117, 118, 119, 123, 125, 126, 127, 129, 132, 135, 136, 138, 139, 140, 142, 146, 147], "excluded_lines": []}, "get_hash": {"executed_lines": [], "summary": {"covered_lines": 0, "num_statements": 7, "percent_covered": 0.0, "percent_covered_display": "0", "missing_lines": 7, "excluded_lines": 0}, "missing_lines": [168, 169, 170, 175, 176, 180, 182], "excluded_lines": []}, "": {"executed_lines": [1, 5, 6, 7, 9, 10, 11, 17, 19, 22, 23, 101, 102, 152, 153], "summary": {"covered_lines": 14, "num_statements": 14, "percent_covered": 100.0, "percent_covered_display": "100", "missing_lines": 0, "excluded_lines": 0}, "missing_lines": [], "excluded_lines": []}}, "classes": {"": {"executed_lines": [1, 5, 6, 7, 9, 10, 11, 17, 19, 22, 23, 101, 102, 152, 153], "summary": {"covered_lines": 14, "num_statements": 50, "percent_covered": 28.0, "percent_covered_display": "28", "missing_lines": 36, "excluded_lines": 0}, "missing_lines": [38, 45, 46, 58, 69, 70, 71, 74, 75, 76, 85, 94, 117, 118, 119, 123, 125, 126, 127, 129, 132, 135, 136, 138, 139, 140, 142, 146, 147, 168, 169, 170, 175, 176, 180, 182], "excluded_lines": []}}}, "app\\routers\\export.py": {"executed_lines": [1, 5, 6, 7, 8, 9, 10, 12, 13, 14, 20, 21, 23, 26, 27, 131, 132, 220, 221], "summary": {"covered_lines": 18, "num_statements": 69, "percent_covered": 26.08695652173913, "percent_covered_display": "26", "missing_lines": 51, "excluded_lines": 0}, "missing_lines": [42, 44, 45, 47, 48, 54, 55, 56, 68, 71, 72, 75, 78, 80, 82, 89, 90, 102, 103, 107, 118, 119, 147, 149, 150, 157, 158, 167, 168, 169, 170, 173, 174, 175, 187, 190, 191, 192, 195, 196, 198, 199, 202, 203, 204, 207, 209, 211, 231, 232, 234], "excluded_lines": [], "functions": {"export_package": {"executed_lines": [], "summary": {"covered_lines": 0, "num_statements": 22, "percent_covered": 0.0, "percent_covered_display": "0", "missing_lines": 22, "excluded_lines": 0}, "missing_lines": [42, 44, 45, 47, 48, 54, 55, 56, 68, 71, 72, 75, 78, 80, 82, 89, 90, 102, 103, 107, 118, 119], "excluded_lines": []}, "validate_export": {"executed_lines": [], "summary": {"covered_lines": 0, "num_statements": 26, "percent_covered": 0.0, "percent_covered_display": "0", "missing_lines": 26, "excluded_lines": 0}, "missing_lines": [147, 149, 150, 157, 158, 167, 168, 169, 170, 173, 174, 175, 187, 190, 191, 192, 195, 196, 198, 199, 202, 203, 204, 207, 209, 211], "excluded_lines": []}, "download_export_file": {"executed_lines": [], "summary": {"covered_lines": 0, "num_statements": 3, "percent_covered": 0.0, "percent_covered_display": "0", "missing_lines": 3, "excluded_lines": 0}, "missing_lines": [231, 232, 234], "excluded_lines": []}, "": {"executed_lines": [1, 5, 6, 7, 8, 9, 10, 12, 13, 14, 20, 21, 23, 26, 27, 131, 132, 220, 221], "summary": {"covered_lines": 18, "num_statements": 18, "percent_covered": 100.0, "percent_covered_display": "100", "missing_lines": 0, "excluded_lines": 0}, "missing_lines": [], "excluded_lines": []}}, "classes": {"": {"executed_lines": [1, 5, 6, 7, 8, 9, 10, 12, 13, 14, 20, 21, 23, 26, 27, 131, 132, 220, 221], "summary": {"covered_lines": 18, "num_statements": 69, "percent_covered": 26.08695652173913, "percent_covered_display": "26", "missing_lines": 51, "excluded_lines": 0}, "missing_lines": [42, 44, 45, 47, 48, 54, 55, 56, 68, 71, 72, 75, 78, 80, 82, 89, 90, 102, 103, 107, 118, 119, 147, 149, 150, 157, 158, 167, 168, 169, 170, 173, 174, 175, 187, 190, 191, 192, 195, 196, 198, 199, 202, 203, 204, 207, 209, 211, 231, 232, 234], "excluded_lines": []}}}, "app\\routers\\ocr.py": {"executed_lines": [1, 5, 6, 7, 8, 10, 11, 12, 14, 17, 18, 20, 21, 22, 25, 26, 28, 29, 30, 31, 32, 33, 34, 35, 36, 37, 40, 41, 56, 58, 59, 65, 68, 69, 71, 73, 76, 79, 80, 81, 82, 84, 85, 87, 90, 91, 93, 94, 96, 98, 99, 101, 115, 116, 131, 133, 140, 141, 144, 146], "summary": {"covered_lines": 57, "num_statements": 60, "percent_covered": 95.0, "percent_covered_display": "95", "missing_lines": 3, "excluded_lines": 0}, "missing_lines": [107, 109, 134], "excluded_lines": [], "functions": {"process_ocr": {"executed_lines": [56, 58, 59, 65, 68, 69, 71, 73, 76, 79, 80, 81, 82, 84, 85, 87, 90, 91, 93, 94, 96, 98, 99, 101], "summary": {"covered_lines": 24, "num_statements": 26, "percent_covered": 92.3076923076923, "percent_covered_display": "92", "missing_lines": 2, "excluded_lines": 0}, "missing_lines": [107, 109], "excluded_lines": []}, "get_ocr_result": {"executed_lines": [131, 133, 140, 141, 144, 146], "summary": {"covered_lines": 6, "num_statements": 7, "percent_covered": 85.71428571428571, "percent_covered_display": "86", "missing_lines": 1, "excluded_lines": 0}, "missing_lines": [134], "excluded_lines": []}, "": {"executed_lines": [1, 5, 6, 7, 8, 10, 11, 12, 14, 17, 18, 20, 21, 22, 25, 26, 28, 29, 30, 31, 32, 33, 34, 35, 36, 37, 40, 41, 115, 116], "summary": {"covered_lines": 27, "num_statements": 27, "percent_covered": 100.0, "percent_covered_display": "100", "missing_lines": 0, "excluded_lines": 0}, "missing_lines": [], "excluded_lines": []}}, "classes": {"OCRProcessResponse": {"executed_lines": [], "summary": {"covered_lines": 0, "num_statements": 0, "percent_covered": 100.0, "percent_covered_display": "100", "missing_lines": 0, "excluded_lines": 0}, "missing_lines": [], "excluded_lines": []}, "OCRResultResponse": {"executed_lines": [], "summary": {"covered_lines": 0, "num_statements": 0, "percent_covered": 100.0, "percent_covered_display": "100", "missing_lines": 0, "excluded_lines": 0}, "missing_lines": [], "excluded_lines": []}, "": {"executed_lines": [1, 5, 6, 7, 8, 10, 11, 12, 14, 17, 18, 20, 21, 22, 25, 26, 28, 29, 30, 31, 32, 33, 34, 35, 36, 37, 40, 41, 56, 58, 59, 65, 68, 69, 71, 73, 76, 79, 80, 81, 82, 84, 85, 87, 90, 91, 93, 94, 96, 98, 99, 101, 115, 116, 131, 133, 140, 141, 144, 146], "summary": {"covered_lines": 57, "num_statements": 60, "percent_covered": 95.0, "percent_covered_display": "95", "missing_lines": 3, "excluded_lines": 0}, "missing_lines": [107, 109, 134], "excluded_lines": []}}}, "app\\routers\\photo_album.py": {"executed_lines": [1, 5, 6, 7, 8, 9, 10, 12, 13, 14, 19, 21, 24, 25, 142, 143], "summary": {"covered_lines": 15, "num_statements": 42, "percent_covered": 35.714285714285715, "percent_covered_display": "36", "missing_lines": 27, "excluded_lines": 0}, "missing_lines": [40, 42, 43, 45, 46, 52, 53, 54, 66, 69, 72, 73, 75, 77, 82, 85, 86, 87, 96, 106, 107, 118, 129, 130, 153, 154, 156], "excluded_lines": [], "functions": {"generate_photo_album_pdf": {"executed_lines": [], "summary": {"covered_lines": 0, "num_statements": 24, "percent_covered": 0.0, "percent_covered_display": "0", "missing_lines": 24, "excluded_lines": 0}, "missing_lines": [40, 42, 43, 45, 46, 52, 53, 54, 66, 69, 72, 73, 75, 77, 82, 85, 86, 87, 96, 106, 107, 118, 129, 130], "excluded_lines": []}, "download_photo_album": {"executed_lines": [], "summary": {"covered_lines": 0, "num_statements": 3, "percent_covered": 0.0, "percent_covered_display": "0", "missing_lines": 3, "excluded_lines": 0}, "missing_lines": [153, 154, 156], "excluded_lines": []}, "": {"executed_lines": [1, 5, 6, 7, 8, 9, 10, 12, 13, 14, 19, 21, 24, 25, 142, 143], "summary": {"covered_lines": 15, "num_statements": 15, "percent_covered": 100.0, "percent_covered_display": "100", "missing_lines": 0, "excluded_lines": 0}, "missing_lines": [], "excluded_lines": []}}, "classes": {"": {"executed_lines": [1, 5, 6, 7, 8, 9, 10, 12, 13, 14, 19, 21, 24, 25, 142, 143], "summary": {"covered_lines": 15, "num_statements": 42, "percent_covered": 35.714285714285715, "percent_covered_display": "36", "missing_lines": 27, "excluded_lines": 0}, "missing_lines": [40, 42, 43, 45, 46, 52, 53, 54, 66, 69, 72, 73, 75, 77, 82, 85, 86, 87, 96, 106, 107, 118, 129, 130, 153, 154, 156], "excluded_lines": []}}}, "app\\routers\\photo_xml.py": {"executed_lines": [1, 5, 6, 7, 9, 10, 11, 16, 18, 21, 22, 101, 102], "summary": {"covered_lines": 12, "num_statements": 53, "percent_covered": 22.641509433962263, "percent_covered_display": "23", "missing_lines": 41, "excluded_lines": 0}, "missing_lines": [37, 39, 40, 42, 43, 49, 50, 52, 54, 55, 69, 70, 71, 72, 75, 76, 77, 81, 84, 87, 90, 92, 117, 119, 120, 126, 127, 135, 136, 137, 139, 140, 154, 155, 156, 160, 161, 164, 165, 167, 169], "excluded_lines": [], "functions": {"generate_photo_xml": {"executed_lines": [], "summary": {"covered_lines": 0, "num_statements": 22, "percent_covered": 0.0, "percent_covered_display": "0", "missing_lines": 22, "excluded_lines": 0}, "missing_lines": [37, 39, 40, 42, 43, 49, 50, 52, 54, 55, 69, 70, 71, 72, 75, 76, 77, 81, 84, 87, 90, 92], "excluded_lines": []}, "validate_photo_xml": {"executed_lines": [], "summary": {"covered_lines": 0, "num_statements": 19, "percent_covered": 0.0, "percent_covered_display": "0", "missing_lines": 19, "excluded_lines": 0}, "missing_lines": [117, 119, 120, 126, 127, 135, 136, 137, 139, 140, 154, 155, 156, 160, 161, 164, 165, 167, 169], "excluded_lines": []}, "": {"executed_lines": [1, 5, 6, 7, 9, 10, 11, 16, 18, 21, 22, 101, 102], "summary": {"covered_lines": 12, "num_statements": 12, "percent_covered": 100.0, "percent_covered_display": "100", "missing_lines": 0, "excluded_lines": 0}, "missing_lines": [], "excluded_lines": []}}, "classes": {"": {"executed_lines": [1, 5, 6, 7, 9, 10, 11, 16, 18, 21, 22, 101, 102], "summary": {"covered_lines": 12, "num_statements": 53, "percent_covered": 22.641509433962263, "percent_covered_display": "23", "missing_lines": 41, "excluded_lines": 0}, "missing_lines": [37, 39, 40, 42, 43, 49, 50, 52, 54, 55, 69, 70, 71, 72, 75, 76, 77, 81, 84, 87, 90, 92, 117, 119, 120, 126, 127, 135, 136, 137, 139, 140, 154, 155, 156, 160, 161, 164, 165, 167, 169], "excluded_lines": []}}}, "app\\routers\\photos.py": {"executed_lines": [1, 5, 6, 7, 8, 9, 10, 11, 12, 14, 15, 16, 18, 21, 22, 23, 24, 25, 28, 29, 30, 31, 32, 33, 36, 37, 97, 98, 109, 129, 130, 131, 133, 136, 137, 154, 157, 158, 161, 163, 172, 173, 187, 189, 190, 195], "summary": {"covered_lines": 43, "num_statements": 56, "percent_covered": 76.78571428571429, "percent_covered_display": "77", "missing_lines": 13, "excluded_lines": 0}, "missing_lines": [50, 52, 59, 62, 63, 64, 67, 68, 78, 85, 86, 90, 91], "excluded_lines": [], "functions": {"generate_presigned_url": {"executed_lines": [], "summary": {"covered_lines": 0, "num_statements": 13, "percent_covered": 0.0, "percent_covered_display": "0", "missing_lines": 13, "excluded_lines": 0}, "missing_lines": [50, 52, 59, 62, 63, 64, 67, 68, 78, 85, 86, 90, 91], "excluded_lines": []}, "create_photo": {"executed_lines": [109, 129, 130, 131, 133], "summary": {"covered_lines": 5, "num_statements": 5, "percent_covered": 100.0, "percent_covered_display": "100", "missing_lines": 0, "excluded_lines": 0}, "missing_lines": [], "excluded_lines": []}, "get_photos": {"executed_lines": [154, 157, 158, 161, 163], "summary": {"covered_lines": 5, "num_statements": 5, "percent_covered": 100.0, "percent_covered_display": "100", "missing_lines": 0, "excluded_lines": 0}, "missing_lines": [], "excluded_lines": []}, "get_photo": {"executed_lines": [187, 189, 190, 195], "summary": {"covered_lines": 4, "num_statements": 4, "percent_covered": 100.0, "percent_covered_display": "100", "missing_lines": 0, "excluded_lines": 0}, "missing_lines": [], "excluded_lines": []}, "": {"executed_lines": [1, 5, 6, 7, 8, 9, 10, 11, 12, 14, 15, 16, 18, 21, 22, 23, 24, 25, 28, 29, 30, 31, 32, 33, 36, 37, 97, 98, 136, 137, 172, 173], "summary": {"covered_lines": 29, "num_statements": 29, "percent_covered": 100.0, "percent_covered_display": "100", "missing_lines": 0, "excluded_lines": 0}, "missing_lines": [], "excluded_lines": []}}, "classes": {"PresignedUrlRequest": {"executed_lines": [], "summary": {"covered_lines": 0, "num_statements": 0, "percent_covered": 100.0, "percent_covered_display": "100", "missing_lines": 0, "excluded_lines": 0}, "missing_lines": [], "excluded_lines": []}, "PresignedUrlResponse": {"executed_lines": [], "summary": {"covered_lines": 0, "num_statements": 0, "percent_covered": 100.0, "percent_covered_display": "100", "missing_lines": 0, "excluded_lines": 0}, "missing_lines": [], "excluded_lines": []}, "": {"executed_lines": [1, 5, 6, 7, 8, 9, 10, 11, 12, 14, 15, 16, 18, 21, 22, 23, 24, 25, 28, 29, 30, 31, 32, 33, 36, 37, 97, 98, 109, 129, 130, 131, 133, 136, 137, 154, 157, 158, 161, 163, 172, 173, 187, 189, 190, 195], "summary": {"covered_lines": 43, "num_statements": 56, "percent_covered": 76.78571428571429, "percent_covered_display": "77", "missing_lines": 13, "excluded_lines": 0}, "missing_lines": [50, 52, 59, 62, 63, 64, 67, 68, 78, 85, 86, 90, 91], "excluded_lines": []}}}, "app\\routers\\quality.py": {"executed_lines": [1, 5, 6, 8, 9, 10, 14, 16, 19, 20, 87, 88], "summary": {"covered_lines": 11, "num_statements": 35, "percent_covered": 31.428571428571427, "percent_covered_display": "31", "missing_lines": 24, "excluded_lines": 0}, "missing_lines": [35, 36, 37, 41, 43, 44, 45, 47, 50, 53, 54, 56, 66, 67, 69, 81, 82, 103, 104, 105, 110, 111, 115, 117], "excluded_lines": [], "functions": {"assess_quality": {"executed_lines": [], "summary": {"covered_lines": 0, "num_statements": 17, "percent_covered": 0.0, "percent_covered_display": "0", "missing_lines": 17, "excluded_lines": 0}, "missing_lines": [35, 36, 37, 41, 43, 44, 45, 47, 50, 53, 54, 56, 66, 67, 69, 81, 82], "excluded_lines": []}, "get_quality": {"executed_lines": [], "summary": {"covered_lines": 0, "num_statements": 7, "percent_covered": 0.0, "percent_covered_display": "0", "missing_lines": 7, "excluded_lines": 0}, "missing_lines": [103, 104, 105, 110, 111, 115, 117], "excluded_lines": []}, "": {"executed_lines": [1, 5, 6, 8, 9, 10, 14, 16, 19, 20, 87, 88], "summary": {"covered_lines": 11, "num_statements": 11, "percent_covered": 100.0, "percent_covered_display": "100", "missing_lines": 0, "excluded_lines": 0}, "missing_lines": [], "excluded_lines": []}}, "classes": {"": {"executed_lines": [1, 5, 6, 8, 9, 10, 14, 16, 19, 20, 87, 88], "summary": {"covered_lines": 11, "num_statements": 35, "percent_covered": 31.428571428571427, "percent_covered_display": "31", "missing_lines": 24, "excluded_lines": 0}, "missing_lines": [35, 36, 37, 41, 43, 44, 45, 47, 50, 53, 54, 56, 66, 67, 69, 81, 82, 103, 104, 105, 110, 111, 115, 117], "excluded_lines": []}}}, "app\\routers\\rekognition.py": {"executed_lines": [1, 5, 6, 8, 9, 10, 15, 17, 20, 21, 36, 37, 38, 43, 46, 47, 49, 51, 56, 59, 62, 63, 65, 73, 74, 76, 77, 80, 101, 104, 119, 120, 121, 126, 131, 136, 137, 138, 140], "summary": {"covered_lines": 38, "num_statements": 40, "percent_covered": 95.0, "percent_covered_display": "95", "missing_lines": 2, "excluded_lines": 0}, "missing_lines": [95, 96], "excluded_lines": [], "functions": {"classify_image": {"executed_lines": [36, 37, 38, 43, 46, 47, 49, 51, 56, 59, 62, 63, 65, 73, 74, 76, 77, 80], "summary": {"covered_lines": 18, "num_statements": 20, "percent_covered": 90.0, "percent_covered_display": "90", "missing_lines": 2, "excluded_lines": 0}, "missing_lines": [95, 96], "excluded_lines": []}, "get_classification_result": {"executed_lines": [119, 120, 121, 126, 131, 136, 137, 138, 140], "summary": {"covered_lines": 9, "num_statements": 9, "percent_covered": 100.0, "percent_covered_display": "100", "missing_lines": 0, "excluded_lines": 0}, "missing_lines": [], "excluded_lines": []}, "": {"executed_lines": [1, 5, 6, 8, 9, 10, 15, 17, 20, 21, 101, 104], "summary": {"covered_lines": 11, "num_statements": 11, "percent_covered": 100.0, "percent_covered_display": "100", "missing_lines": 0, "excluded_lines": 0}, "missing_lines": [], "excluded_lines": []}}, "classes": {"": {"executed_lines": [1, 5, 6, 8, 9, 10, 15, 17, 20, 21, 36, 37, 38, 43, 46, 47, 49, 51, 56, 59, 62, 63, 65, 73, 74, 76, 77, 80, 101, 104, 119, 120, 121, 126, 131, 136, 137, 138, 140], "summary": {"covered_lines": 38, "num_statements": 40, "percent_covered": 95.0, "percent_covered_display": "95", "missing_lines": 2, "excluded_lines": 0}, "missing_lines": [95, 96], "excluded_lines": []}}}, "app\\routers\\search.py": {"executed_lines": [1, 5, 6, 7, 8, 9, 11, 12, 13, 14, 16, 19, 20, 50, 53, 55, 57, 67, 68, 79, 80, 83, 84, 87, 88, 91, 92, 95, 96, 97, 99, 100, 102, 104, 105, 108, 111, 112, 115, 116, 118, 120], "summary": {"covered_lines": 41, "num_statements": 44, "percent_covered": 93.18181818181819, "percent_covered_display": "93", "missing_lines": 3, "excluded_lines": 0}, "missing_lines": [59, 60, 62], "excluded_lines": [], "functions": {"search_photos": {"executed_lines": [50, 53, 55, 57, 67, 68, 79, 80, 83, 84, 87, 88, 91, 92, 95, 96, 97, 99, 100, 102, 104, 105, 108, 111, 112, 115, 116, 118, 120], "summary": {"covered_lines": 29, "num_statements": 32, "percent_covered": 90.625, "percent_covered_display": "91", "missing_lines": 3, "excluded_lines": 0}, "missing_lines": [59, 60, 62], "excluded_lines": []}, "": {"executed_lines": [1, 5, 6, 7, 8, 9, 11, 12, 13, 14, 16, 19, 20], "summary": {"covered_lines": 12, "num_statements": 12, "percent_covered": 100.0, "percent_covered_display": "100", "missing_lines": 0, "excluded_lines": 0}, "missing_lines": [], "excluded_lines": []}}, "classes": {"": {"executed_lines": [1, 5, 6, 7, 8, 9, 11, 12, 13, 14, 16, 19, 20, 50, 53, 55, 57, 67, 68, 79, 80, 83, 84, 87, 88, 91, 92, 95, 96, 97, 99, 100, 102, 104, 105, 108, 111, 112, 115, 116, 118, 120], "summary": {"covered_lines": 41, "num_statements": 44, "percent_covered": 93.18181818181819, "percent_covered_display": "93", "missing_lines": 3, "excluded_lines": 0}, "missing_lines": [59, 60, 62], "excluded_lines": []}}}, "app\\routers\\title.py": {"executed_lines": [1, 5, 6, 8, 9, 10, 14, 16, 19, 20, 101, 102], "summary": {"covered_lines": 11, "num_statements": 46, "percent_covered": 23.91304347826087, "percent_covered_display": "24", "missing_lines": 35, "excluded_lines": 0}, "missing_lines": [37, 38, 39, 43, 45, 46, 47, 48, 56, 57, 58, 61, 62, 67, 69, 70, 72, 81, 82, 84, 95, 96, 120, 121, 122, 126, 128, 130, 131, 134, 136, 137, 139, 150, 151], "excluded_lines": [], "functions": {"generate_title": {"executed_lines": [], "summary": {"covered_lines": 0, "num_statements": 22, "percent_covered": 0.0, "percent_covered_display": "0", "missing_lines": 22, "excluded_lines": 0}, "missing_lines": [37, 38, 39, 43, 45, 46, 47, 48, 56, 57, 58, 61, 62, 67, 69, 70, 72, 81, 82, 84, 95, 96], "excluded_lines": []}, "update_title": {"executed_lines": [], "summary": {"covered_lines": 0, "num_statements": 13, "percent_covered": 0.0, "percent_covered_display": "0", "missing_lines": 13, "excluded_lines": 0}, "missing_lines": [120, 121, 122, 126, 128, 130, 131, 134, 136, 137, 139, 150, 151], "excluded_lines": []}, "": {"executed_lines": [1, 5, 6, 8, 9, 10, 14, 16, 19, 20, 101, 102], "summary": {"covered_lines": 11, "num_statements": 11, "percent_covered": 100.0, "percent_covered_display": "100", "missing_lines": 0, "excluded_lines": 0}, "missing_lines": [], "excluded_lines": []}}, "classes": {"": {"executed_lines": [1, 5, 6, 8, 9, 10, 14, 16, 19, 20, 101, 102], "summary": {"covered_lines": 11, "num_statements": 46, "percent_covered": 23.91304347826087, "percent_covered_display": "24", "missing_lines": 35, "excluded_lines": 0}, "missing_lines": [37, 38, 39, 43, 45, 46, 47, 48, 56, 57, 58, 61, 62, 67, 69, 70, 72, 81, 82, 84, 95, 96, 120, 121, 122, 126, 128, 130, 131, 134, 136, 137, 139, 150, 151], "excluded_lines": []}}}, "app\\schemas\\__init__.py": {"executed_lines": [1, 5, 12, 13, 18, 25, 30, 35, 40, 46, 53], "summary": {"covered_lines": 10, "num_statements": 10, "percent_covered": 100.0, "percent_covered_display": "100", "missing_lines": 0, "excluded_lines": 0}, "missing_lines": [], "excluded_lines": [], "functions": {"": {"executed_lines": [1, 5, 12, 13, 18, 25, 30, 35, 40, 46, 53], "summary": {"covered_lines": 10, "num_statements": 10, "percent_covered": 100.0, "percent_covered_display": "100", "missing_lines": 0, "excluded_lines": 0}, "missing_lines": [], "excluded_lines": []}}, "classes": {"": {"executed_lines": [1, 5, 12, 13, 18, 25, 30, 35, 40, 46, 53], "summary": {"covered_lines": 10, "num_statements": 10, "percent_covered": 100.0, "percent_covered_display": "100", "missing_lines": 0, "excluded_lines": 0}, "missing_lines": [], "excluded_lines": []}}}, "app\\schemas\\duplicate.py": {"executed_lines": [1, 5, 6, 9, 10, 12, 13, 14, 17, 18, 20, 21, 22, 23, 26, 27, 29, 30, 31, 32, 35, 36, 38, 39, 42, 45, 46, 48, 49, 50], "summary": {"covered_lines": 24, "num_statements": 24, "percent_covered": 100.0, "percent_covered_display": "100", "missing_lines": 0, "excluded_lines": 0}, "missing_lines": [], "excluded_lines": [], "functions": {"": {"executed_lines": [1, 5, 6, 9, 10, 12, 13, 14, 17, 18, 20, 21, 22, 23, 26, 27, 29, 30, 31, 32, 35, 36, 38, 39, 42, 45, 46, 48, 49, 50], "summary": {"covered_lines": 24, "num_statements": 24, "percent_covered": 100.0, "percent_covered_display": "100", "missing_lines": 0, "excluded_lines": 0}, "missing_lines": [], "excluded_lines": []}}, "classes": {"PhotoHashInfo": {"executed_lines": [], "summary": {"covered_lines": 0, "num_statements": 0, "percent_covered": 100.0, "percent_covered_display": "100", "missing_lines": 0, "excluded_lines": 0}, "missing_lines": [], "excluded_lines": []}, "DuplicatePhotoInfo": {"executed_lines": [], "summary": {"covered_lines": 0, "num_statements": 0, "percent_covered": 100.0, "percent_covered_display": "100", "missing_lines": 0, "excluded_lines": 0}, "missing_lines": [], "excluded_lines": []}, "DuplicateGroupResponse": {"executed_lines": [], "summary": {"covered_lines": 0, "num_statements": 0, "percent_covered": 100.0, "percent_covered_display": "100", "missing_lines": 0, "excluded_lines": 0}, "missing_lines": [], "excluded_lines": []}, "DuplicateDetectionResponse": {"executed_lines": [], "summary": {"covered_lines": 0, "num_statements": 0, "percent_covered": 100.0, "percent_covered_display": "100", "missing_lines": 0, "excluded_lines": 0}, "missing_lines": [], "excluded_lines": []}, "CalculateHashResponse": {"executed_lines": [], "summary": {"covered_lines": 0, "num_statements": 0, "percent_covered": 100.0, "percent_covered_display": "100", "missing_lines": 0, "excluded_lines": 0}, "missing_lines": [], "excluded_lines": []}, "": {"executed_lines": [1, 5, 6, 9, 10, 12, 13, 14, 17, 18, 20, 21, 22, 23, 26, 27, 29, 30, 31, 32, 35, 36, 38, 39, 42, 45, 46, 48, 49, 50], "summary": {"covered_lines": 24, "num_statements": 24, "percent_covered": 100.0, "percent_covered_display": "100", "missing_lines": 0, "excluded_lines": 0}, "missing_lines": [], "excluded_lines": []}}}, "app\\schemas\\export.py": {"executed_lines": [1, 5, 6, 9, 10, 12, 13, 14, 15, 18, 19, 21, 22, 23, 24, 27, 28, 30, 31, 32, 33, 34, 35, 38, 39, 42, 43, 45, 46, 47, 48, 49], "summary": {"covered_lines": 27, "num_statements": 27, "percent_covered": 100.0, "percent_covered_display": "100", "missing_lines": 0, "excluded_lines": 0}, "missing_lines": [], "excluded_lines": [], "functions": {"": {"executed_lines": [1, 5, 6, 9, 10, 12, 13, 14, 15, 18, 19, 21, 22, 23, 24, 27, 28, 30, 31, 32, 33, 34, 35, 38, 39, 42, 43, 45, 46, 47, 48, 49], "summary": {"covered_lines": 27, "num_statements": 27, "percent_covered": 100.0, "percent_covered_display": "100", "missing_lines": 0, "excluded_lines": 0}, "missing_lines": [], "excluded_lines": []}}, "classes": {"ExportRequest": {"executed_lines": [], "summary": {"covered_lines": 0, "num_statements": 0, "percent_covered": 100.0, "percent_covered_display": "100", "missing_lines": 0, "excluded_lines": 0}, "missing_lines": [], "excluded_lines": []}, "FileRenameInfo": {"executed_lines": [], "summary": {"covered_lines": 0, "num_statements": 0, "percent_covered": 100.0, "percent_covered_display": "100", "missing_lines": 0, "excluded_lines": 0}, "missing_lines": [], "excluded_lines": []}, "ExportResponse": {"executed_lines": [], "summary": {"covered_lines": 0, "num_statements": 0, "percent_covered": 100.0, "percent_covered_display": "100", "missing_lines": 0, "excluded_lines": 0}, "missing_lines": [], "excluded_lines": []}, "ExportValidationResponse": {"executed_lines": [], "summary": {"covered_lines": 0, "num_statements": 0, "percent_covered": 100.0, "percent_covered_display": "100", "missing_lines": 0, "excluded_lines": 0}, "missing_lines": [], "excluded_lines": []}, "": {"executed_lines": [1, 5, 6, 9, 10, 12, 13, 14, 15, 18, 19, 21, 22, 23, 24, 27, 28, 30, 31, 32, 33, 34, 35, 38, 39, 42, 43, 45, 46, 47, 48, 49], "summary": {"covered_lines": 27, "num_statements": 27, "percent_covered": 100.0, "percent_covered_display": "100", "missing_lines": 0, "excluded_lines": 0}, "missing_lines": [], "excluded_lines": []}}}, "app\\schemas\\photo.py": {"executed_lines": [1, 5, 6, 7, 10, 11, 13, 14, 15, 16, 17, 20, 21, 23, 24, 25, 26, 28, 29, 30, 32, 33, 34, 36, 38, 39, 40, 42, 43, 44, 47, 50, 51, 53, 54, 55, 56, 57, 58, 61, 62, 64, 65, 66, 67, 68, 69, 70, 73, 74, 76, 77, 78, 80, 81, 82, 83, 84, 86, 87, 88, 89, 91, 92, 94, 95, 96, 99, 100, 102, 103, 104, 105, 106], "summary": {"covered_lines": 67, "num_statements": 67, "percent_covered": 100.0, "percent_covered_display": "100", "missing_lines": 0, "excluded_lines": 0}, "missing_lines": [], "excluded_lines": [], "functions": {"PhotoBase.validate_mime_type": {"executed_lines": [42, 43, 44, 47], "summary": {"covered_lines": 4, "num_statements": 4, "percent_covered": 100.0, "percent_covered_display": "100", "missing_lines": 0, "excluded_lines": 0}, "missing_lines": [], "excluded_lines": []}, "": {"executed_lines": [1, 5, 6, 7, 10, 11, 13, 14, 15, 16, 17, 20, 21, 23, 24, 25, 26, 28, 29, 30, 32, 33, 34, 36, 38, 39, 40, 50, 51, 53, 54, 55, 56, 57, 58, 61, 62, 64, 65, 66, 67, 68, 69, 70, 73, 74, 76, 77, 78, 80, 81, 82, 83, 84, 86, 87, 88, 89, 91, 92, 94, 95, 96, 99, 100, 102, 103, 104, 105, 106], "summary": {"covered_lines": 63, "num_statements": 63, "percent_covered": 100.0, "percent_covered_display": "100", "missing_lines": 0, "excluded_lines": 0}, "missing_lines": [], "excluded_lines": []}}, "classes": {"PhotoCategory": {"executed_lines": [], "summary": {"covered_lines": 0, "num_statements": 0, "percent_covered": 100.0, "percent_covered_display": "100", "missing_lines": 0, "excluded_lines": 0}, "missing_lines": [], "excluded_lines": []}, "PhotoBase": {"executed_lines": [42, 43, 44, 47], "summary": {"covered_lines": 4, "num_statements": 4, "percent_covered": 100.0, "percent_covered_display": "100", "missing_lines": 0, "excluded_lines": 0}, "missing_lines": [], "excluded_lines": []}, "PhotoCreate": {"executed_lines": [], "summary": {"covered_lines": 0, "num_statements": 0, "percent_covered": 100.0, "percent_covered_display": "100", "missing_lines": 0, "excluded_lines": 0}, "missing_lines": [], "excluded_lines": []}, "PhotoUpdate": {"executed_lines": [], "summary": {"covered_lines": 0, "num_statements": 0, "percent_covered": 100.0, "percent_covered_display": "100", "missing_lines": 0, "excluded_lines": 0}, "missing_lines": [], "excluded_lines": []}, "PhotoResponse": {"executed_lines": [], "summary": {"covered_lines": 0, "num_statements": 0, "percent_covered": 100.0, "percent_covered_display": "100", "missing_lines": 0, "excluded_lines": 0}, "missing_lines": [], "excluded_lines": []}, "PhotoResponse.Config": {"executed_lines": [], "summary": {"covered_lines": 0, "num_statements": 0, "percent_covered": 100.0, "percent_covered_display": "100", "missing_lines": 0, "excluded_lines": 0}, "missing_lines": [], "excluded_lines": []}, "PhotoListResponse": {"executed_lines": [], "summary": {"covered_lines": 0, "num_statements": 0, "percent_covered": 100.0, "percent_covered_display": "100", "missing_lines": 0, "excluded_lines": 0}, "missing_lines": [], "excluded_lines": []}, "": {"executed_lines": [1, 5, 6, 7, 10, 11, 13, 14, 15, 16, 17, 20, 21, 23, 24, 25, 26, 28, 29, 30, 32, 33, 34, 36, 38, 39, 40, 50, 51, 53, 54, 55, 56, 57, 58, 61, 62, 64, 65, 66, 67, 68, 69, 70, 73, 74, 76, 77, 78, 80, 81, 82, 83, 84, 86, 87, 88, 89, 91, 92, 94, 95, 96, 99, 100, 102, 103, 104, 105, 106], "summary": {"covered_lines": 63, "num_statements": 63, "percent_covered": 100.0, "percent_covered_display": "100", "missing_lines": 0, "excluded_lines": 0}, "missing_lines": [], "excluded_lines": []}}}, "app\\schemas\\photo_album.py": {"executed_lines": [1, 5, 6, 7, 10, 11, 12, 13, 14, 17, 18, 19, 20, 21, 22, 23, 26, 27, 28, 29, 30, 31, 32, 33, 36, 37, 38, 39, 40, 41, 42, 43, 44, 45], "summary": {"covered_lines": 29, "num_statements": 29, "percent_covered": 100.0, "percent_covered_display": "100", "missing_lines": 0, "excluded_lines": 0}, "missing_lines": [], "excluded_lines": [], "functions": {"": {"executed_lines": [1, 5, 6, 7, 10, 11, 12, 13, 14, 17, 18, 19, 20, 21, 22, 23, 26, 27, 28, 29, 30, 31, 32, 33, 36, 37, 38, 39, 40, 41, 42, 43, 44, 45], "summary": {"covered_lines": 29, "num_statements": 29, "percent_covered": 100.0, "percent_covered_display": "100", "missing_lines": 0, "excluded_lines": 0}, "missing_lines": [], "excluded_lines": []}}, "classes": {"LayoutType": {"executed_lines": [], "summary": {"covered_lines": 0, "num_statements": 0, "percent_covered": 100.0, "percent_covered_display": "100", "missing_lines": 0, "excluded_lines": 0}, "missing_lines": [], "excluded_lines": []}, "CoverData": {"executed_lines": [], "summary": {"covered_lines": 0, "num_statements": 0, "percent_covered": 100.0, "percent_covered_display": "100", "missing_lines": 0, "excluded_lines": 0}, "missing_lines": [], "excluded_lines": []}, "PhotoAlbumGenerationRequest": {"executed_lines": [], "summary": {"covered_lines": 0, "num_statements": 0, "percent_covered": 100.0, "percent_covered_display": "100", "missing_lines": 0, "excluded_lines": 0}, "missing_lines": [], "excluded_lines": []}, "PhotoAlbumGenerationResponse": {"executed_lines": [], "summary": {"covered_lines": 0, "num_statements": 0, "percent_covered": 100.0, "percent_covered_display": "100", "missing_lines": 0, "excluded_lines": 0}, "missing_lines": [], "excluded_lines": []}, "": {"executed_lines": [1, 5, 6, 7, 10, 11, 12, 13, 14, 17, 18, 19, 20, 21, 22, 23, 26, 27, 28, 29, 30, 31, 32, 33, 36, 37, 38, 39, 40, 41, 42, 43, 44, 45], "summary": {"covered_lines": 29, "num_statements": 29, "percent_covered": 100.0, "percent_covered_display": "100", "missing_lines": 0, "excluded_lines": 0}, "missing_lines": [], "excluded_lines": []}}}, "app\\schemas\\photo_xml.py": {"executed_lines": [1, 5, 6, 9, 10, 12, 13, 14, 17, 18, 20, 21, 22, 23, 26, 29, 30, 32, 33, 34], "summary": {"covered_lines": 16, "num_statements": 16, "percent_covered": 100.0, "percent_covered_display": "100", "missing_lines": 0, "excluded_lines": 0}, "missing_lines": [], "excluded_lines": [], "functions": {"": {"executed_lines": [1, 5, 6, 9, 10, 12, 13, 14, 17, 18, 20, 21, 22, 23, 26, 29, 30, 32, 33, 34], "summary": {"covered_lines": 16, "num_statements": 16, "percent_covered": 100.0, "percent_covered_display": "100", "missing_lines": 0, "excluded_lines": 0}, "missing_lines": [], "excluded_lines": []}}, "classes": {"PhotoXMLGenerationRequest": {"executed_lines": [], "summary": {"covered_lines": 0, "num_statements": 0, "percent_covered": 100.0, "percent_covered_display": "100", "missing_lines": 0, "excluded_lines": 0}, "missing_lines": [], "excluded_lines": []}, "PhotoXMLGenerationResponse": {"executed_lines": [], "summary": {"covered_lines": 0, "num_statements": 0, "percent_covered": 100.0, "percent_covered_display": "100", "missing_lines": 0, "excluded_lines": 0}, "missing_lines": [], "excluded_lines": []}, "PhotoXMLValidationResponse": {"executed_lines": [], "summary": {"covered_lines": 0, "num_statements": 0, "percent_covered": 100.0, "percent_covered_display": "100", "missing_lines": 0, "excluded_lines": 0}, "missing_lines": [], "excluded_lines": []}, "": {"executed_lines": [1, 5, 6, 9, 10, 12, 13, 14, 17, 18, 20, 21, 22, 23, 26, 29, 30, 32, 33, 34], "summary": {"covered_lines": 16, "num_statements": 16, "percent_covered": 100.0, "percent_covered_display": "100", "missing_lines": 0, "excluded_lines": 0}, "missing_lines": [], "excluded_lines": []}}}, "app\\schemas\\quality.py": {"executed_lines": [1, 5, 6, 9, 10, 12, 13, 14, 17, 18, 20, 21, 22, 23, 24, 25, 28, 29, 30, 33, 34, 36, 37, 38, 39], "summary": {"covered_lines": 21, "num_statements": 21, "percent_covered": 100.0, "percent_covered_display": "100", "missing_lines": 0, "excluded_lines": 0}, "missing_lines": [], "excluded_lines": [], "functions": {"": {"executed_lines": [1, 5, 6, 9, 10, 12, 13, 14, 17, 18, 20, 21, 22, 23, 24, 25, 28, 29, 30, 33, 34, 36, 37, 38, 39], "summary": {"covered_lines": 21, "num_statements": 21, "percent_covered": 100.0, "percent_covered_display": "100", "missing_lines": 0, "excluded_lines": 0}, "missing_lines": [], "excluded_lines": []}}, "classes": {"QualityMetrics": {"executed_lines": [], "summary": {"covered_lines": 0, "num_statements": 0, "percent_covered": 100.0, "percent_covered_display": "100", "missing_lines": 0, "excluded_lines": 0}, "missing_lines": [], "excluded_lines": []}, "QualityAssessmentResponse": {"executed_lines": [], "summary": {"covered_lines": 0, "num_statements": 0, "percent_covered": 100.0, "percent_covered_display": "100", "missing_lines": 0, "excluded_lines": 0}, "missing_lines": [], "excluded_lines": []}, "QualityCheckResponse": {"executed_lines": [], "summary": {"covered_lines": 0, "num_statements": 0, "percent_covered": 100.0, "percent_covered_display": "100", "missing_lines": 0, "excluded_lines": 0}, "missing_lines": [], "excluded_lines": []}, "": {"executed_lines": [1, 5, 6, 9, 10, 12, 13, 14, 17, 18, 20, 21, 22, 23, 24, 25, 28, 29, 30, 33, 34, 36, 37, 38, 39], "summary": {"covered_lines": 21, "num_statements": 21, "percent_covered": 100.0, "percent_covered_display": "100", "missing_lines": 0, "excluded_lines": 0}, "missing_lines": [], "excluded_lines": []}}}, "app\\schemas\\rekognition.py": {"executed_lines": [1, 5, 6, 9, 10, 12, 13, 14, 17, 18, 20, 21, 22, 25, 28, 31, 32, 34, 35, 36, 39, 42], "summary": {"covered_lines": 18, "num_statements": 18, "percent_covered": 100.0, "percent_covered_display": "100", "missing_lines": 0, "excluded_lines": 0}, "missing_lines": [], "excluded_lines": [], "functions": {"": {"executed_lines": [1, 5, 6, 9, 10, 12, 13, 14, 17, 18, 20, 21, 22, 25, 28, 31, 32, 34, 35, 36, 39, 42], "summary": {"covered_lines": 18, "num_statements": 18, "percent_covered": 100.0, "percent_covered_display": "100", "missing_lines": 0, "excluded_lines": 0}, "missing_lines": [], "excluded_lines": []}}, "classes": {"ImageLabelResponse": {"executed_lines": [], "summary": {"covered_lines": 0, "num_statements": 0, "percent_covered": 100.0, "percent_covered_display": "100", "missing_lines": 0, "excluded_lines": 0}, "missing_lines": [], "excluded_lines": []}, "ClassificationResponse": {"executed_lines": [], "summary": {"covered_lines": 0, "num_statements": 0, "percent_covered": 100.0, "percent_covered_display": "100", "missing_lines": 0, "excluded_lines": 0}, "missing_lines": [], "excluded_lines": []}, "ClassificationResultResponse": {"executed_lines": [], "summary": {"covered_lines": 0, "num_statements": 0, "percent_covered": 100.0, "percent_covered_display": "100", "missing_lines": 0, "excluded_lines": 0}, "missing_lines": [], "excluded_lines": []}, "": {"executed_lines": [1, 5, 6, 9, 10, 12, 13, 14, 17, 18, 20, 21, 22, 25, 28, 31, 32, 34, 35, 36, 39, 42], "summary": {"covered_lines": 18, "num_statements": 18, "percent_covered": 100.0, "percent_covered_display": "100", "missing_lines": 0, "excluded_lines": 0}, "missing_lines": [], "excluded_lines": []}}}, "app\\schemas\\search.py": {"executed_lines": [1, 5, 6, 7, 8, 11, 12, 14, 15, 16, 17, 18, 19, 20, 21, 22, 25, 26, 28, 29, 30, 31, 32, 33], "summary": {"covered_lines": 21, "num_statements": 21, "percent_covered": 100.0, "percent_covered_display": "100", "missing_lines": 0, "excluded_lines": 0}, "missing_lines": [], "excluded_lines": [], "functions": {"": {"executed_lines": [1, 5, 6, 7, 8, 11, 12, 14, 15, 16, 17, 18, 19, 20, 21, 22, 25, 26, 28, 29, 30, 31, 32, 33], "summary": {"covered_lines": 21, "num_statements": 21, "percent_covered": 100.0, "percent_covered_display": "100", "missing_lines": 0, "excluded_lines": 0}, "missing_lines": [], "excluded_lines": []}}, "classes": {"SearchQuery": {"executed_lines": [], "summary": {"covered_lines": 0, "num_statements": 0, "percent_covered": 100.0, "percent_covered_display": "100", "missing_lines": 0, "excluded_lines": 0}, "missing_lines": [], "excluded_lines": []}, "SearchResponse": {"executed_lines": [], "summary": {"covered_lines": 0, "num_statements": 0, "percent_covered": 100.0, "percent_covered_display": "100", "missing_lines": 0, "excluded_lines": 0}, "missing_lines": [], "excluded_lines": []}, "": {"executed_lines": [1, 5, 6, 7, 8, 11, 12, 14, 15, 16, 17, 18, 19, 20, 21, 22, 25, 26, 28, 29, 30, 31, 32, 33], "summary": {"covered_lines": 21, "num_statements": 21, "percent_covered": 100.0, "percent_covered_display": "100", "missing_lines": 0, "excluded_lines": 0}, "missing_lines": [], "excluded_lines": []}}}, "app\\schemas\\title.py": {"executed_lines": [1, 5, 6, 9, 10, 12, 13, 14, 17, 18, 20, 21, 22, 23, 24, 25, 26, 27, 30, 31, 33], "summary": {"covered_lines": 17, "num_statements": 17, "percent_covered": 100.0, "percent_covered_display": "100", "missing_lines": 0, "excluded_lines": 0}, "missing_lines": [], "excluded_lines": [], "functions": {"": {"executed_lines": [1, 5, 6, 9, 10, 12, 13, 14, 17, 18, 20, 21, 22, 23, 24, 25, 26, 27, 30, 31, 33], "summary": {"covered_lines": 17, "num_statements": 17, "percent_covered": 100.0, "percent_covered_display": "100", "missing_lines": 0, "excluded_lines": 0}, "missing_lines": [], "excluded_lines": []}}, "classes": {"TitleGenerationRequest": {"executed_lines": [], "summary": {"covered_lines": 0, "num_statements": 0, "percent_covered": 100.0, "percent_covered_display": "100", "missing_lines": 0, "excluded_lines": 0}, "missing_lines": [], "excluded_lines": []}, "TitleGenerationResponse": {"executed_lines": [], "summary": {"covered_lines": 0, "num_statements": 0, "percent_covered": 100.0, "percent_covered_display": "100", "missing_lines": 0, "excluded_lines": 0}, "missing_lines": [], "excluded_lines": []}, "TitleUpdateRequest": {"executed_lines": [], "summary": {"covered_lines": 0, "num_statements": 0, "percent_covered": 100.0, "percent_covered_display": "100", "missing_lines": 0, "excluded_lines": 0}, "missing_lines": [], "excluded_lines": []}, "": {"executed_lines": [1, 5, 6, 9, 10, 12, 13, 14, 17, 18, 20, 21, 22, 23, 24, 25, 26, 27, 30, 31, 33], "summary": {"covered_lines": 17, "num_statements": 17, "percent_covered": 100.0, "percent_covered_display": "100", "missing_lines": 0, "excluded_lines": 0}, "missing_lines": [], "excluded_lines": []}}}, "app\\services\\__init__.py": {"executed_lines": [1], "summary": {"covered_lines": 0, "num_statements": 0, "percent_covered": 100.0, "percent_covered_display": "100", "missing_lines": 0, "excluded_lines": 0}, "missing_lines": [], "excluded_lines": [], "functions": {"": {"executed_lines": [1], "summary": {"covered_lines": 0, "num_statements": 0, "percent_covered": 100.0, "percent_covered_display": "100", "missing_lines": 0, "excluded_lines": 0}, "missing_lines": [], "excluded_lines": []}}, "classes": {"": {"executed_lines": [1], "summary": {"covered_lines": 0, "num_statements": 0, "percent_covered": 100.0, "percent_covered_display": "100", "missing_lines": 0, "excluded_lines": 0}, "missing_lines": [], "excluded_lines": []}}}, "app\\services\\duplicate_detection_service.py": {"executed_lines": [1, 5, 6, 7, 8, 9, 10, 13, 14, 15, 17, 18, 21, 22, 23, 25, 26, 29, 30, 32, 40, 41, 42, 44, 54, 55, 56, 58, 70, 71, 74, 75, 77, 79, 90, 91, 94, 96, 98, 109, 110, 112, 122, 123, 126, 127, 129, 130, 131, 134, 135, 137, 138, 139, 141, 145, 146, 147, 148, 151, 152, 153, 155, 159, 161, 171, 172, 179, 180, 184, 186, 193, 204, 205], "summary": {"covered_lines": 70, "num_statements": 70, "percent_covered": 100.0, "percent_covered_display": "100", "missing_lines": 0, "excluded_lines": 0}, "missing_lines": [], "excluded_lines": [], "functions": {"DuplicateDetectionService.__init__": {"executed_lines": [40, 41, 42], "summary": {"covered_lines": 3, "num_statements": 3, "percent_covered": 100.0, "percent_covered_display": "100", "missing_lines": 0, "excluded_lines": 0}, "missing_lines": [], "excluded_lines": []}, "DuplicateDetectionService.calculate_phash": {"executed_lines": [54, 55, 56], "summary": {"covered_lines": 3, "num_statements": 3, "percent_covered": 100.0, "percent_covered_display": "100", "missing_lines": 0, "excluded_lines": 0}, "missing_lines": [], "excluded_lines": []}, "DuplicateDetectionService.calculate_hamming_distance": {"executed_lines": [70, 71, 74, 75, 77], "summary": {"covered_lines": 5, "num_statements": 5, "percent_covered": 100.0, "percent_covered_display": "100", "missing_lines": 0, "excluded_lines": 0}, "missing_lines": [], "excluded_lines": []}, "DuplicateDetectionService.calculate_similarity": {"executed_lines": [90, 91, 94, 96], "summary": {"covered_lines": 4, "num_statements": 4, "percent_covered": 100.0, "percent_covered_display": "100", "missing_lines": 0, "excluded_lines": 0}, "missing_lines": [], "excluded_lines": []}, "DuplicateDetectionService.are_duplicates": {"executed_lines": [109, 110], "summary": {"covered_lines": 2, "num_statements": 2, "percent_covered": 100.0, "percent_covered_display": "100", "missing_lines": 0, "excluded_lines": 0}, "missing_lines": [], "excluded_lines": []}, "DuplicateDetectionService.find_duplicates_in_photos": {"executed_lines": [122, 123, 126, 127, 129, 130, 131, 134, 135, 137, 138, 139, 141, 145, 146, 147, 148, 151, 152, 153, 155, 159], "summary": {"covered_lines": 22, "num_statements": 22, "percent_covered": 100.0, "percent_covered_display": "100", "missing_lines": 0, "excluded_lines": 0}, "missing_lines": [], "excluded_lines": []}, "DuplicateDetectionService.create_duplicate_summary": {"executed_lines": [171, 172, 179, 180, 184, 186], "summary": {"covered_lines": 6, "num_statements": 6, "percent_covered": 100.0, "percent_covered_display": "100", "missing_lines": 0, "excluded_lines": 0}, "missing_lines": [], "excluded_lines": []}, "DuplicateDetectionService.download_image_from_s3": {"executed_lines": [204, 205], "summary": {"covered_lines": 2, "num_statements": 2, "percent_covered": 100.0, "percent_covered_display": "100", "missing_lines": 0, "excluded_lines": 0}, "missing_lines": [], "excluded_lines": []}, "": {"executed_lines": [1, 5, 6, 7, 8, 9, 10, 13, 14, 15, 17, 18, 21, 22, 23, 25, 26, 29, 30, 32, 44, 58, 79, 98, 112, 161, 193], "summary": {"covered_lines": 23, "num_statements": 23, "percent_covered": 100.0, "percent_covered_display": "100", "missing_lines": 0, "excluded_lines": 0}, "missing_lines": [], "excluded_lines": []}}, "classes": {"ImageHash": {"executed_lines": [], "summary": {"covered_lines": 0, "num_statements": 0, "percent_covered": 100.0, "percent_covered_display": "100", "missing_lines": 0, "excluded_lines": 0}, "missing_lines": [], "excluded_lines": []}, "DuplicateGroup": {"executed_lines": [], "summary": {"covered_lines": 0, "num_statements": 0, "percent_covered": 100.0, "percent_covered_display": "100", "missing_lines": 0, "excluded_lines": 0}, "missing_lines": [], "excluded_lines": []}, "DuplicateDetectionService": {"executed_lines": [40, 41, 42, 54, 55, 56, 70, 71, 74, 75, 77, 90, 91, 94, 96, 109, 110, 122, 123, 126, 127, 129, 130, 131, 134, 135, 137, 138, 139, 141, 145, 146, 147, 148, 151, 152, 153, 155, 159, 171, 172, 179, 180, 184, 186, 204, 205], "summary": {"covered_lines": 47, "num_statements": 47, "percent_covered": 100.0, "percent_covered_display": "100", "missing_lines": 0, "excluded_lines": 0}, "missing_lines": [], "excluded_lines": []}, "": {"executed_lines": [1, 5, 6, 7, 8, 9, 10, 13, 14, 15, 17, 18, 21, 22, 23, 25, 26, 29, 30, 32, 44, 58, 79, 98, 112, 161, 193], "summary": {"covered_lines": 23, "num_statements": 23, "percent_covered": 100.0, "percent_covered_display": "100", "missing_lines": 0, "excluded_lines": 0}, "missing_lines": [], "excluded_lines": []}}}, "app\\services\\export_service.py": {"executed_lines": [1, 7, 8, 9, 10, 11, 12, 15, 16, 18, 20, 21, 22, 24, 35, 37, 48, 50, 57, 67, 68, 69, 70, 71, 73, 83, 84, 85, 87, 88, 89, 90, 92, 94, 96, 106, 107, 108, 111, 112, 113, 115, 121, 131, 134, 137, 138, 141, 142, 144, 152, 153, 155, 162, 163, 165, 175, 176, 178, 180, 181, 182, 183, 184, 191, 192, 193, 194, 195, 204, 209, 220, 222, 223, 225, 227, 241, 242, 243, 245, 247, 249, 250, 251, 253, 254, 256, 258, 268, 270, 289, 292, 293, 300, 302, 305, 308, 311, 314, 318, 334, 341, 342, 343], "summary": {"covered_lines": 102, "num_statements": 114, "percent_covered": 89.47368421052632, "percent_covered_display": "89", "missing_lines": 12, "excluded_lines": 0}, "missing_lines": [135, 139, 187, 188, 198, 199, 201, 202, 326, 327, 344, 345], "excluded_lines": [], "functions": {"ExportService.__init__": {"executed_lines": [20, 21, 22], "summary": {"covered_lines": 3, "num_statements": 3, "percent_covered": 100.0, "percent_covered_display": "100", "missing_lines": 0, "excluded_lines": 0}, "missing_lines": [], "excluded_lines": []}, "ExportService.generate_serial_number": {"executed_lines": [35], "summary": {"covered_lines": 1, "num_statements": 1, "percent_covered": 100.0, "percent_covered_display": "100", "missing_lines": 0, "excluded_lines": 0}, "missing_lines": [], "excluded_lines": []}, "ExportService.rename_photo_file": {"executed_lines": [48, 50], "summary": {"covered_lines": 2, "num_statements": 2, "percent_covered": 100.0, "percent_covered_display": "100", "missing_lines": 0, "excluded_lines": 0}, "missing_lines": [], "excluded_lines": []}, "ExportService.rename_multiple_photos": {"executed_lines": [67, 68, 69, 70, 71], "summary": {"covered_lines": 5, "num_statements": 5, "percent_covered": 100.0, "percent_covered_display": "100", "missing_lines": 0, "excluded_lines": 0}, "missing_lines": [], "excluded_lines": []}, "ExportService.check_filename_duplication": {"executed_lines": [83, 84, 85, 87, 88, 89, 90, 92, 94], "summary": {"covered_lines": 9, "num_statements": 9, "percent_covered": 100.0, "percent_covered_display": "100", "missing_lines": 0, "excluded_lines": 0}, "missing_lines": [], "excluded_lines": []}, "ExportService.create_folder_structure": {"executed_lines": [106, 107, 108, 111, 112, 113, 115], "summary": {"covered_lines": 7, "num_statements": 7, "percent_covered": 100.0, "percent_covered_display": "100", "missing_lines": 0, "excluded_lines": 0}, "missing_lines": [], "excluded_lines": []}, "ExportService.validate_folder_structure": {"executed_lines": [131, 134, 137, 138, 141, 142], "summary": {"covered_lines": 6, "num_statements": 8, "percent_covered": 75.0, "percent_covered_display": "75", "missing_lines": 2, "excluded_lines": 0}, "missing_lines": [135, 139], "excluded_lines": []}, "ExportService.get_dtd_template_path": {"executed_lines": [152, 153], "summary": {"covered_lines": 2, "num_statements": 2, "percent_covered": 100.0, "percent_covered_display": "100", "missing_lines": 0, "excluded_lines": 0}, "missing_lines": [], "excluded_lines": []}, "ExportService.get_xsl_template_path": {"executed_lines": [162, 163], "summary": {"covered_lines": 2, "num_statements": 2, "percent_covered": 100.0, "percent_covered_display": "100", "missing_lines": 0, "excluded_lines": 0}, "missing_lines": [], "excluded_lines": []}, "ExportService.copy_templates_to_folder": {"executed_lines": [175, 176, 178, 180, 181, 182, 183, 184, 191, 192, 193, 194, 195, 204], "summary": {"covered_lines": 14, "num_statements": 20, "percent_covered": 70.0, "percent_covered_display": "70", "missing_lines": 6, "excluded_lines": 0}, "missing_lines": [187, 188, 198, 199, 201, 202], "excluded_lines": []}, "ExportService.save_photo_xml": {"executed_lines": [220, 222, 223, 225], "summary": {"covered_lines": 4, "num_statements": 4, "percent_covered": 100.0, "percent_covered_display": "100", "missing_lines": 0, "excluded_lines": 0}, "missing_lines": [], "excluded_lines": []}, "ExportService.create_zip_archive": {"executed_lines": [241, 242, 243, 245, 247, 249, 250, 251, 253, 254, 256], "summary": {"covered_lines": 11, "num_statements": 11, "percent_covered": 100.0, "percent_covered_display": "100", "missing_lines": 0, "excluded_lines": 0}, "missing_lines": [], "excluded_lines": []}, "ExportService.get_file_size": {"executed_lines": [268], "summary": {"covered_lines": 1, "num_statements": 1, "percent_covered": 100.0, "percent_covered_display": "100", "missing_lines": 0, "excluded_lines": 0}, "missing_lines": [], "excluded_lines": []}, "ExportService.export_package": {"executed_lines": [289, 292, 293, 300, 302, 305, 308, 311, 314, 318], "summary": {"covered_lines": 10, "num_statements": 12, "percent_covered": 83.33333333333333, "percent_covered_display": "83", "missing_lines": 2, "excluded_lines": 0}, "missing_lines": [326, 327], "excluded_lines": []}, "ExportService.cleanup_temp_files": {"executed_lines": [341, 342, 343], "summary": {"covered_lines": 3, "num_statements": 5, "percent_covered": 60.0, "percent_covered_display": "60", "missing_lines": 2, "excluded_lines": 0}, "missing_lines": [344, 345], "excluded_lines": []}, "": {"executed_lines": [1, 7, 8, 9, 10, 11, 12, 15, 16, 18, 24, 37, 57, 73, 96, 121, 144, 155, 165, 209, 227, 258, 270, 334], "summary": {"covered_lines": 22, "num_statements": 22, "percent_covered": 100.0, "percent_covered_display": "100", "missing_lines": 0, "excluded_lines": 0}, "missing_lines": [], "excluded_lines": []}}, "classes": {"ExportService": {"executed_lines": [20, 21, 22, 35, 48, 50, 67, 68, 69, 70, 71, 83, 84, 85, 87, 88, 89, 90, 92, 94, 106, 107, 108, 111, 112, 113, 115, 131, 134, 137, 138, 141, 142, 152, 153, 162, 163, 175, 176, 178, 180, 181, 182, 183, 184, 191, 192, 193, 194, 195, 204, 220, 222, 223, 225, 241, 242, 243, 245, 247, 249, 250, 251, 253, 254, 256, 268, 289, 292, 293, 300, 302, 305, 308, 311, 314, 318, 341, 342, 343], "summary": {"covered_lines": 80, "num_statements": 92, "percent_covered": 86.95652173913044, "percent_covered_display": "87", "missing_lines": 12, "excluded_lines": 0}, "missing_lines": [135, 139, 187, 188, 198, 199, 201, 202, 326, 327, 344, 345], "excluded_lines": []}, "": {"executed_lines": [1, 7, 8, 9, 10, 11, 12, 15, 16, 18, 24, 37, 57, 73, 96, 121, 144, 155, 165, 209, 227, 258, 270, 334], "summary": {"covered_lines": 22, "num_statements": 22, "percent_covered": 100.0, "percent_covered_display": "100", "missing_lines": 0, "excluded_lines": 0}, "missing_lines": [], "excluded_lines": []}}}, "app\\services\\ocr_service.py": {"executed_lines": [1, 5, 6, 7, 8, 9, 12, 13, 15, 16, 17, 18, 19, 20, 21, 22, 23, 24, 27, 28, 30, 36, 37, 39, 52, 56, 57, 58, 59, 63, 65, 75, 77, 78, 79, 82, 83, 86, 87, 90, 91, 92, 93, 96, 97, 98, 99, 102, 103, 104, 105, 108, 109, 110, 111, 114, 115, 116, 118, 119, 122, 123, 124, 125, 126, 127, 129, 131, 142, 145, 146, 147, 150, 151, 154, 156, 166, 170, 171, 172, 176, 177, 178, 180, 182, 193, 194, 195, 196, 199, 200, 201, 202, 203, 207, 209, 220, 221, 222, 223], "summary": {"covered_lines": 97, "num_statements": 100, "percent_covered": 97.0, "percent_covered_display": "97", "missing_lines": 3, "excluded_lines": 0}, "missing_lines": [117, 152, 224], "excluded_lines": [], "functions": {"OCRService.__init__": {"executed_lines": [36, 37], "summary": {"covered_lines": 2, "num_statements": 2, "percent_covered": 100.0, "percent_covered_display": "100", "missing_lines": 0, "excluded_lines": 0}, "missing_lines": [], "excluded_lines": []}, "OCRService.extract_text_from_image": {"executed_lines": [52, 56, 57, 58, 59, 63], "summary": {"covered_lines": 6, "num_statements": 6, "percent_covered": 100.0, "percent_covered_display": "100", "missing_lines": 0, "excluded_lines": 0}, "missing_lines": [], "excluded_lines": []}, "OCRService.parse_blackboard_text": {"executed_lines": [75, 77, 78, 79, 82, 83, 86, 87, 90, 91, 92, 93, 96, 97, 98, 99, 102, 103, 104, 105, 108, 109, 110, 111, 114, 115, 116, 118, 119, 122, 123, 124, 125, 126, 127, 129], "summary": {"covered_lines": 36, "num_statements": 37, "percent_covered": 97.29729729729729, "percent_covered_display": "97", "missing_lines": 1, "excluded_lines": 0}, "missing_lines": [117], "excluded_lines": []}, "OCRService.extract_station_number": {"executed_lines": [142, 145, 146, 147, 150, 151, 154], "summary": {"covered_lines": 7, "num_statements": 8, "percent_covered": 87.5, "percent_covered_display": "88", "missing_lines": 1, "excluded_lines": 0}, "missing_lines": [152], "excluded_lines": []}, "OCRService.extract_dimensions": {"executed_lines": [166, 170, 171, 172, 176, 177, 178, 180], "summary": {"covered_lines": 8, "num_statements": 8, "percent_covered": 100.0, "percent_covered_display": "100", "missing_lines": 0, "excluded_lines": 0}, "missing_lines": [], "excluded_lines": []}, "OCRService.extract_date": {"executed_lines": [193, 194, 195, 196, 199, 200, 201, 202, 203, 207], "summary": {"covered_lines": 10, "num_statements": 10, "percent_covered": 100.0, "percent_covered_display": "100", "missing_lines": 0, "excluded_lines": 0}, "missing_lines": [], "excluded_lines": []}, "OCRService._extract_after_colon": {"executed_lines": [220, 221, 222, 223], "summary": {"covered_lines": 4, "num_statements": 5, "percent_covered": 80.0, "percent_covered_display": "80", "missing_lines": 1, "excluded_lines": 0}, "missing_lines": [224], "excluded_lines": []}, "": {"executed_lines": [1, 5, 6, 7, 8, 9, 12, 13, 15, 16, 17, 18, 19, 20, 21, 22, 23, 24, 27, 28, 30, 39, 65, 131, 156, 182, 209], "summary": {"covered_lines": 24, "num_statements": 24, "percent_covered": 100.0, "percent_covered_display": "100", "missing_lines": 0, "excluded_lines": 0}, "missing_lines": [], "excluded_lines": []}}, "classes": {"BlackboardData": {"executed_lines": [], "summary": {"covered_lines": 0, "num_statements": 0, "percent_covered": 100.0, "percent_covered_display": "100", "missing_lines": 0, "excluded_lines": 0}, "missing_lines": [], "excluded_lines": []}, "OCRService": {"executed_lines": [36, 37, 52, 56, 57, 58, 59, 63, 75, 77, 78, 79, 82, 83, 86, 87, 90, 91, 92, 93, 96, 97, 98, 99, 102, 103, 104, 105, 108, 109, 110, 111, 114, 115, 116, 118, 119, 122, 123, 124, 125, 126, 127, 129, 142, 145, 146, 147, 150, 151, 154, 166, 170, 171, 172, 176, 177, 178, 180, 193, 194, 195, 196, 199, 200, 201, 202, 203, 207, 220, 221, 222, 223], "summary": {"covered_lines": 73, "num_statements": 76, "percent_covered": 96.05263157894737, "percent_covered_display": "96", "missing_lines": 3, "excluded_lines": 0}, "missing_lines": [117, 152, 224], "excluded_lines": []}, "": {"executed_lines": [1, 5, 6, 7, 8, 9, 12, 13, 15, 16, 17, 18, 19, 20, 21, 22, 23, 24, 27, 28, 30, 39, 65, 131, 156, 182, 209], "summary": {"covered_lines": 24, "num_statements": 24, "percent_covered": 100.0, "percent_covered_display": "100", "missing_lines": 0, "excluded_lines": 0}, "missing_lines": [], "excluded_lines": []}}}, "app\\services\\photo_album_generator.py": {"executed_lines": [1, 7, 8, 9, 10, 11, 13, 14, 15, 16, 17, 18, 19, 20, 23, 24, 25, 26, 27, 30, 31, 33, 35, 36, 37, 38, 41, 42, 43, 48, 74, 75, 83, 85, 87, 90, 91, 92, 93, 96, 97, 98, 105, 106, 107, 109, 112, 115, 118, 120, 139, 149, 150, 151, 153, 160, 168, 171, 172, 175, 176, 177, 180, 181, 182, 185, 190, 194, 205, 211, 212, 214, 215, 217, 219, 238, 239, 240, 243, 244, 245, 248, 249, 250, 251, 252, 253, 255, 257, 258, 260, 261, 262, 264, 266, 267, 269, 276, 277, 278, 279, 281, 283, 284, 286, 287, 288, 290, 305, 306, 307, 309, 310, 313, 314, 316, 317, 318, 320, 321, 324, 325, 328, 329, 330, 332, 334, 336, 339, 340, 343, 344, 345, 347, 355, 356, 358, 370, 371, 373, 374, 375, 377, 388, 389, 391, 392, 393, 395, 406, 412, 413], "summary": {"covered_lines": 149, "num_statements": 157, "percent_covered": 94.90445859872611, "percent_covered_display": "95", "missing_lines": 8, "excluded_lines": 0}, "missing_lines": [44, 46, 130, 131, 186, 187, 191, 192], "excluded_lines": [], "functions": {"PhotoAlbumGenerator.__init__": {"executed_lines": [35, 36, 37, 38, 41, 42, 43], "summary": {"covered_lines": 7, "num_statements": 9, "percent_covered": 77.77777777777777, "percent_covered_display": "78", "missing_lines": 2, "excluded_lines": 0}, "missing_lines": [44, 46], "excluded_lines": []}, "PhotoAlbumGenerator.generate_pdf": {"executed_lines": [74, 75, 83, 85, 87, 90, 91, 92, 93, 96, 97, 98, 105, 106, 107, 109, 112, 115, 118, 120], "summary": {"covered_lines": 20, "num_statements": 22, "percent_covered": 90.9090909090909, "percent_covered_display": "91", "missing_lines": 2, "excluded_lines": 0}, "missing_lines": [130, 131], "excluded_lines": []}, "PhotoAlbumGenerator.generate_cover_page_data": {"executed_lines": [149, 150, 151, 153], "summary": {"covered_lines": 4, "num_statements": 4, "percent_covered": 100.0, "percent_covered_display": "100", "missing_lines": 0, "excluded_lines": 0}, "missing_lines": [], "excluded_lines": []}, "PhotoAlbumGenerator._draw_cover_page": {"executed_lines": [168, 171, 172, 175, 176, 177, 180, 181, 182, 185, 190], "summary": {"covered_lines": 11, "num_statements": 15, "percent_covered": 73.33333333333333, "percent_covered_display": "73", "missing_lines": 4, "excluded_lines": 0}, "missing_lines": [186, 187, 191, 192], "excluded_lines": []}, "PhotoAlbumGenerator._generate_photo_pages": {"executed_lines": [205, 211, 212, 214, 215, 217], "summary": {"covered_lines": 6, "num_statements": 6, "percent_covered": 100.0, "percent_covered_display": "100", "missing_lines": 0, "excluded_lines": 0}, "missing_lines": [], "excluded_lines": []}, "PhotoAlbumGenerator._draw_photo_page": {"executed_lines": [238, 239, 240, 243, 244, 245, 248, 249, 250, 251, 252, 253], "summary": {"covered_lines": 12, "num_statements": 12, "percent_covered": 100.0, "percent_covered_display": "100", "missing_lines": 0, "excluded_lines": 0}, "missing_lines": [], "excluded_lines": []}, "PhotoAlbumGenerator._draw_standard_layout": {"executed_lines": [257, 258, 260, 261, 262], "summary": {"covered_lines": 5, "num_statements": 5, "percent_covered": 100.0, "percent_covered_display": "100", "missing_lines": 0, "excluded_lines": 0}, "missing_lines": [], "excluded_lines": []}, "PhotoAlbumGenerator._draw_compact_layout": {"executed_lines": [266, 267, 269, 276, 277, 278, 279], "summary": {"covered_lines": 7, "num_statements": 7, "percent_covered": 100.0, "percent_covered_display": "100", "missing_lines": 0, "excluded_lines": 0}, "missing_lines": [], "excluded_lines": []}, "PhotoAlbumGenerator._draw_detailed_layout": {"executed_lines": [283, 284, 286, 287, 288], "summary": {"covered_lines": 5, "num_statements": 5, "percent_covered": 100.0, "percent_covered_display": "100", "missing_lines": 0, "excluded_lines": 0}, "missing_lines": [], "excluded_lines": []}, "PhotoAlbumGenerator._draw_single_photo": {"executed_lines": [305, 306, 307, 309, 310, 313, 314, 316, 317, 318, 320, 321, 324, 325, 328, 329, 330, 332, 334, 336, 339, 340, 343, 344, 345], "summary": {"covered_lines": 25, "num_statements": 25, "percent_covered": 100.0, "percent_covered_display": "100", "missing_lines": 0, "excluded_lines": 0}, "missing_lines": [], "excluded_lines": []}, "PhotoAlbumGenerator._draw_page_number": {"executed_lines": [355, 356], "summary": {"covered_lines": 2, "num_statements": 2, "percent_covered": 100.0, "percent_covered_display": "100", "missing_lines": 0, "excluded_lines": 0}, "missing_lines": [], "excluded_lines": []}, "PhotoAlbumGenerator.resize_image": {"executed_lines": [370, 371, 373, 374, 375], "summary": {"covered_lines": 5, "num_statements": 5, "percent_covered": 100.0, "percent_covered_display": "100", "missing_lines": 0, "excluded_lines": 0}, "missing_lines": [], "excluded_lines": []}, "PhotoAlbumGenerator.generate_thumbnail": {"executed_lines": [388, 389, 391, 392, 393], "summary": {"covered_lines": 5, "num_statements": 5, "percent_covered": 100.0, "percent_covered_display": "100", "missing_lines": 0, "excluded_lines": 0}, "missing_lines": [], "excluded_lines": []}, "PhotoAlbumGenerator.get_page_count": {"executed_lines": [406, 412, 413], "summary": {"covered_lines": 3, "num_statements": 3, "percent_covered": 100.0, "percent_covered_display": "100", "missing_lines": 0, "excluded_lines": 0}, "missing_lines": [], "excluded_lines": []}, "": {"executed_lines": [1, 7, 8, 9, 10, 11, 13, 14, 15, 16, 17, 18, 19, 20, 23, 24, 25, 26, 27, 30, 31, 33, 48, 139, 160, 194, 219, 255, 264, 281, 290, 347, 358, 377, 395], "summary": {"covered_lines": 32, "num_statements
[...]
 "excluded_lines": 0}, "missing_lines": [], "excluded_lines": []}, "PhotoAlbumGenerator": {"executed_lines": [35, 36, 37, 38, 41, 42, 43, 74, 75, 83, 85, 87, 90, 91, 92, 93, 96, 97, 98, 105, 106, 107, 109, 112, 115, 118, 120, 149, 150, 151, 153, 168, 171, 172, 175, 176, 177, 180, 181, 182, 185, 190, 205, 211, 212, 214, 215, 217, 238, 239, 240, 243, 244, 245, 248, 249, 250, 251, 252, 253, 257, 258, 260, 261, 262, 266, 267, 269, 276, 277, 278, 279, 283, 284, 286, 287, 288, 305, 306, 307, 309, 310, 313, 314, 316, 317, 318, 320, 321, 324, 325, 328, 329, 330, 332, 334, 336, 339, 340, 343, 344, 345, 355, 356, 370, 371, 373, 374, 375, 388, 389, 391, 392, 393, 406, 412, 413], "summary": {"covered_lines": 117, "num_statements": 125, "percent_covered": 93.6, "percent_covered_display": "94", "missing_lines": 8, "excluded_lines": 0}, "missing_lines": [44, 46, 130, 131, 186, 187, 191, 192], "excluded_lines": []}, "": {"executed_lines": [1, 7, 8, 9, 10, 11, 13, 14, 15, 16, 17, 18, 19, 20, 23, 24, 25, 26, 27, 30, 31, 33, 48, 139, 160, 194, 219, 255, 264, 281, 290, 347, 358, 377, 395], "summary": {"covered_lines": 32, "num_statements": 32, "percent_covered": 100.0, "percent_covered_display": "100", "missing_lines": 0, "excluded_lines": 0}, "missing_lines": [], "excluded_lines": []}}}, "app\\services\\photo_xml_generator.py": {"executed_lines": [1, 7, 8, 9, 10, 11, 14, 15, 17, 19, 20, 21, 23, 37, 38, 41, 44, 45, 46, 47, 48, 51, 52, 55, 56, 58, 60, 62, 71, 74, 75, 76, 77, 78, 81, 82, 83, 84, 85, 87, 88, 89, 90, 92, 93, 94, 95, 98, 101, 102, 105, 106, 107, 108, 111, 112, 113, 114, 117, 118, 120, 122, 123, 124, 125, 128, 129, 130, 131, 134, 135, 136, 137, 140, 141, 142, 143, 145, 155, 156, 158, 160, 161, 163, 173, 176, 177, 178, 179, 182, 183, 187, 188, 191, 193, 203, 205, 216, 217, 220, 221, 224, 225, 237, 247, 248, 250, 260, 262, 273, 274, 277, 278, 281, 282, 286, 296, 300, 301, 302, 303, 304, 306], "summary": {"covered_lines": 121, "num_statements": 132, "percent_covered": 91.66666666666667, "percent_covered_display": "92", "missing_lines": 11, "excluded_lines": 0}, "missing_lines": [184, 189, 228, 229, 230, 231, 232, 233, 235, 284, 297], "excluded_lines": [], "functions": {"PhotoXMLGenerator.__init__": {"executed_lines": [19, 20, 21], "summary": {"covered_lines": 3, "num_statements": 3, "percent_covered": 100.0, "percent_covered_display": "100", "missing_lines": 0, "excluded_lines": 0}, "missing_lines": [], "excluded_lines": []}, "PhotoXMLGenerator.generate_xml": {"executed_lines": [37, 38, 41, 44, 45, 46, 47, 48, 51, 52, 55, 56, 58, 60], "summary": {"covered_lines": 14, "num_statements": 14, "percent_covered": 100.0, "percent_covered_display": "100", "missing_lines": 0, "excluded_lines": 0}, "missing_lines": [], "excluded_lines": []}, "PhotoXMLGenerator._add_photo_info": {"executed_lines": [71, 74, 75, 76, 77, 78, 81, 82, 83, 84, 85, 87, 88, 89, 90, 92, 93, 94, 95, 98, 101, 102, 105, 106, 107, 108, 111, 112, 113, 114, 117, 118, 120, 122, 123, 124, 125, 128, 129, 130, 131, 134, 135, 136, 137, 140, 141, 142, 143], "summary": {"covered_lines": 49, "num_statements": 49, "percent_covered": 100.0, "percent_covered_display": "100", "missing_lines": 0, "excluded_lines": 0}, "missing_lines": [], "excluded_lines": []}, "PhotoXMLGenerator._prettify_xml": {"executed_lines": [155, 156, 158, 160, 161], "summary": {"covered_lines": 5, "num_statements": 5, "percent_covered": 100.0, "percent_covered_display": "100", "missing_lines": 0, "excluded_lines": 0}, "missing_lines": [], "excluded_lines": []}, "PhotoXMLGenerator.validate_photo_data": {"executed_lines": [173, 176, 177, 178, 179, 182, 183, 187, 188, 191], "summary": {"covered_lines": 10, "num_statements": 12, "percent_covered": 83.33333333333333, "percent_covered_display": "83", "missing_lines": 2, "excluded_lines": 0}, "missing_lines": [184, 189], "excluded_lines": []}, "PhotoXMLGenerator.format_serial_number": {"executed_lines": [203], "summary": {"covered_lines": 1, "num_statements": 1, "percent_covered": 100.0, "percent_covered_display": "100", "missing_lines": 0, "excluded_lines": 0}, "missing_lines": [], "excluded_lines": []}, "PhotoXMLGenerator.format_date_ccyymmdd": {"executed_lines": [216, 217, 220, 221, 224, 225], "summary": {"covered_lines": 6, "num_statements": 13, "percent_covered": 46.15384615384615, "percent_covered_display": "46", "missing_lines": 7, "excluded_lines": 0}, "missing_lines": [228, 229, 230, 231, 232, 233, 235], "excluded_lines": []}, "PhotoXMLGenerator.validate_filename": {"executed_lines": [247, 248], "summary": {"covered_lines": 2, "num_statements": 2, "percent_covered": 100.0, "percent_covered_display": "100", "missing_lines": 0, "excluded_lines": 0}, "missing_lines": [], "excluded_lines": []}, "PhotoXMLGenerator.validate_title": {"executed_lines": [260], "summary": {"covered_lines": 1, "num_statements": 1, "percent_covered": 100.0, "percent_covered_display": "100", "missing_lines": 0, "excluded_lines": 0}, "missing_lines": [], "excluded_lines": []}, "PhotoXMLGenerator.check_work_category_required": {"executed_lines": [273, 274, 277, 278, 281, 282], "summary": {"covered_lines": 6, "num_statements": 7, "percent_covered": 85.71428571428571, "percent_covered_display": "86", "missing_lines": 1, "excluded_lines": 0}, "missing_lines": [284], "excluded_lines": []}, "PhotoXMLGenerator.escape_xml_special_chars": {"executed_lines": [296, 300, 301, 302, 303, 304, 306], "summary": {"covered_lines": 7, "num_statements": 8, "percent_covered": 87.5, "percent_covered_display": "88", "missing_lines": 1, "excluded_lines": 0}, "missing_lines": [297], "excluded_lines": []}, "": {"executed_lines": [1, 7, 8, 9, 10, 11, 14, 15, 17, 23, 62, 145, 163, 193, 205, 237, 250, 262, 286], "summary": {"covered_lines": 17, "num_statements": 17, "percent_covered": 100.0, "percent_covered_display": "100", "missing_lines": 0, "excluded_lines": 0}, "missing_lines": [], "excluded_lines": []}}, "classes": {"PhotoXMLGenerator": {"executed_lines": [19, 20, 21, 37, 38, 41, 44, 45, 46, 47, 48, 51, 52, 55, 56, 58, 60, 71, 74, 75, 76, 77, 78, 81, 82, 83, 84, 85, 87, 88, 89, 90, 92, 93, 94, 95, 98, 101, 102, 105, 106, 107, 108, 111, 112, 113, 114, 117, 118, 120, 122, 123, 124, 125, 128, 129, 130, 131, 134, 135, 136, 137, 140, 141, 142, 143, 155, 156, 158, 160, 161, 173, 176, 177, 178, 179, 182, 183, 187, 188, 191, 203, 216, 217, 220, 221, 224, 225, 247, 248, 260, 273, 274, 277, 278, 281, 282, 296, 300, 301, 302, 303, 304, 306], "summary": {"covered_lines": 104, "num_statements": 115, "percent_covered": 90.43478260869566, "percent_covered_display": "90", "missing_lines": 11, "excluded_lines": 0}, "missing_lines": [184, 189, 228, 229, 230, 231, 232, 233, 235, 284, 297], "excluded_lines": []}, "": {"executed_lines": [1, 7, 8, 9, 10, 11, 14, 15, 17, 23, 62, 145, 163, 193, 205, 237, 250, 262, 286], "summary": {"covered_lines": 17, "num_statements": 17, "percent_covered": 100.0, "percent_covered_display": "100", "missing_lines": 0, "excluded_lines": 0}, "missing_lines": [], "excluded_lines": []}}}, "app\\services\\quality_assessment_service.py": {"executed_lines": [1, 9, 10, 11, 12, 13, 14, 17, 18, 20, 22, 25, 31, 45, 48, 51, 54, 57, 59, 61, 75, 78, 81, 84, 86, 88, 102, 105, 108, 111, 113, 115, 125, 126, 127, 128, 129, 130, 132, 134, 148, 151, 152, 155, 156, 157, 158, 159, 161, 165, 166, 168, 170, 180, 182, 183, 184, 185, 186, 187, 188, 189, 191, 193, 194, 196, 197, 199, 201, 219, 220, 221, 224, 225, 226, 228, 231, 234, 235, 236, 237, 238, 243, 246, 247, 248, 250, 253, 256, 259, 262, 265, 267, 277, 288, 289, 290], "summary": {"covered_lines": 95, "num_statements": 104, "percent_covered": 91.34615384615384, "percent_covered_display": "91", "missing_lines": 9, "excluded_lines": 0}, "missing_lines": [160, 162, 190, 192, 227, 229, 241, 249, 251], "excluded_lines": [], "functions": {"QualityAssessmentService.__init__": {"executed_lines": [22, 25], "summary": {"covered_lines": 2, "num_statements": 2, "percent_covered": 100.0, "percent_covered_display": "100", "missing_lines": 0, "excluded_lines": 0}, "missing_lines": [], "excluded_lines": []}, "QualityAssessmentService.calculate_sharpness": {"executed_lines": [45, 48, 51, 54, 57, 59], "summary": {"covered_lines": 6, "num_statements": 6, "percent_covered": 100.0, "percent_covered_display": "100", "missing_lines": 0, "excluded_lines": 0}, "missing_lines": [], "excluded_lines": []}, "QualityAssessmentService.calculate_brightness": {"executed_lines": [75, 78, 81, 84, 86], "summary": {"covered_lines": 5, "num_statements": 5, "percent_covered": 100.0, "percent_covered_display": "100", "missing_lines": 0, "excluded_lines": 0}, "missing_lines": [], "excluded_lines": []}, "QualityAssessmentService.calculate_contrast": {"executed_lines": [102, 105, 108, 111, 113], "summary": {"covered_lines": 5, "num_statements": 5, "percent_covered": 100.0, "percent_covered_display": "100", "missing_lines": 0, "excluded_lines": 0}, "missing_lines": [], "excluded_lines": []}, "QualityAssessmentService._get_quality_grade": {"executed_lines": [125, 126, 127, 128, 129, 130, 132], "summary": {"covered_lines": 7, "num_statements": 7, "percent_covered": 100.0, "percent_covered_display": "100", "missing_lines": 0, "excluded_lines": 0}, "missing_lines": [], "excluded_lines": []}, "QualityAssessmentService._detect_issues": {"executed_lines": [148, 151, 152, 155, 156, 157, 158, 159, 161, 165, 166, 168], "summary": {"covered_lines": 12, "num_statements": 14, "percent_covered": 85.71428571428571, "percent_covered_display": "86", "missing_lines": 2, "excluded_lines": 0}, "missing_lines": [160, 162], "excluded_lines": []}, "QualityAssessmentService._generate_recommendations": {"executed_lines": [180, 182, 183, 184, 185, 186, 187, 188, 189, 191, 193, 194, 196, 197, 199], "summary": {"covered_lines": 15, "num_statements": 17, "percent_covered": 88.23529411764706, "percent_covered_display": "88", "missing_lines": 2, "excluded_lines": 0}, "missing_lines": [190, 192], "excluded_lines": []}, "QualityAssessmentService.assess_quality": {"executed_lines": [219, 220, 221, 224, 225, 226, 228, 231, 234, 235, 236, 237, 238, 243, 246, 247, 248, 250, 253, 256, 259, 262, 265, 267], "summary": {"covered_lines": 24, "num_statements": 29, "percent_covered": 82.75862068965517, "percent_covered_display": "83", "missing_lines": 5, "excluded_lines": 0}, "missing_lines": [227, 229, 241, 249, 251], "excluded_lines": []}, "QualityAssessmentService.download_image_from_s3": {"executed_lines": [288, 289, 290], "summary": {"covered_lines": 3, "num_statements": 3, "percent_covered": 100.0, "percent_covered_display": "100", "missing_lines": 0, "excluded_lines": 0}, "missing_lines": [], "excluded_lines": []}, "": {"executed_lines": [1, 9, 10, 11, 12, 13, 14, 17, 18, 20, 31, 61, 88, 115, 134, 170, 201, 277], "summary": {"covered_lines": 16, "num_statements": 16, "percent_covered": 100.0, "percent_covered_display": "100", "missing_lines": 0, "excluded_lines": 0}, "missing_lines": [], "excluded_lines": []}}, "classes": {"QualityAssessmentService": {"executed_lines": [22, 25, 45, 48, 51, 54, 57, 59, 75, 78, 81, 84, 86, 102, 105, 108, 111, 113, 125, 126, 127, 128, 129, 130, 132, 148, 151, 152, 155, 156, 157, 158, 159, 161, 165, 166, 168, 180, 182, 183, 184, 185, 186, 187, 188, 189, 191, 193, 194, 196, 197, 199, 219, 220, 221, 224, 225, 226, 228, 231, 234, 235, 236, 237, 238, 243, 246, 247, 248, 250, 253, 256, 259, 262, 265, 267, 288, 289, 290], "summary": {"covered_lines": 79, "num_statements": 88, "percent_covered": 89.77272727272727, "percent_covered_display": "90", "missing_lines": 9, "excluded_lines": 0}, "missing_lines": [160, 162, 190, 192, 227, 229, 241, 249, 251], "excluded_lines": []}, "": {"executed_lines": [1, 9, 10, 11, 12, 13, 14, 17, 18, 20, 31, 61, 88, 115, 134, 170, 201, 277], "summary": {"covered_lines": 16, "num_statements": 16, "percent_covered": 100.0, "percent_covered_display": "100", "missing_lines": 0, "excluded_lines": 0}, "missing_lines": [], "excluded_lines": []}}}, "app\\services\\rekognition_service.py": {"executed_lines": [1, 5, 6, 7, 10, 11, 13, 14, 15, 18, 19, 22, 65, 72, 73, 75, 89, 95, 96, 97, 98, 106, 108, 118, 127, 128, 129, 131, 132, 133, 134, 135, 137, 138, 140, 142, 152, 158, 159, 160, 161, 162, 164, 166, 176, 177, 185, 186, 189, 191], "summary": {"covered_lines": 47, "num_statements": 47, "percent_covered": 100.0, "percent_covered_display": "100", "missing_lines": 0, "excluded_lines": 0}, "missing_lines": [], "excluded_lines": [], "functions": {"RekognitionService.__init__": {"executed_lines": [72, 73], "summary": {"covered_lines": 2, "num_statements": 2, "percent_covered": 100.0, "percent_covered_display": "100", "missing_lines": 0, "excluded_lines": 0}, "missing_lines": [], "excluded_lines": []}, "RekognitionService.detect_labels_from_image": {"executed_lines": [89, 95, 96, 97, 98, 106], "summary": {"covered_lines": 6, "num_statements": 6, "percent_covered": 100.0, "percent_covered_display": "100", "missing_lines": 0, "excluded_lines": 0}, "missing_lines": [], "excluded_lines": []}, "RekognitionService.categorize_construction_labels": {"executed_lines": [118, 127, 128, 129, 131, 132, 133, 134, 135, 137, 138, 140], "summary": {"covered_lines": 12, "num_statements": 12, "percent_covered": 100.0, "percent_covered_display": "100", "missing_lines": 0, "excluded_lines": 0}, "missing_lines": [], "excluded_lines": []}, "RekognitionService.filter_construction_related": {"executed_lines": [152, 158, 159, 160, 161, 162, 164], "summary": {"covered_lines": 7, "num_statements": 7, "percent_covered": 100.0, "percent_covered_display": "100", "missing_lines": 0, "excluded_lines": 0}, "missing_lines": [], "excluded_lines": []}, "RekognitionService.create_image_label_summary": {"executed_lines": [176, 177, 185, 186, 189, 191], "summary": {"covered_lines": 6, "num_statements": 6, "percent_covered": 100.0, "percent_covered_display": "100", "missing_lines": 0, "excluded_lines": 0}, "missing_lines": [], "excluded_lines": []}, "": {"executed_lines": [1, 5, 6, 7, 10, 11, 13, 14, 15, 18, 19, 22, 65, 75, 108, 142, 166], "summary": {"covered_lines": 14, "num_statements": 14, "percent_covered": 100.0, "percent_covered_display": "100", "missing_lines": 0, "excluded_lines": 0}, "missing_lines": [], "excluded_lines": []}}, "classes": {"ImageLabel": {"executed_lines": [], "summary": {"covered_lines": 0, "num_statements": 0, "percent_covered": 100.0, "percent_covered_display": "100", "missing_lines": 0, "excluded_lines": 0}, "missing_lines": [], "excluded_lines": []}, "RekognitionService": {"executed_lines": [72, 73, 89, 95, 96, 97, 98, 106, 118, 127, 128, 129, 131, 132, 133, 134, 135, 137, 138, 140, 152, 158, 159, 160, 161, 162, 164, 176, 177, 185, 186, 189, 191], "summary": {"covered_lines": 33, "num_statements": 33, "percent_covered": 100.0, "percent_covered_display": "100", "missing_lines": 0, "excluded_lines": 0}, "missing_lines": [], "excluded_lines": []}, "": {"executed_lines": [1, 5, 6, 7, 10, 11, 13, 14, 15, 18, 19, 22, 65, 75, 108, 142, 166], "summary": {"covered_lines": 14, "num_statements": 14, "percent_covered": 100.0, "percent_covered_display": "100", "missing_lines": 0, "excluded_lines": 0}, "missing_lines": [], "excluded_lines": []}}}, "app\\services\\title_generation_service.py": {"executed_lines": [1, 9, 10, 11, 14, 15, 17, 20, 36, 46, 60, 61, 62, 65, 66, 67, 68, 69, 72, 74, 75, 77, 78, 80, 81, 82, 84, 86, 87, 89, 92, 95, 98, 100, 110, 111, 114, 117, 121, 122, 124, 126, 136, 138, 141, 148, 149, 150, 151, 152, 153, 156, 158, 170, 173, 176, 184, 185, 187, 188, 189, 193, 203, 205, 219, 223, 224, 227, 228, 230, 232, 245, 246, 247, 250, 251, 252, 257, 260, 261, 263, 264, 265, 267, 268, 269, 271, 272, 273, 275, 277, 278, 281, 282, 286], "summary": {"covered_lines": 93, "num_statements": 101, "percent_covered": 92.07920792079207, "percent_covered_display": "92", "missing_lines": 8, "excluded_lines": 0}, "missing_lines": [96, 118, 171, 191, 220, 253, 254, 284], "excluded_lines": [], "functions": {"TitleGenerationService.__init__": {"executed_lines": [20, 36], "summary": {"covered_lines": 2, "num_statements": 2, "percent_covered": 100.0, "percent_covered_display": "100", "missing_lines": 0, "excluded_lines": 0}, "missing_lines": [], "excluded_lines": []}, "TitleGenerationService.generate_title": {"executed_lines": [60, 61, 62, 65, 66, 67, 68, 69, 72, 74, 75, 77, 78, 80, 81, 82, 84, 86, 87, 89, 92, 95, 98], "summary": {"covered_lines": 23, "num_statements": 24, "percent_covered": 95.83333333333333, "percent_covered_display": "96", "missing_lines": 1, "excluded_lines": 0}, "missing_lines": [96], "excluded_lines": []}, "TitleGenerationService.format_station": {"executed_lines": [110, 111, 114, 117, 121, 122, 124], "summary": {"covered_lines": 7, "num_statements": 8, "percent_covered": 87.5, "percent_covered_display": "88", "missing_lines": 1, "excluded_lines": 0}, "missing_lines": [118], "excluded_lines": []}, "TitleGenerationService.format_date": {"executed_lines": [136, 138, 141, 148, 149, 150, 151, 152, 153, 156], "summary": {"covered_lines": 10, "num_statements": 10, "percent_covered": 100.0, "percent_covered_display": "100", "missing_lines": 0, "excluded_lines": 0}, "missing_lines": [], "excluded_lines": []}, "TitleGenerationService.infer_subject_from_classification": {"executed_lines": [170, 173, 176, 184, 185, 187, 188, 189], "summary": {"covered_lines": 8, "num_statements": 10, "percent_covered": 80.0, "percent_covered_display": "80", "missing_lines": 2, "excluded_lines": 0}, "missing_lines": [171, 191], "excluded_lines": []}, "TitleGenerationService.infer_subject_from_work_type": {"executed_lines": [203], "summary": {"covered_lines": 1, "num_statements": 1, "percent_covered": 100.0, "percent_covered_display": "100", "missing_lines": 0, "excluded_lines": 0}, "missing_lines": [], "excluded_lines": []}, "TitleGenerationService.validate_title": {"executed_lines": [219, 223, 224, 227, 228, 230], "summary": {"covered_lines": 6, "num_statements": 7, "percent_covered": 85.71428571428571, "percent_covered_display": "86", "missing_lines": 1, "excluded_lines": 0}, "missing_lines": [220], "excluded_lines": []}, "TitleGenerationService.generate_title_with_metadata": {"executed_lines": [245, 246, 247, 250, 251, 252, 257, 260, 261, 263, 264, 265, 267, 268, 269, 271, 272, 273, 275, 277, 278, 281, 282, 286], "summary": {"covered_lines": 24, "num_statements": 27, "percent_covered": 88.88888888888889, "percent_covered_display": "89", "missing_lines": 3, "excluded_lines": 0}, "missing_lines": [253, 254, 284], "excluded_lines": []}, "": {"executed_lines": [1, 9, 10, 11, 14, 15, 17, 46, 100, 126, 158, 193, 205, 232], "summary": {"covered_lines": 12, "num_statements": 12, "percent_covered": 100.0, "percent_covered_display": "100", "missing_lines": 0, "excluded_lines": 0}, "missing_lines": [], "excluded_lines": []}}, "classes": {"TitleGenerationService": {"executed_lines": [20, 36, 60, 61, 62, 65, 66, 67, 68, 69, 72, 74, 75, 77, 78, 80, 81, 82, 84, 86, 87, 89, 92, 95, 98, 110, 111, 114, 117, 121, 122, 124, 136, 138, 141, 148, 149, 150, 151, 152, 153, 156, 170, 173, 176, 184, 185, 187, 188, 189, 203, 219, 223, 224, 227, 228, 230, 245, 246, 247, 250, 251, 252, 257, 260, 261, 263, 264, 265, 267, 268, 269, 271, 272, 273, 275, 277, 278, 281, 282, 286], "summary": {"covered_lines": 81, "num_statements": 89, "percent_covered": 91.01123595505618, "percent_covered_display": "91", "missing_lines": 8, "excluded_lines": 0}, "missing_lines": [96, 118, 171, 191, 220, 253, 254, 284], "excluded_lines": []}, "": {"executed_lines": [1, 9, 10, 11, 14, 15, 17, 46, 100, 126, 158, 193, 205, 232], "summary": {"covered_lines": 12, "num_statements": 12, "percent_covered": 100.0, "percent_covered_display": "100", "missing_lines": 0, "excluded_lines": 0}, "missing_lines": [], "excluded_lines": []}}}}, "totals": {"covered_lines": 1480, "num_statements": 1858, "percent_covered": 79.65554359526372, "percent_covered_display": "80", "missing_lines": 378, "excluded_lines": 8}}